INFO - 2024-03-17 02:57:46 --> Session: Class initialized using 'CodeIgniter\Session\Handlers\FileHandler' driver.
INFO - 2024-03-17 02:59:21 --> Session: Class initialized using 'CodeIgniter\Session\Handlers\FileHandler' driver.
INFO - 2024-03-17 02:59:37 --> Session: Class initialized using 'CodeIgniter\Session\Handlers\FileHandler' driver.
INFO - 2024-03-17 03:00:03 --> Session: Class initialized using 'CodeIgniter\Session\Handlers\FileHandler' driver.
INFO - 2024-03-17 03:00:08 --> Session: Class initialized using 'CodeIgniter\Session\Handlers\FileHandler' driver.
INFO - 2024-03-17 03:00:08 --> Session: Class initialized using 'CodeIgniter\Session\Handlers\FileHandler' driver.
INFO - 2024-03-17 03:00:18 --> Session: Class initialized using 'CodeIgniter\Session\Handlers\FileHandler' driver.
INFO - 2024-03-17 03:00:18 --> Session: Class initialized using 'CodeIgniter\Session\Handlers\FileHandler' driver.
INFO - 2024-03-17 03:54:32 --> Session: Class initialized using 'CodeIgniter\Session\Handlers\FileHandler' driver.
INFO - 2024-03-17 03:54:36 --> Session: Class initialized using 'CodeIgniter\Session\Handlers\FileHandler' driver.
INFO - 2024-03-17 03:54:40 --> Session: Class initialized using 'CodeIgniter\Session\Handlers\FileHandler' driver.
INFO - 2024-03-17 03:54:40 --> Session: Class initialized using 'CodeIgniter\Session\Handlers\FileHandler' driver.
CRITICAL - 2024-03-17 03:54:41 --> CodeIgniter\View\Exceptions\ViewException: Invalid file: "templates/sidebar.php"
in SYSTEMPATH\Exceptions\FrameworkException.php on line 39.
 1 SYSTEMPATH\View\View.php(216): CodeIgniter\Exceptions\FrameworkException::forInvalidFile('templates/sidebar.php')
 2 SYSTEMPATH\View\View.php(469): CodeIgniter\View\View->render('templates/sidebar', null, true)
 3 APPPATH\Views\template\t_main.php(89): CodeIgniter\View\View->include('templates/sidebar')
 4 SYSTEMPATH\View\View.php(228): include('D:\\2023\\web-project-berita\\Project-Web-Berita\\app\\Views\\template\\t_main.php')
 5 SYSTEMPATH\View\View.php(231): CodeIgniter\View\View->CodeIgniter\View\{closure}()
 6 SYSTEMPATH\View\View.php(244): CodeIgniter\View\View->render('/template/t_main', [], true)
 7 SYSTEMPATH\Common.php(1178): CodeIgniter\View\View->render('/Dashboard/Home/index', [], true)
 8 APPPATH\Controllers\Home.php(22): view('/Dashboard/Home/index', [...])
 9 SYSTEMPATH\CodeIgniter.php(941): App\Controllers\Home->index()
10 SYSTEMPATH\CodeIgniter.php(502): CodeIgniter\CodeIgniter->runController(Object(App\Controllers\Home))
11 SYSTEMPATH\CodeIgniter.php(361): CodeIgniter\CodeIgniter->handleRequest(null, Object(Config\Cache), false)
12 FCPATH\index.php(79): CodeIgniter\CodeIgniter->run()
13 SYSTEMPATH\Commands\Server\rewrite.php(47): require_once('D:\\2023\\web-project-berita\\Project-Web-Berita\\public\\index.php')
INFO - 2024-03-17 03:56:49 --> Session: Class initialized using 'CodeIgniter\Session\Handlers\FileHandler' driver.
INFO - 2024-03-17 03:57:58 --> Session: Class initialized using 'CodeIgniter\Session\Handlers\FileHandler' driver.
INFO - 2024-03-17 03:58:00 --> Session: Class initialized using 'CodeIgniter\Session\Handlers\FileHandler' driver.
INFO - 2024-03-17 03:58:22 --> Session: Class initialized using 'CodeIgniter\Session\Handlers\FileHandler' driver.
INFO - 2024-03-17 03:58:24 --> Session: Class initialized using 'CodeIgniter\Session\Handlers\FileHandler' driver.
INFO - 2024-03-17 03:58:38 --> Session: Class initialized using 'CodeIgniter\Session\Handlers\FileHandler' driver.
INFO - 2024-03-17 03:59:32 --> Session: Class initialized using 'CodeIgniter\Session\Handlers\FileHandler' driver.
INFO - 2024-03-17 03:59:41 --> Session: Class initialized using 'CodeIgniter\Session\Handlers\FileHandler' driver.
INFO - 2024-03-17 04:07:14 --> Session: Class initialized using 'CodeIgniter\Session\Handlers\FileHandler' driver.
INFO - 2024-03-17 04:09:04 --> Session: Class initialized using 'CodeIgniter\Session\Handlers\FileHandler' driver.
INFO - 2024-03-17 04:09:07 --> Session: Class initialized using 'CodeIgniter\Session\Handlers\FileHandler' driver.
INFO - 2024-03-17 04:09:08 --> Session: Class initialized using 'CodeIgniter\Session\Handlers\FileHandler' driver.
INFO - 2024-03-17 04:09:11 --> Session: Class initialized using 'CodeIgniter\Session\Handlers\FileHandler' driver.
INFO - 2024-03-17 04:09:16 --> Session: Class initialized using 'CodeIgniter\Session\Handlers\FileHandler' driver.
INFO - 2024-03-17 04:09:20 --> Session: Class initialized using 'CodeIgniter\Session\Handlers\FileHandler' driver.
INFO - 2024-03-17 04:09:20 --> Session: Class initialized using 'CodeIgniter\Session\Handlers\FileHandler' driver.
INFO - 2024-03-17 04:23:39 --> Session: Class initialized using 'CodeIgniter\Session\Handlers\FileHandler' driver.
INFO - 2024-03-17 04:30:53 --> Session: Class initialized using 'CodeIgniter\Session\Handlers\FileHandler' driver.
CRITICAL - 2024-03-17 04:30:53 --> ErrorException: Undefined array key "id"
in APPPATH\Views\Dashboard\Admin\users.php on line 24.
 1 APPPATH\Views\Dashboard\Admin\users.php(24): CodeIgniter\Debug\Exceptions->errorHandler(2, 'Undefined array key "id"', 'D:\\2023\\web-project-berita\\Project-Web-Berita\\app\\Views\\Dashboard\\Admin\\users.php', 24)
 2 SYSTEMPATH\View\View.php(228): include('D:\\2023\\web-project-berita\\Project-Web-Berita\\app\\Views\\Dashboard\\Admin\\users.php')
 3 SYSTEMPATH\View\View.php(231): CodeIgniter\View\View->CodeIgniter\View\{closure}()
 4 SYSTEMPATH\Common.php(1178): CodeIgniter\View\View->render('/Dashboard/Admin/users', [], true)
 5 APPPATH\Controllers\Admin.php(35): view('/Dashboard/Admin/users', [...])
 6 SYSTEMPATH\CodeIgniter.php(941): App\Controllers\Admin->users()
 7 SYSTEMPATH\CodeIgniter.php(502): CodeIgniter\CodeIgniter->runController(Object(App\Controllers\Admin))
 8 SYSTEMPATH\CodeIgniter.php(361): CodeIgniter\CodeIgniter->handleRequest(null, Object(Config\Cache), false)
 9 FCPATH\index.php(79): CodeIgniter\CodeIgniter->run()
10 SYSTEMPATH\Commands\Server\rewrite.php(47): require_once('D:\\2023\\web-project-berita\\Project-Web-Berita\\public\\index.php')
INFO - 2024-03-17 04:35:25 --> Session: Class initialized using 'CodeIgniter\Session\Handlers\FileHandler' driver.
CRITICAL - 2024-03-17 04:35:25 --> ErrorException: Undefined array key "phone"
in APPPATH\Views\Dashboard\Admin\users.php on line 26.
 1 APPPATH\Views\Dashboard\Admin\users.php(26): CodeIgniter\Debug\Exceptions->errorHandler(2, 'Undefined array key "phone"', 'D:\\2023\\web-project-berita\\Project-Web-Berita\\app\\Views\\Dashboard\\Admin\\users.php', 26)
 2 SYSTEMPATH\View\View.php(228): include('D:\\2023\\web-project-berita\\Project-Web-Berita\\app\\Views\\Dashboard\\Admin\\users.php')
 3 SYSTEMPATH\View\View.php(231): CodeIgniter\View\View->CodeIgniter\View\{closure}()
 4 SYSTEMPATH\Common.php(1178): CodeIgniter\View\View->render('/Dashboard/Admin/users', [], true)
 5 APPPATH\Controllers\Admin.php(35): view('/Dashboard/Admin/users', [...])
 6 SYSTEMPATH\CodeIgniter.php(941): App\Controllers\Admin->users()
 7 SYSTEMPATH\CodeIgniter.php(502): CodeIgniter\CodeIgniter->runController(Object(App\Controllers\Admin))
 8 SYSTEMPATH\CodeIgniter.php(361): CodeIgniter\CodeIgniter->handleRequest(null, Object(Config\Cache), false)
 9 FCPATH\index.php(79): CodeIgniter\CodeIgniter->run()
10 SYSTEMPATH\Commands\Server\rewrite.php(47): require_once('D:\\2023\\web-project-berita\\Project-Web-Berita\\public\\index.php')
INFO - 2024-03-17 04:35:42 --> Session: Class initialized using 'CodeIgniter\Session\Handlers\FileHandler' driver.
CRITICAL - 2024-03-17 04:35:42 --> ErrorException: Undefined array key "id"
in APPPATH\Views\Dashboard\Admin\users.php on line 30.
 1 APPPATH\Views\Dashboard\Admin\users.php(30): CodeIgniter\Debug\Exceptions->errorHandler(2, 'Undefined array key "id"', 'D:\\2023\\web-project-berita\\Project-Web-Berita\\app\\Views\\Dashboard\\Admin\\users.php', 30)
 2 SYSTEMPATH\View\View.php(228): include('D:\\2023\\web-project-berita\\Project-Web-Berita\\app\\Views\\Dashboard\\Admin\\users.php')
 3 SYSTEMPATH\View\View.php(231): CodeIgniter\View\View->CodeIgniter\View\{closure}()
 4 SYSTEMPATH\Common.php(1178): CodeIgniter\View\View->render('/Dashboard/Admin/users', [], true)
 5 APPPATH\Controllers\Admin.php(35): view('/Dashboard/Admin/users', [...])
 6 SYSTEMPATH\CodeIgniter.php(941): App\Controllers\Admin->users()
 7 SYSTEMPATH\CodeIgniter.php(502): CodeIgniter\CodeIgniter->runController(Object(App\Controllers\Admin))
 8 SYSTEMPATH\CodeIgniter.php(361): CodeIgniter\CodeIgniter->handleRequest(null, Object(Config\Cache), false)
 9 FCPATH\index.php(79): CodeIgniter\CodeIgniter->run()
10 SYSTEMPATH\Commands\Server\rewrite.php(47): require_once('D:\\2023\\web-project-berita\\Project-Web-Berita\\public\\index.php')
INFO - 2024-03-17 04:36:02 --> Session: Class initialized using 'CodeIgniter\Session\Handlers\FileHandler' driver.
INFO - 2024-03-17 04:36:47 --> Session: Class initialized using 'CodeIgniter\Session\Handlers\FileHandler' driver.
INFO - 2024-03-17 04:40:37 --> Session: Class initialized using 'CodeIgniter\Session\Handlers\FileHandler' driver.
INFO - 2024-03-17 04:41:41 --> Session: Class initialized using 'CodeIgniter\Session\Handlers\FileHandler' driver.
INFO - 2024-03-17 04:42:49 --> Session: Class initialized using 'CodeIgniter\Session\Handlers\FileHandler' driver.
INFO - 2024-03-17 04:44:06 --> Session: Class initialized using 'CodeIgniter\Session\Handlers\FileHandler' driver.
INFO - 2024-03-17 04:44:54 --> Session: Class initialized using 'CodeIgniter\Session\Handlers\FileHandler' driver.
INFO - 2024-03-17 04:44:55 --> Session: Class initialized using 'CodeIgniter\Session\Handlers\FileHandler' driver.
INFO - 2024-03-17 04:44:58 --> Session: Class initialized using 'CodeIgniter\Session\Handlers\FileHandler' driver.
INFO - 2024-03-17 04:45:20 --> Session: Class initialized using 'CodeIgniter\Session\Handlers\FileHandler' driver.
INFO - 2024-03-17 04:45:20 --> Session: Class initialized using 'CodeIgniter\Session\Handlers\FileHandler' driver.
INFO - 2024-03-17 04:45:32 --> Session: Class initialized using 'CodeIgniter\Session\Handlers\FileHandler' driver.
INFO - 2024-03-17 04:45:33 --> Session: Class initialized using 'CodeIgniter\Session\Handlers\FileHandler' driver.
INFO - 2024-03-17 04:46:57 --> Session: Class initialized using 'CodeIgniter\Session\Handlers\FileHandler' driver.
INFO - 2024-03-17 04:47:16 --> Session: Class initialized using 'CodeIgniter\Session\Handlers\FileHandler' driver.
INFO - 2024-03-17 04:47:16 --> Session: Class initialized using 'CodeIgniter\Session\Handlers\FileHandler' driver.
INFO - 2024-03-17 04:47:26 --> Session: Class initialized using 'CodeIgniter\Session\Handlers\FileHandler' driver.
INFO - 2024-03-17 04:47:36 --> Session: Class initialized using 'CodeIgniter\Session\Handlers\FileHandler' driver.
INFO - 2024-03-17 04:47:36 --> Session: Class initialized using 'CodeIgniter\Session\Handlers\FileHandler' driver.
INFO - 2024-03-17 04:48:39 --> Session: Class initialized using 'CodeIgniter\Session\Handlers\FileHandler' driver.
INFO - 2024-03-17 04:48:39 --> Session: Class initialized using 'CodeIgniter\Session\Handlers\FileHandler' driver.
INFO - 2024-03-17 04:48:43 --> Session: Class initialized using 'CodeIgniter\Session\Handlers\FileHandler' driver.
INFO - 2024-03-17 04:49:00 --> Session: Class initialized using 'CodeIgniter\Session\Handlers\FileHandler' driver.
INFO - 2024-03-17 04:49:00 --> Session: Class initialized using 'CodeIgniter\Session\Handlers\FileHandler' driver.
INFO - 2024-03-17 04:49:21 --> Session: Class initialized using 'CodeIgniter\Session\Handlers\FileHandler' driver.
INFO - 2024-03-17 04:49:22 --> Session: Class initialized using 'CodeIgniter\Session\Handlers\FileHandler' driver.
INFO - 2024-03-17 04:49:29 --> Session: Class initialized using 'CodeIgniter\Session\Handlers\FileHandler' driver.
INFO - 2024-03-17 04:49:30 --> Session: Class initialized using 'CodeIgniter\Session\Handlers\FileHandler' driver.
INFO - 2024-03-17 04:51:58 --> Session: Class initialized using 'CodeIgniter\Session\Handlers\FileHandler' driver.
INFO - 2024-03-17 04:51:59 --> Session: Class initialized using 'CodeIgniter\Session\Handlers\FileHandler' driver.
INFO - 2024-03-17 04:52:17 --> Session: Class initialized using 'CodeIgniter\Session\Handlers\FileHandler' driver.
INFO - 2024-03-17 04:52:25 --> Session: Class initialized using 'CodeIgniter\Session\Handlers\FileHandler' driver.
INFO - 2024-03-17 05:14:43 --> Session: Class initialized using 'CodeIgniter\Session\Handlers\FileHandler' driver.
INFO - 2024-03-17 05:14:47 --> Session: Class initialized using 'CodeIgniter\Session\Handlers\FileHandler' driver.
INFO - 2024-03-17 05:15:26 --> Session: Class initialized using 'CodeIgniter\Session\Handlers\FileHandler' driver.
INFO - 2024-03-17 05:16:07 --> Session: Class initialized using 'CodeIgniter\Session\Handlers\FileHandler' driver.
INFO - 2024-03-17 05:16:35 --> Session: Class initialized using 'CodeIgniter\Session\Handlers\FileHandler' driver.
INFO - 2024-03-17 06:00:01 --> Session: Class initialized using 'CodeIgniter\Session\Handlers\FileHandler' driver.
INFO - 2024-03-17 06:09:45 --> Session: Class initialized using 'CodeIgniter\Session\Handlers\FileHandler' driver.
INFO - 2024-03-17 06:09:49 --> Session: Class initialized using 'CodeIgniter\Session\Handlers\FileHandler' driver.
INFO - 2024-03-17 06:10:16 --> Session: Class initialized using 'CodeIgniter\Session\Handlers\FileHandler' driver.
INFO - 2024-03-17 06:10:19 --> Session: Class initialized using 'CodeIgniter\Session\Handlers\FileHandler' driver.
INFO - 2024-03-17 06:10:33 --> Session: Class initialized using 'CodeIgniter\Session\Handlers\FileHandler' driver.
INFO - 2024-03-17 06:10:33 --> Session: Class initialized using 'CodeIgniter\Session\Handlers\FileHandler' driver.
CRITICAL - 2024-03-17 06:10:33 --> ErrorException: Array to string conversion
in APPPATH\Views\template\t_main.php on line 179.
 1 APPPATH\Views\template\t_main.php(179): CodeIgniter\Debug\Exceptions->errorHandler(2, 'Array to string conversion', 'D:\\2023\\web-project-berita\\Project-Web-Berita\\app\\Views\\template\\t_main.php', 179)
 2 SYSTEMPATH\View\View.php(228): include('D:\\2023\\web-project-berita\\Project-Web-Berita\\app\\Views\\template\\t_main.php')
 3 SYSTEMPATH\View\View.php(231): CodeIgniter\View\View->CodeIgniter\View\{closure}()
 4 SYSTEMPATH\View\View.php(244): CodeIgniter\View\View->render('template/t_main', [], true)
 5 SYSTEMPATH\Common.php(1178): CodeIgniter\View\View->render('/Dashboard/Admin/tambah_users', [], true)
 6 APPPATH\Controllers\Admin.php(44): view('/Dashboard/Admin/tambah_users', [...])
 7 SYSTEMPATH\CodeIgniter.php(941): App\Controllers\Admin->tambah_users()
 8 SYSTEMPATH\CodeIgniter.php(502): CodeIgniter\CodeIgniter->runController(Object(App\Controllers\Admin))
 9 SYSTEMPATH\CodeIgniter.php(361): CodeIgniter\CodeIgniter->handleRequest(null, Object(Config\Cache), false)
10 FCPATH\index.php(79): CodeIgniter\CodeIgniter->run()
11 SYSTEMPATH\Commands\Server\rewrite.php(47): require_once('D:\\2023\\web-project-berita\\Project-Web-Berita\\public\\index.php')
INFO - 2024-03-17 06:13:02 --> Session: Class initialized using 'CodeIgniter\Session\Handlers\FileHandler' driver.
INFO - 2024-03-17 06:13:05 --> Session: Class initialized using 'CodeIgniter\Session\Handlers\FileHandler' driver.
INFO - 2024-03-17 06:13:05 --> Session: Class initialized using 'CodeIgniter\Session\Handlers\FileHandler' driver.
INFO - 2024-03-17 06:13:11 --> Session: Class initialized using 'CodeIgniter\Session\Handlers\FileHandler' driver.
ERROR - 2024-03-17 06:13:11 --> mysqli_sql_exception: Table 'db_news.users' doesn't exist in D:\2023\web-project-berita\Project-Web-Berita\vendor\codeigniter4\framework\system\Database\MySQLi\Connection.php:306
Stack trace:
#0 D:\2023\web-project-berita\Project-Web-Berita\vendor\codeigniter4\framework\system\Database\MySQLi\Connection.php(306): mysqli->query('SELECT 1\nFROM `...', 0)
#1 D:\2023\web-project-berita\Project-Web-Berita\vendor\codeigniter4\framework\system\Database\BaseConnection.php(693): CodeIgniter\Database\MySQLi\Connection->execute('SELECT 1\nFROM `...')
#2 D:\2023\web-project-berita\Project-Web-Berita\vendor\codeigniter4\framework\system\Database\BaseConnection.php(607): CodeIgniter\Database\BaseConnection->simpleQuery('SELECT 1\nFROM `...')
#3 D:\2023\web-project-berita\Project-Web-Berita\vendor\codeigniter4\framework\system\Database\BaseBuilder.php(1616): CodeIgniter\Database\BaseConnection->query('SELECT 1\nFROM `...', Array, false)
#4 D:\2023\web-project-berita\Project-Web-Berita\vendor\codeigniter4\framework\system\Validation\StrictRules\Rules.php(227): CodeIgniter\Database\BaseBuilder->get()
#5 D:\2023\web-project-berita\Project-Web-Berita\vendor\codeigniter4\framework\system\Validation\Validation.php(328): CodeIgniter\Validation\StrictRules\Rules->is_unique('a', 'username', Array, NULL, 'username')
#6 D:\2023\web-project-berita\Project-Web-Berita\vendor\codeigniter4\framework\system\Validation\Validation.php(200): CodeIgniter\Validation\Validation->processRules('username', 'username', 'a', Array, Array)
#7 D:\2023\web-project-berita\Project-Web-Berita\vendor\codeigniter4\framework\system\Controller.php(152): CodeIgniter\Validation\Validation->run()
#8 D:\2023\web-project-berita\Project-Web-Berita\app\Controllers\Admin.php(57): CodeIgniter\Controller->validate(Array)
#9 D:\2023\web-project-berita\Project-Web-Berita\vendor\codeigniter4\framework\system\CodeIgniter.php(941): App\Controllers\Admin->save_user()
#10 D:\2023\web-project-berita\Project-Web-Berita\vendor\codeigniter4\framework\system\CodeIgniter.php(502): CodeIgniter\CodeIgniter->runController(Object(App\Controllers\Admin))
#11 D:\2023\web-project-berita\Project-Web-Berita\vendor\codeigniter4\framework\system\CodeIgniter.php(361): CodeIgniter\CodeIgniter->handleRequest(NULL, Object(Config\Cache), false)
#12 D:\2023\web-project-berita\Project-Web-Berita\public\index.php(79): CodeIgniter\CodeIgniter->run()
#13 D:\2023\web-project-berita\Project-Web-Berita\vendor\codeigniter4\framework\system\Commands\Server\rewrite.php(47): require_once('D:\\2023\\web-pro...')
#14 {main}
CRITICAL - 2024-03-17 06:13:11 --> CodeIgniter\Database\Exceptions\DatabaseException: Table 'db_news.users' doesn't exist
in SYSTEMPATH\Database\BaseConnection.php on line 647.
 1 SYSTEMPATH\Database\BaseBuilder.php(1616): CodeIgniter\Database\BaseConnection->query('SELECT 1
FROM `users`
WHERE `username` = :username:
 LIMIT 1', [...], false)
 2 SYSTEMPATH\Validation\StrictRules\Rules.php(227): CodeIgniter\Database\BaseBuilder->get()
 3 SYSTEMPATH\Validation\Validation.php(328): CodeIgniter\Validation\StrictRules\Rules->is_unique('a', 'username', [...], null, 'username')
 4 SYSTEMPATH\Validation\Validation.php(200): CodeIgniter\Validation\Validation->processRules('username', 'username', 'a', [...], [...])
 5 SYSTEMPATH\Controller.php(152): CodeIgniter\Validation\Validation->run()
 6 APPPATH\Controllers\Admin.php(57): CodeIgniter\Controller->validate([...])
 7 SYSTEMPATH\CodeIgniter.php(941): App\Controllers\Admin->save_user()
 8 SYSTEMPATH\CodeIgniter.php(502): CodeIgniter\CodeIgniter->runController(Object(App\Controllers\Admin))
 9 SYSTEMPATH\CodeIgniter.php(361): CodeIgniter\CodeIgniter->handleRequest(null, Object(Config\Cache), false)
10 FCPATH\index.php(79): CodeIgniter\CodeIgniter->run()
11 SYSTEMPATH\Commands\Server\rewrite.php(47): require_once('D:\\2023\\web-project-berita\\Project-Web-Berita\\public\\index.php')
CRITICAL - 2024-03-17 06:13:11 --> [Caused by] CodeIgniter\Database\Exceptions\DatabaseException: Table 'db_news.users' doesn't exist
in SYSTEMPATH\Database\MySQLi\Connection.php on line 311.
 1 SYSTEMPATH\Database\BaseConnection.php(693): CodeIgniter\Database\MySQLi\Connection->execute('SELECT 1
FROM `users`
WHERE `username` = \'a\'
 LIMIT 1')
 2 SYSTEMPATH\Database\BaseConnection.php(607): CodeIgniter\Database\BaseConnection->simpleQuery('SELECT 1
FROM `users`
WHERE `username` = \'a\'
 LIMIT 1')
 3 SYSTEMPATH\Database\BaseBuilder.php(1616): CodeIgniter\Database\BaseConnection->query('SELECT 1
FROM `users`
WHERE `username` = :username:
 LIMIT 1', [...], false)
 4 SYSTEMPATH\Validation\StrictRules\Rules.php(227): CodeIgniter\Database\BaseBuilder->get()
 5 SYSTEMPATH\Validation\Validation.php(328): CodeIgniter\Validation\StrictRules\Rules->is_unique('a', 'username', [...], null, 'username')
 6 SYSTEMPATH\Validation\Validation.php(200): CodeIgniter\Validation\Validation->processRules('username', 'username', 'a', [...], [...])
 7 SYSTEMPATH\Controller.php(152): CodeIgniter\Validation\Validation->run()
 8 APPPATH\Controllers\Admin.php(57): CodeIgniter\Controller->validate([...])
 9 SYSTEMPATH\CodeIgniter.php(941): App\Controllers\Admin->save_user()
10 SYSTEMPATH\CodeIgniter.php(502): CodeIgniter\CodeIgniter->runController(Object(App\Controllers\Admin))
11 SYSTEMPATH\CodeIgniter.php(361): CodeIgniter\CodeIgniter->handleRequest(null, Object(Config\Cache), false)
12 FCPATH\index.php(79): CodeIgniter\CodeIgniter->run()
13 SYSTEMPATH\Commands\Server\rewrite.php(47): require_once('D:\\2023\\web-project-berita\\Project-Web-Berita\\public\\index.php')
CRITICAL - 2024-03-17 06:13:11 --> [Caused by] mysqli_sql_exception: Table 'db_news.users' doesn't exist
in SYSTEMPATH\Database\MySQLi\Connection.php on line 306.
 1 SYSTEMPATH\Database\MySQLi\Connection.php(306): mysqli->query('SELECT 1
FROM `users`
WHERE `username` = \'a\'
 LIMIT 1', 0)
 2 SYSTEMPATH\Database\BaseConnection.php(693): CodeIgniter\Database\MySQLi\Connection->execute('SELECT 1
FROM `users`
WHERE `username` = \'a\'
 LIMIT 1')
 3 SYSTEMPATH\Database\BaseConnection.php(607): CodeIgniter\Database\BaseConnection->simpleQuery('SELECT 1
FROM `users`
WHERE `username` = \'a\'
 LIMIT 1')
 4 SYSTEMPATH\Database\BaseBuilder.php(1616): CodeIgniter\Database\BaseConnection->query('SELECT 1
FROM `users`
WHERE `username` = :username:
 LIMIT 1', [...], false)
 5 SYSTEMPATH\Validation\StrictRules\Rules.php(227): CodeIgniter\Database\BaseBuilder->get()
 6 SYSTEMPATH\Validation\Validation.php(328): CodeIgniter\Validation\StrictRules\Rules->is_unique('a', 'username', [...], null, 'username')
 7 SYSTEMPATH\Validation\Validation.php(200): CodeIgniter\Validation\Validation->processRules('username', 'username', 'a', [...], [...])
 8 SYSTEMPATH\Controller.php(152): CodeIgniter\Validation\Validation->run()
 9 APPPATH\Controllers\Admin.php(57): CodeIgniter\Controller->validate([...])
10 SYSTEMPATH\CodeIgniter.php(941): App\Controllers\Admin->save_user()
11 SYSTEMPATH\CodeIgniter.php(502): CodeIgniter\CodeIgniter->runController(Object(App\Controllers\Admin))
12 SYSTEMPATH\CodeIgniter.php(361): CodeIgniter\CodeIgniter->handleRequest(null, Object(Config\Cache), false)
13 FCPATH\index.php(79): CodeIgniter\CodeIgniter->run()
14 SYSTEMPATH\Commands\Server\rewrite.php(47): require_once('D:\\2023\\web-project-berita\\Project-Web-Berita\\public\\index.php')
INFO - 2024-03-17 06:14:26 --> Session: Class initialized using 'CodeIgniter\Session\Handlers\FileHandler' driver.
INFO - 2024-03-17 06:14:27 --> Session: Class initialized using 'CodeIgniter\Session\Handlers\FileHandler' driver.
INFO - 2024-03-17 06:14:29 --> Session: Class initialized using 'CodeIgniter\Session\Handlers\FileHandler' driver.
INFO - 2024-03-17 06:14:30 --> Session: Class initialized using 'CodeIgniter\Session\Handlers\FileHandler' driver.
INFO - 2024-03-17 06:14:40 --> Session: Class initialized using 'CodeIgniter\Session\Handlers\FileHandler' driver.
INFO - 2024-03-17 06:14:40 --> Session: Class initialized using 'CodeIgniter\Session\Handlers\FileHandler' driver.
INFO - 2024-03-17 06:17:20 --> Session: Class initialized using 'CodeIgniter\Session\Handlers\FileHandler' driver.
INFO - 2024-03-17 06:17:20 --> Session: Class initialized using 'CodeIgniter\Session\Handlers\FileHandler' driver.
INFO - 2024-03-17 06:17:23 --> Session: Class initialized using 'CodeIgniter\Session\Handlers\FileHandler' driver.
INFO - 2024-03-17 06:17:23 --> Session: Class initialized using 'CodeIgniter\Session\Handlers\FileHandler' driver.
INFO - 2024-03-17 06:20:35 --> Session: Class initialized using 'CodeIgniter\Session\Handlers\FileHandler' driver.
INFO - 2024-03-17 06:20:40 --> Session: Class initialized using 'CodeIgniter\Session\Handlers\FileHandler' driver.
INFO - 2024-03-17 06:20:40 --> Session: Class initialized using 'CodeIgniter\Session\Handlers\FileHandler' driver.
INFO - 2024-03-17 06:21:10 --> Session: Class initialized using 'CodeIgniter\Session\Handlers\FileHandler' driver.
INFO - 2024-03-17 06:21:11 --> Session: Class initialized using 'CodeIgniter\Session\Handlers\FileHandler' driver.
INFO - 2024-03-17 06:25:50 --> Session: Class initialized using 'CodeIgniter\Session\Handlers\FileHandler' driver.
INFO - 2024-03-17 06:25:53 --> Session: Class initialized using 'CodeIgniter\Session\Handlers\FileHandler' driver.
INFO - 2024-03-17 06:25:53 --> Session: Class initialized using 'CodeIgniter\Session\Handlers\FileHandler' driver.
INFO - 2024-03-17 06:28:36 --> Session: Class initialized using 'CodeIgniter\Session\Handlers\FileHandler' driver.
INFO - 2024-03-17 06:28:58 --> Session: Class initialized using 'CodeIgniter\Session\Handlers\FileHandler' driver.
CRITICAL - 2024-03-17 06:28:58 --> Error: Call to a member function insertID() on null
in SYSTEMPATH\Model.php on line 331.
 1 SYSTEMPATH\BaseModel.php(802): CodeIgniter\Model->doInsert([...])
 2 SYSTEMPATH\Model.php(744): CodeIgniter\BaseModel->insert([...], true)
 3 APPPATH\Controllers\Admin.php(73): CodeIgniter\Model->insert([...])
 4 SYSTEMPATH\CodeIgniter.php(941): App\Controllers\Admin->save_user()
 5 SYSTEMPATH\CodeIgniter.php(502): CodeIgniter\CodeIgniter->runController(Object(App\Controllers\Admin))
 6 SYSTEMPATH\CodeIgniter.php(361): CodeIgniter\CodeIgniter->handleRequest(null, Object(Config\Cache), false)
 7 FCPATH\index.php(79): CodeIgniter\CodeIgniter->run()
 8 SYSTEMPATH\Commands\Server\rewrite.php(47): require_once('D:\\2023\\web-project-berita\\Project-Web-Berita\\public\\index.php')
INFO - 2024-03-17 06:30:13 --> Session: Class initialized using 'CodeIgniter\Session\Handlers\FileHandler' driver.
INFO - 2024-03-17 06:30:13 --> Session: Class initialized using 'CodeIgniter\Session\Handlers\FileHandler' driver.
INFO - 2024-03-17 06:30:16 --> Session: Class initialized using 'CodeIgniter\Session\Handlers\FileHandler' driver.
INFO - 2024-03-17 06:30:16 --> Session: Class initialized using 'CodeIgniter\Session\Handlers\FileHandler' driver.
INFO - 2024-03-17 06:30:55 --> Session: Class initialized using 'CodeIgniter\Session\Handlers\FileHandler' driver.
INFO - 2024-03-17 06:30:55 --> Session: Class initialized using 'CodeIgniter\Session\Handlers\FileHandler' driver.
INFO - 2024-03-17 06:33:30 --> Session: Class initialized using 'CodeIgniter\Session\Handlers\FileHandler' driver.
INFO - 2024-03-17 06:33:32 --> Session: Class initialized using 'CodeIgniter\Session\Handlers\FileHandler' driver.
INFO - 2024-03-17 06:33:33 --> Session: Class initialized using 'CodeIgniter\Session\Handlers\FileHandler' driver.
INFO - 2024-03-17 06:33:36 --> Session: Class initialized using 'CodeIgniter\Session\Handlers\FileHandler' driver.
INFO - 2024-03-17 06:34:03 --> Session: Class initialized using 'CodeIgniter\Session\Handlers\FileHandler' driver.
INFO - 2024-03-17 06:34:10 --> Session: Class initialized using 'CodeIgniter\Session\Handlers\FileHandler' driver.
INFO - 2024-03-17 06:34:10 --> Session: Class initialized using 'CodeIgniter\Session\Handlers\FileHandler' driver.
INFO - 2024-03-17 06:34:45 --> Session: Class initialized using 'CodeIgniter\Session\Handlers\FileHandler' driver.
INFO - 2024-03-17 06:34:51 --> Session: Class initialized using 'CodeIgniter\Session\Handlers\FileHandler' driver.
INFO - 2024-03-17 06:34:52 --> Session: Class initialized using 'CodeIgniter\Session\Handlers\FileHandler' driver.
INFO - 2024-03-17 06:34:57 --> Session: Class initialized using 'CodeIgniter\Session\Handlers\FileHandler' driver.
INFO - 2024-03-17 06:34:57 --> Session: Class initialized using 'CodeIgniter\Session\Handlers\FileHandler' driver.
INFO - 2024-03-17 06:35:20 --> Session: Class initialized using 'CodeIgniter\Session\Handlers\FileHandler' driver.
INFO - 2024-03-17 06:35:46 --> Session: Class initialized using 'CodeIgniter\Session\Handlers\FileHandler' driver.
INFO - 2024-03-17 06:36:46 --> Session: Class initialized using 'CodeIgniter\Session\Handlers\FileHandler' driver.
INFO - 2024-03-17 06:36:49 --> Session: Class initialized using 'CodeIgniter\Session\Handlers\FileHandler' driver.
INFO - 2024-03-17 06:43:07 --> Session: Class initialized using 'CodeIgniter\Session\Handlers\FileHandler' driver.
CRITICAL - 2024-03-17 06:43:07 --> TypeError: CodeIgniter\Database\BaseResult::getFirstRow(): Argument #1 ($type) must be of type string, null given, called in D:\2023\web-project-berita\Project-Web-Berita\vendor\codeigniter4\framework\system\Model.php on line 200
in SYSTEMPATH\Database\BaseResult.php on line 399.
 1 SYSTEMPATH\Model.php(200): CodeIgniter\Database\BaseResult->getFirstRow(null)
 2 SYSTEMPATH\BaseModel.php(577): CodeIgniter\Model->doFind(true, '24')
 3 APPPATH\Controllers\Admin.php(85): CodeIgniter\BaseModel->find('24')
 4 SYSTEMPATH\CodeIgniter.php(941): App\Controllers\Admin->delete_user('24')
 5 SYSTEMPATH\CodeIgniter.php(502): CodeIgniter\CodeIgniter->runController(Object(App\Controllers\Admin))
 6 SYSTEMPATH\CodeIgniter.php(361): CodeIgniter\CodeIgniter->handleRequest(null, Object(Config\Cache), false)
 7 FCPATH\index.php(79): CodeIgniter\CodeIgniter->run()
 8 SYSTEMPATH\Commands\Server\rewrite.php(47): require_once('D:\\2023\\web-project-berita\\Project-Web-Berita\\public\\index.php')
INFO - 2024-03-17 06:43:14 --> Session: Class initialized using 'CodeIgniter\Session\Handlers\FileHandler' driver.
INFO - 2024-03-17 06:48:06 --> Session: Class initialized using 'CodeIgniter\Session\Handlers\FileHandler' driver.
INFO - 2024-03-17 06:48:11 --> Session: Class initialized using 'CodeIgniter\Session\Handlers\FileHandler' driver.
INFO - 2024-03-17 06:48:11 --> Session: Class initialized using 'CodeIgniter\Session\Handlers\FileHandler' driver.
INFO - 2024-03-17 06:48:18 --> Session: Class initialized using 'CodeIgniter\Session\Handlers\FileHandler' driver.
INFO - 2024-03-17 06:48:18 --> Session: Class initialized using 'CodeIgniter\Session\Handlers\FileHandler' driver.
INFO - 2024-03-17 06:48:22 --> Session: Class initialized using 'CodeIgniter\Session\Handlers\FileHandler' driver.
INFO - 2024-03-17 06:48:22 --> Session: Class initialized using 'CodeIgniter\Session\Handlers\FileHandler' driver.
INFO - 2024-03-17 06:49:49 --> Session: Class initialized using 'CodeIgniter\Session\Handlers\FileHandler' driver.
INFO - 2024-03-17 06:49:53 --> Session: Class initialized using 'CodeIgniter\Session\Handlers\FileHandler' driver.
INFO - 2024-03-17 06:49:53 --> Session: Class initialized using 'CodeIgniter\Session\Handlers\FileHandler' driver.
INFO - 2024-03-17 06:50:36 --> Session: Class initialized using 'CodeIgniter\Session\Handlers\FileHandler' driver.
INFO - 2024-03-17 06:50:40 --> Session: Class initialized using 'CodeIgniter\Session\Handlers\FileHandler' driver.
INFO - 2024-03-17 06:50:40 --> Session: Class initialized using 'CodeIgniter\Session\Handlers\FileHandler' driver.
INFO - 2024-03-17 06:53:26 --> Session: Class initialized using 'CodeIgniter\Session\Handlers\FileHandler' driver.
INFO - 2024-03-17 06:53:30 --> Session: Class initialized using 'CodeIgniter\Session\Handlers\FileHandler' driver.
INFO - 2024-03-17 06:53:30 --> Session: Class initialized using 'CodeIgniter\Session\Handlers\FileHandler' driver.
INFO - 2024-03-17 06:54:04 --> Session: Class initialized using 'CodeIgniter\Session\Handlers\FileHandler' driver.
INFO - 2024-03-17 06:54:07 --> Session: Class initialized using 'CodeIgniter\Session\Handlers\FileHandler' driver.
INFO - 2024-03-17 06:54:07 --> Session: Class initialized using 'CodeIgniter\Session\Handlers\FileHandler' driver.
INFO - 2024-03-17 06:54:42 --> Session: Class initialized using 'CodeIgniter\Session\Handlers\FileHandler' driver.
INFO - 2024-03-17 06:54:47 --> Session: Class initialized using 'CodeIgniter\Session\Handlers\FileHandler' driver.
INFO - 2024-03-17 06:54:47 --> Session: Class initialized using 'CodeIgniter\Session\Handlers\FileHandler' driver.
INFO - 2024-03-17 06:54:50 --> Session: Class initialized using 'CodeIgniter\Session\Handlers\FileHandler' driver.
INFO - 2024-03-17 06:55:42 --> Session: Class initialized using 'CodeIgniter\Session\Handlers\FileHandler' driver.
INFO - 2024-03-17 07:04:16 --> Session: Class initialized using 'CodeIgniter\Session\Handlers\FileHandler' driver.
INFO - 2024-03-17 07:05:00 --> Session: Class initialized using 'CodeIgniter\Session\Handlers\FileHandler' driver.
INFO - 2024-03-17 07:05:32 --> Session: Class initialized using 'CodeIgniter\Session\Handlers\FileHandler' driver.
INFO - 2024-03-17 07:05:57 --> Session: Class initialized using 'CodeIgniter\Session\Handlers\FileHandler' driver.
INFO - 2024-03-17 07:06:49 --> Session: Class initialized using 'CodeIgniter\Session\Handlers\FileHandler' driver.
INFO - 2024-03-17 07:07:59 --> Session: Class initialized using 'CodeIgniter\Session\Handlers\FileHandler' driver.
INFO - 2024-03-17 07:08:52 --> Session: Class initialized using 'CodeIgniter\Session\Handlers\FileHandler' driver.
INFO - 2024-03-17 07:09:49 --> Session: Class initialized using 'CodeIgniter\Session\Handlers\FileHandler' driver.
INFO - 2024-03-17 07:10:11 --> Session: Class initialized using 'CodeIgniter\Session\Handlers\FileHandler' driver.
INFO - 2024-03-17 07:11:04 --> Session: Class initialized using 'CodeIgniter\Session\Handlers\FileHandler' driver.
INFO - 2024-03-17 07:13:38 --> Session: Class initialized using 'CodeIgniter\Session\Handlers\FileHandler' driver.
INFO - 2024-03-17 07:14:18 --> Session: Class initialized using 'CodeIgniter\Session\Handlers\FileHandler' driver.
INFO - 2024-03-17 07:14:45 --> Session: Class initialized using 'CodeIgniter\Session\Handlers\FileHandler' driver.
INFO - 2024-03-17 07:16:11 --> Session: Class initialized using 'CodeIgniter\Session\Handlers\FileHandler' driver.
INFO - 2024-03-17 07:17:43 --> Session: Class initialized using 'CodeIgniter\Session\Handlers\FileHandler' driver.
INFO - 2024-03-17 07:20:42 --> Session: Class initialized using 'CodeIgniter\Session\Handlers\FileHandler' driver.
INFO - 2024-03-17 07:21:30 --> Session: Class initialized using 'CodeIgniter\Session\Handlers\FileHandler' driver.
INFO - 2024-03-17 07:21:55 --> Session: Class initialized using 'CodeIgniter\Session\Handlers\FileHandler' driver.
INFO - 2024-03-17 07:22:01 --> Session: Class initialized using 'CodeIgniter\Session\Handlers\FileHandler' driver.
INFO - 2024-03-17 07:22:01 --> Session: Class initialized using 'CodeIgniter\Session\Handlers\FileHandler' driver.
INFO - 2024-03-17 07:22:02 --> Session: Class initialized using 'CodeIgniter\Session\Handlers\FileHandler' driver.
INFO - 2024-03-17 07:22:02 --> Session: Class initialized using 'CodeIgniter\Session\Handlers\FileHandler' driver.
INFO - 2024-03-17 07:22:35 --> Session: Class initialized using 'CodeIgniter\Session\Handlers\FileHandler' driver.
INFO - 2024-03-17 07:22:51 --> Session: Class initialized using 'CodeIgniter\Session\Handlers\FileHandler' driver.
INFO - 2024-03-17 07:22:51 --> Session: Class initialized using 'CodeIgniter\Session\Handlers\FileHandler' driver.
INFO - 2024-03-17 07:22:57 --> Session: Class initialized using 'CodeIgniter\Session\Handlers\FileHandler' driver.
INFO - 2024-03-17 07:22:57 --> Session: Class initialized using 'CodeIgniter\Session\Handlers\FileHandler' driver.
INFO - 2024-03-17 07:23:23 --> Session: Class initialized using 'CodeIgniter\Session\Handlers\FileHandler' driver.
INFO - 2024-03-17 07:23:23 --> Session: Class initialized using 'CodeIgniter\Session\Handlers\FileHandler' driver.
INFO - 2024-03-17 07:23:32 --> Session: Class initialized using 'CodeIgniter\Session\Handlers\FileHandler' driver.
INFO - 2024-03-17 07:23:32 --> Session: Class initialized using 'CodeIgniter\Session\Handlers\FileHandler' driver.
INFO - 2024-03-17 07:24:02 --> Session: Class initialized using 'CodeIgniter\Session\Handlers\FileHandler' driver.
INFO - 2024-03-17 07:24:02 --> Session: Class initialized using 'CodeIgniter\Session\Handlers\FileHandler' driver.
INFO - 2024-03-17 07:27:11 --> Session: Class initialized using 'CodeIgniter\Session\Handlers\FileHandler' driver.
INFO - 2024-03-17 07:27:11 --> Session: Class initialized using 'CodeIgniter\Session\Handlers\FileHandler' driver.
INFO - 2024-03-17 07:27:15 --> Session: Class initialized using 'CodeIgniter\Session\Handlers\FileHandler' driver.
INFO - 2024-03-17 07:27:15 --> Session: Class initialized using 'CodeIgniter\Session\Handlers\FileHandler' driver.
INFO - 2024-03-17 07:27:18 --> Session: Class initialized using 'CodeIgniter\Session\Handlers\FileHandler' driver.
INFO - 2024-03-17 07:27:20 --> Session: Class initialized using 'CodeIgniter\Session\Handlers\FileHandler' driver.
INFO - 2024-03-17 07:27:39 --> Session: Class initialized using 'CodeIgniter\Session\Handlers\FileHandler' driver.
INFO - 2024-03-17 07:27:39 --> Session: Class initialized using 'CodeIgniter\Session\Handlers\FileHandler' driver.
INFO - 2024-03-17 07:27:44 --> Session: Class initialized using 'CodeIgniter\Session\Handlers\FileHandler' driver.
INFO - 2024-03-17 07:27:53 --> Session: Class initialized using 'CodeIgniter\Session\Handlers\FileHandler' driver.
INFO - 2024-03-17 07:27:53 --> Session: Class initialized using 'CodeIgniter\Session\Handlers\FileHandler' driver.
INFO - 2024-03-17 07:28:01 --> Session: Class initialized using 'CodeIgniter\Session\Handlers\FileHandler' driver.
INFO - 2024-03-17 07:28:01 --> Session: Class initialized using 'CodeIgniter\Session\Handlers\FileHandler' driver.
CRITICAL - 2024-03-17 07:28:01 --> CodeIgniter\View\Exceptions\ViewException: Invalid file: "templates/sidebarMenuAuthor.php"
in SYSTEMPATH\Exceptions\FrameworkException.php on line 39.
 1 SYSTEMPATH\View\View.php(216): CodeIgniter\Exceptions\FrameworkException::forInvalidFile('templates/sidebarMenuAuthor.php')
 2 SYSTEMPATH\View\View.php(469): CodeIgniter\View\View->render('templates/sidebarMenuAuthor', null, true)
 3 APPPATH\Views\template\sidebarMenu.php(20): CodeIgniter\View\View->include('templates/sidebarMenuAuthor')
 4 SYSTEMPATH\View\View.php(228): include('D:\\2023\\web-project-berita\\Project-Web-Berita\\app\\Views\\template\\sidebarMenu.php')
 5 SYSTEMPATH\View\View.php(231): CodeIgniter\View\View->CodeIgniter\View\{closure}()
 6 SYSTEMPATH\View\View.php(469): CodeIgniter\View\View->render('template/sidebarMenu', null, true)
 7 APPPATH\Views\template\sidebar.php(12): CodeIgniter\View\View->include('template/sidebarMenu')
 8 SYSTEMPATH\View\View.php(228): include('D:\\2023\\web-project-berita\\Project-Web-Berita\\app\\Views\\template\\sidebar.php')
 9 SYSTEMPATH\View\View.php(231): CodeIgniter\View\View->CodeIgniter\View\{closure}()
10 SYSTEMPATH\View\View.php(469): CodeIgniter\View\View->render('template/sidebar', null, true)
11 APPPATH\Views\template\t_main.php(61): CodeIgniter\View\View->include('template/sidebar')
12 SYSTEMPATH\View\View.php(228): include('D:\\2023\\web-project-berita\\Project-Web-Berita\\app\\Views\\template\\t_main.php')
13 SYSTEMPATH\View\View.php(231): CodeIgniter\View\View->CodeIgniter\View\{closure}()
14 SYSTEMPATH\View\View.php(244): CodeIgniter\View\View->render('/template/t_main', [], true)
15 SYSTEMPATH\Common.php(1178): CodeIgniter\View\View->render('/Dashboard/Home/index', [], true)
16 APPPATH\Controllers\Home.php(22): view('/Dashboard/Home/index', [...])
17 SYSTEMPATH\CodeIgniter.php(941): App\Controllers\Home->index()
18 SYSTEMPATH\CodeIgniter.php(502): CodeIgniter\CodeIgniter->runController(Object(App\Controllers\Home))
19 SYSTEMPATH\CodeIgniter.php(361): CodeIgniter\CodeIgniter->handleRequest(null, Object(Config\Cache), false)
20 FCPATH\index.php(79): CodeIgniter\CodeIgniter->run()
21 SYSTEMPATH\Commands\Server\rewrite.php(47): require_once('D:\\2023\\web-project-berita\\Project-Web-Berita\\public\\index.php')
INFO - 2024-03-17 07:28:47 --> Session: Class initialized using 'CodeIgniter\Session\Handlers\FileHandler' driver.
INFO - 2024-03-17 07:29:48 --> Session: Class initialized using 'CodeIgniter\Session\Handlers\FileHandler' driver.
INFO - 2024-03-17 07:30:53 --> Session: Class initialized using 'CodeIgniter\Session\Handlers\FileHandler' driver.
INFO - 2024-03-17 07:31:58 --> Session: Class initialized using 'CodeIgniter\Session\Handlers\FileHandler' driver.
INFO - 2024-03-17 07:32:58 --> Session: Class initialized using 'CodeIgniter\Session\Handlers\FileHandler' driver.
INFO - 2024-03-17 07:33:14 --> Session: Class initialized using 'CodeIgniter\Session\Handlers\FileHandler' driver.
INFO - 2024-03-17 07:33:56 --> Session: Class initialized using 'CodeIgniter\Session\Handlers\FileHandler' driver.
INFO - 2024-03-17 07:35:39 --> Session: Class initialized using 'CodeIgniter\Session\Handlers\FileHandler' driver.
INFO - 2024-03-17 07:50:31 --> Session: Class initialized using 'CodeIgniter\Session\Handlers\FileHandler' driver.
INFO - 2024-03-17 07:50:32 --> Session: Class initialized using 'CodeIgniter\Session\Handlers\FileHandler' driver.
INFO - 2024-03-17 12:46:38 --> Session: Class initialized using 'CodeIgniter\Session\Handlers\FileHandler' driver.
INFO - 2024-03-17 14:07:33 --> Session: Class initialized using 'CodeIgniter\Session\Handlers\FileHandler' driver.
INFO - 2024-03-17 15:07:11 --> Session: Class initialized using 'CodeIgniter\Session\Handlers\FileHandler' driver.
INFO - 2024-03-17 15:07:21 --> Session: Class initialized using 'CodeIgniter\Session\Handlers\FileHandler' driver.
INFO - 2024-03-17 15:07:22 --> Session: Class initialized using 'CodeIgniter\Session\Handlers\FileHandler' driver.
INFO - 2024-03-17 15:09:39 --> Session: Class initialized using 'CodeIgniter\Session\Handlers\FileHandler' driver.
INFO - 2024-03-17 15:09:57 --> Session: Class initialized using 'CodeIgniter\Session\Handlers\FileHandler' driver.
INFO - 2024-03-17 15:09:57 --> Session: Class initialized using 'CodeIgniter\Session\Handlers\FileHandler' driver.
INFO - 2024-03-17 15:10:03 --> Session: Class initialized using 'CodeIgniter\Session\Handlers\FileHandler' driver.
INFO - 2024-03-17 15:10:04 --> Session: Class initialized using 'CodeIgniter\Session\Handlers\FileHandler' driver.
INFO - 2024-03-17 15:11:00 --> Session: Class initialized using 'CodeIgniter\Session\Handlers\FileHandler' driver.
INFO - 2024-03-17 15:11:14 --> Session: Class initialized using 'CodeIgniter\Session\Handlers\FileHandler' driver.
INFO - 2024-03-17 15:11:14 --> Session: Class initialized using 'CodeIgniter\Session\Handlers\FileHandler' driver.
INFO - 2024-03-17 15:11:18 --> Session: Class initialized using 'CodeIgniter\Session\Handlers\FileHandler' driver.
INFO - 2024-03-17 15:11:29 --> Session: Class initialized using 'CodeIgniter\Session\Handlers\FileHandler' driver.
INFO - 2024-03-17 15:11:30 --> Session: Class initialized using 'CodeIgniter\Session\Handlers\FileHandler' driver.
INFO - 2024-03-17 15:22:50 --> Session: Class initialized using 'CodeIgniter\Session\Handlers\FileHandler' driver.
INFO - 2024-03-17 15:22:53 --> Session: Class initialized using 'CodeIgniter\Session\Handlers\FileHandler' driver.
INFO - 2024-03-17 15:22:59 --> Session: Class initialized using 'CodeIgniter\Session\Handlers\FileHandler' driver.
INFO - 2024-03-17 15:23:00 --> Session: Class initialized using 'CodeIgniter\Session\Handlers\FileHandler' driver.
INFO - 2024-03-17 15:23:03 --> Session: Class initialized using 'CodeIgniter\Session\Handlers\FileHandler' driver.
INFO - 2024-03-17 15:23:35 --> Session: Class initialized using 'CodeIgniter\Session\Handlers\FileHandler' driver.
INFO - 2024-03-17 15:23:35 --> Session: Class initialized using 'CodeIgniter\Session\Handlers\FileHandler' driver.
INFO - 2024-03-17 15:25:11 --> Session: Class initialized using 'CodeIgniter\Session\Handlers\FileHandler' driver.
INFO - 2024-03-17 15:32:18 --> Session: Class initialized using 'CodeIgniter\Session\Handlers\FileHandler' driver.
INFO - 2024-03-17 15:33:16 --> Session: Class initialized using 'CodeIgniter\Session\Handlers\FileHandler' driver.
INFO - 2024-03-17 15:33:57 --> Session: Class initialized using 'CodeIgniter\Session\Handlers\FileHandler' driver.
INFO - 2024-03-17 15:41:38 --> Session: Class initialized using 'CodeIgniter\Session\Handlers\FileHandler' driver.
INFO - 2024-03-17 15:41:45 --> Session: Class initialized using 'CodeIgniter\Session\Handlers\FileHandler' driver.
INFO - 2024-03-17 15:42:15 --> Session: Class initialized using 'CodeIgniter\Session\Handlers\FileHandler' driver.
CRITICAL - 2024-03-17 15:42:15 --> ErrorException: Undefined array key "usename"
in APPPATH\Views\Dashboard\Admin\edit_users.php on line 3.
 1 APPPATH\Views\Dashboard\Admin\edit_users.php(3): CodeIgniter\Debug\Exceptions->errorHandler(2, 'Undefined array key "usename"', 'D:\\2023\\web-project-berita\\Project-Web-Berita\\app\\Views\\Dashboard\\Admin\\edit_users.php', 3)
 2 SYSTEMPATH\View\View.php(228): include('D:\\2023\\web-project-berita\\Project-Web-Berita\\app\\Views\\Dashboard\\Admin\\edit_users.php')
 3 SYSTEMPATH\View\View.php(231): CodeIgniter\View\View->CodeIgniter\View\{closure}()
 4 SYSTEMPATH\Common.php(1178): CodeIgniter\View\View->render('/Dashboard/Admin/edit_users', [], true)
 5 APPPATH\Controllers\Admin.php(91): view('/Dashboard/Admin/edit_users', [...])
 6 SYSTEMPATH\CodeIgniter.php(941): App\Controllers\Admin->edit_user('11')
 7 SYSTEMPATH\CodeIgniter.php(502): CodeIgniter\CodeIgniter->runController(Object(App\Controllers\Admin))
 8 SYSTEMPATH\CodeIgniter.php(361): CodeIgniter\CodeIgniter->handleRequest(null, Object(Config\Cache), false)
 9 FCPATH\index.php(79): CodeIgniter\CodeIgniter->run()
10 SYSTEMPATH\Commands\Server\rewrite.php(47): require_once('D:\\2023\\web-project-berita\\Project-Web-Berita\\public\\index.php')
INFO - 2024-03-17 15:42:23 --> Session: Class initialized using 'CodeIgniter\Session\Handlers\FileHandler' driver.
INFO - 2024-03-17 15:47:49 --> Session: Class initialized using 'CodeIgniter\Session\Handlers\FileHandler' driver.
INFO - 2024-03-17 15:47:55 --> Session: Class initialized using 'CodeIgniter\Session\Handlers\FileHandler' driver.
INFO - 2024-03-17 15:47:58 --> Session: Class initialized using 'CodeIgniter\Session\Handlers\FileHandler' driver.
INFO - 2024-03-17 15:48:14 --> Session: Class initialized using 'CodeIgniter\Session\Handlers\FileHandler' driver.
INFO - 2024-03-17 15:48:14 --> Session: Class initialized using 'CodeIgniter\Session\Handlers\FileHandler' driver.
INFO - 2024-03-17 15:48:18 --> Session: Class initialized using 'CodeIgniter\Session\Handlers\FileHandler' driver.
INFO - 2024-03-17 15:48:27 --> Session: Class initialized using 'CodeIgniter\Session\Handlers\FileHandler' driver.
INFO - 2024-03-17 15:48:33 --> Session: Class initialized using 'CodeIgniter\Session\Handlers\FileHandler' driver.
INFO - 2024-03-17 15:48:37 --> Session: Class initialized using 'CodeIgniter\Session\Handlers\FileHandler' driver.
INFO - 2024-03-17 15:48:39 --> Session: Class initialized using 'CodeIgniter\Session\Handlers\FileHandler' driver.
INFO - 2024-03-17 15:49:06 --> Session: Class initialized using 'CodeIgniter\Session\Handlers\FileHandler' driver.
INFO - 2024-03-17 15:49:08 --> Session: Class initialized using 'CodeIgniter\Session\Handlers\FileHandler' driver.
INFO - 2024-03-17 15:49:10 --> Session: Class initialized using 'CodeIgniter\Session\Handlers\FileHandler' driver.
INFO - 2024-03-17 15:49:21 --> Session: Class initialized using 'CodeIgniter\Session\Handlers\FileHandler' driver.
INFO - 2024-03-17 15:54:44 --> Session: Class initialized using 'CodeIgniter\Session\Handlers\FileHandler' driver.
INFO - 2024-03-17 15:54:46 --> Session: Class initialized using 'CodeIgniter\Session\Handlers\FileHandler' driver.
INFO - 2024-03-17 15:57:00 --> Session: Class initialized using 'CodeIgniter\Session\Handlers\FileHandler' driver.
INFO - 2024-03-17 15:57:14 --> Session: Class initialized using 'CodeIgniter\Session\Handlers\FileHandler' driver.
INFO - 2024-03-17 15:57:14 --> Session: Class initialized using 'CodeIgniter\Session\Handlers\FileHandler' driver.
INFO - 2024-03-17 15:57:18 --> Session: Class initialized using 'CodeIgniter\Session\Handlers\FileHandler' driver.
INFO - 2024-03-17 15:58:08 --> Session: Class initialized using 'CodeIgniter\Session\Handlers\FileHandler' driver.
INFO - 2024-03-17 15:58:10 --> Session: Class initialized using 'CodeIgniter\Session\Handlers\FileHandler' driver.
INFO - 2024-03-17 15:58:14 --> Session: Class initialized using 'CodeIgniter\Session\Handlers\FileHandler' driver.
INFO - 2024-03-17 16:07:31 --> Session: Class initialized using 'CodeIgniter\Session\Handlers\FileHandler' driver.
INFO - 2024-03-17 16:07:34 --> Session: Class initialized using 'CodeIgniter\Session\Handlers\FileHandler' driver.
INFO - 2024-03-17 16:10:26 --> Session: Class initialized using 'CodeIgniter\Session\Handlers\FileHandler' driver.
INFO - 2024-03-17 16:20:08 --> Session: Class initialized using 'CodeIgniter\Session\Handlers\FileHandler' driver.
INFO - 2024-03-17 16:20:19 --> Session: Class initialized using 'CodeIgniter\Session\Handlers\FileHandler' driver.
CRITICAL - 2024-03-17 16:20:19 --> ErrorException: Undefined array key 0
in APPPATH\Views\Dashboard\Admin\edit_users.php on line 7.
 1 APPPATH\Views\Dashboard\Admin\edit_users.php(7): CodeIgniter\Debug\Exceptions->errorHandler(2, 'Undefined array key 0', 'D:\\2023\\web-project-berita\\Project-Web-Berita\\app\\Views\\Dashboard\\Admin\\edit_users.php', 7)
 2 SYSTEMPATH\View\View.php(228): include('D:\\2023\\web-project-berita\\Project-Web-Berita\\app\\Views\\Dashboard\\Admin\\edit_users.php')
 3 SYSTEMPATH\View\View.php(231): CodeIgniter\View\View->CodeIgniter\View\{closure}()
 4 SYSTEMPATH\Common.php(1178): CodeIgniter\View\View->render('/Dashboard/Admin/edit_users', [], true)
 5 APPPATH\Controllers\Admin.php(95): view('/Dashboard/Admin/edit_users', [...])
 6 SYSTEMPATH\CodeIgniter.php(941): App\Controllers\Admin->edit_user()
 7 SYSTEMPATH\CodeIgniter.php(502): CodeIgniter\CodeIgniter->runController(Object(App\Controllers\Admin))
 8 SYSTEMPATH\CodeIgniter.php(361): CodeIgniter\CodeIgniter->handleRequest(null, Object(Config\Cache), false)
 9 FCPATH\index.php(79): CodeIgniter\CodeIgniter->run()
10 SYSTEMPATH\Commands\Server\rewrite.php(47): require_once('D:\\2023\\web-project-berita\\Project-Web-Berita\\public\\index.php')
INFO - 2024-03-17 16:22:23 --> Session: Class initialized using 'CodeIgniter\Session\Handlers\FileHandler' driver.
CRITICAL - 2024-03-17 16:22:23 --> ErrorException: Undefined array key 0
in APPPATH\Views\Dashboard\Admin\edit_users.php on line 7.
 1 APPPATH\Views\Dashboard\Admin\edit_users.php(7): CodeIgniter\Debug\Exceptions->errorHandler(2, 'Undefined array key 0', 'D:\\2023\\web-project-berita\\Project-Web-Berita\\app\\Views\\Dashboard\\Admin\\edit_users.php', 7)
 2 SYSTEMPATH\View\View.php(228): include('D:\\2023\\web-project-berita\\Project-Web-Berita\\app\\Views\\Dashboard\\Admin\\edit_users.php')
 3 SYSTEMPATH\View\View.php(231): CodeIgniter\View\View->CodeIgniter\View\{closure}()
 4 SYSTEMPATH\Common.php(1178): CodeIgniter\View\View->render('/Dashboard/Admin/edit_users', [], true)
 5 APPPATH\Controllers\Admin.php(95): view('/Dashboard/Admin/edit_users', [...])
 6 SYSTEMPATH\CodeIgniter.php(941): App\Controllers\Admin->edit_user()
 7 SYSTEMPATH\CodeIgniter.php(502): CodeIgniter\CodeIgniter->runController(Object(App\Controllers\Admin))
 8 SYSTEMPATH\CodeIgniter.php(361): CodeIgniter\CodeIgniter->handleRequest(null, Object(Config\Cache), false)
 9 FCPATH\index.php(79): CodeIgniter\CodeIgniter->run()
10 SYSTEMPATH\Commands\Server\rewrite.php(47): require_once('D:\\2023\\web-project-berita\\Project-Web-Berita\\public\\index.php')
INFO - 2024-03-17 16:22:25 --> Session: Class initialized using 'CodeIgniter\Session\Handlers\FileHandler' driver.
INFO - 2024-03-17 16:22:27 --> Session: Class initialized using 'CodeIgniter\Session\Handlers\FileHandler' driver.
CRITICAL - 2024-03-17 16:22:27 --> ErrorException: Undefined array key 0
in APPPATH\Views\Dashboard\Admin\edit_users.php on line 7.
 1 APPPATH\Views\Dashboard\Admin\edit_users.php(7): CodeIgniter\Debug\Exceptions->errorHandler(2, 'Undefined array key 0', 'D:\\2023\\web-project-berita\\Project-Web-Berita\\app\\Views\\Dashboard\\Admin\\edit_users.php', 7)
 2 SYSTEMPATH\View\View.php(228): include('D:\\2023\\web-project-berita\\Project-Web-Berita\\app\\Views\\Dashboard\\Admin\\edit_users.php')
 3 SYSTEMPATH\View\View.php(231): CodeIgniter\View\View->CodeIgniter\View\{closure}()
 4 SYSTEMPATH\Common.php(1178): CodeIgniter\View\View->render('/Dashboard/Admin/edit_users', [], true)
 5 APPPATH\Controllers\Admin.php(95): view('/Dashboard/Admin/edit_users', [...])
 6 SYSTEMPATH\CodeIgniter.php(941): App\Controllers\Admin->edit_user()
 7 SYSTEMPATH\CodeIgniter.php(502): CodeIgniter\CodeIgniter->runController(Object(App\Controllers\Admin))
 8 SYSTEMPATH\CodeIgniter.php(361): CodeIgniter\CodeIgniter->handleRequest(null, Object(Config\Cache), false)
 9 FCPATH\index.php(79): CodeIgniter\CodeIgniter->run()
10 SYSTEMPATH\Commands\Server\rewrite.php(47): require_once('D:\\2023\\web-project-berita\\Project-Web-Berita\\public\\index.php')
INFO - 2024-03-17 16:22:30 --> Session: Class initialized using 'CodeIgniter\Session\Handlers\FileHandler' driver.
INFO - 2024-03-17 16:22:33 --> Session: Class initialized using 'CodeIgniter\Session\Handlers\FileHandler' driver.
INFO - 2024-03-17 16:22:35 --> Session: Class initialized using 'CodeIgniter\Session\Handlers\FileHandler' driver.
CRITICAL - 2024-03-17 16:22:35 --> ErrorException: Undefined array key 0
in APPPATH\Views\Dashboard\Admin\edit_users.php on line 7.
 1 APPPATH\Views\Dashboard\Admin\edit_users.php(7): CodeIgniter\Debug\Exceptions->errorHandler(2, 'Undefined array key 0', 'D:\\2023\\web-project-berita\\Project-Web-Berita\\app\\Views\\Dashboard\\Admin\\edit_users.php', 7)
 2 SYSTEMPATH\View\View.php(228): include('D:\\2023\\web-project-berita\\Project-Web-Berita\\app\\Views\\Dashboard\\Admin\\edit_users.php')
 3 SYSTEMPATH\View\View.php(231): CodeIgniter\View\View->CodeIgniter\View\{closure}()
 4 SYSTEMPATH\Common.php(1178): CodeIgniter\View\View->render('/Dashboard/Admin/edit_users', [], true)
 5 APPPATH\Controllers\Admin.php(95): view('/Dashboard/Admin/edit_users', [...])
 6 SYSTEMPATH\CodeIgniter.php(941): App\Controllers\Admin->edit_user()
 7 SYSTEMPATH\CodeIgniter.php(502): CodeIgniter\CodeIgniter->runController(Object(App\Controllers\Admin))
 8 SYSTEMPATH\CodeIgniter.php(361): CodeIgniter\CodeIgniter->handleRequest(null, Object(Config\Cache), false)
 9 FCPATH\index.php(79): CodeIgniter\CodeIgniter->run()
10 SYSTEMPATH\Commands\Server\rewrite.php(47): require_once('D:\\2023\\web-project-berita\\Project-Web-Berita\\public\\index.php')
INFO - 2024-03-17 16:23:25 --> Session: Class initialized using 'CodeIgniter\Session\Handlers\FileHandler' driver.
CRITICAL - 2024-03-17 16:23:25 --> ErrorException: Undefined array key 0
in APPPATH\Views\Dashboard\Admin\edit_users.php on line 7.
 1 APPPATH\Views\Dashboard\Admin\edit_users.php(7): CodeIgniter\Debug\Exceptions->errorHandler(2, 'Undefined array key 0', 'D:\\2023\\web-project-berita\\Project-Web-Berita\\app\\Views\\Dashboard\\Admin\\edit_users.php', 7)
 2 SYSTEMPATH\View\View.php(228): include('D:\\2023\\web-project-berita\\Project-Web-Berita\\app\\Views\\Dashboard\\Admin\\edit_users.php')
 3 SYSTEMPATH\View\View.php(231): CodeIgniter\View\View->CodeIgniter\View\{closure}()
 4 SYSTEMPATH\Common.php(1178): CodeIgniter\View\View->render('/Dashboard/Admin/edit_users', [], true)
 5 APPPATH\Controllers\Admin.php(95): view('/Dashboard/Admin/edit_users', [...])
 6 SYSTEMPATH\CodeIgniter.php(941): App\Controllers\Admin->edit_user()
 7 SYSTEMPATH\CodeIgniter.php(502): CodeIgniter\CodeIgniter->runController(Object(App\Controllers\Admin))
 8 SYSTEMPATH\CodeIgniter.php(361): CodeIgniter\CodeIgniter->handleRequest(null, Object(Config\Cache), false)
 9 FCPATH\index.php(79): CodeIgniter\CodeIgniter->run()
10 SYSTEMPATH\Commands\Server\rewrite.php(47): require_once('D:\\2023\\web-project-berita\\Project-Web-Berita\\public\\index.php')
INFO - 2024-03-17 16:23:26 --> Session: Class initialized using 'CodeIgniter\Session\Handlers\FileHandler' driver.
INFO - 2024-03-17 16:23:29 --> Session: Class initialized using 'CodeIgniter\Session\Handlers\FileHandler' driver.
CRITICAL - 2024-03-17 16:23:29 --> ErrorException: Undefined array key 0
in APPPATH\Views\Dashboard\Admin\edit_users.php on line 7.
 1 APPPATH\Views\Dashboard\Admin\edit_users.php(7): CodeIgniter\Debug\Exceptions->errorHandler(2, 'Undefined array key 0', 'D:\\2023\\web-project-berita\\Project-Web-Berita\\app\\Views\\Dashboard\\Admin\\edit_users.php', 7)
 2 SYSTEMPATH\View\View.php(228): include('D:\\2023\\web-project-berita\\Project-Web-Berita\\app\\Views\\Dashboard\\Admin\\edit_users.php')
 3 SYSTEMPATH\View\View.php(231): CodeIgniter\View\View->CodeIgniter\View\{closure}()
 4 SYSTEMPATH\Common.php(1178): CodeIgniter\View\View->render('/Dashboard/Admin/edit_users', [], true)
 5 APPPATH\Controllers\Admin.php(95): view('/Dashboard/Admin/edit_users', [...])
 6 SYSTEMPATH\CodeIgniter.php(941): App\Controllers\Admin->edit_user()
 7 SYSTEMPATH\CodeIgniter.php(502): CodeIgniter\CodeIgniter->runController(Object(App\Controllers\Admin))
 8 SYSTEMPATH\CodeIgniter.php(361): CodeIgniter\CodeIgniter->handleRequest(null, Object(Config\Cache), false)
 9 FCPATH\index.php(79): CodeIgniter\CodeIgniter->run()
10 SYSTEMPATH\Commands\Server\rewrite.php(47): require_once('D:\\2023\\web-project-berita\\Project-Web-Berita\\public\\index.php')
INFO - 2024-03-17 16:23:31 --> Session: Class initialized using 'CodeIgniter\Session\Handlers\FileHandler' driver.
INFO - 2024-03-17 16:23:32 --> Session: Class initialized using 'CodeIgniter\Session\Handlers\FileHandler' driver.
INFO - 2024-03-17 16:23:37 --> Session: Class initialized using 'CodeIgniter\Session\Handlers\FileHandler' driver.
CRITICAL - 2024-03-17 16:23:37 --> ErrorException: Undefined array key 0
in APPPATH\Views\Dashboard\Admin\edit_users.php on line 7.
 1 APPPATH\Views\Dashboard\Admin\edit_users.php(7): CodeIgniter\Debug\Exceptions->errorHandler(2, 'Undefined array key 0', 'D:\\2023\\web-project-berita\\Project-Web-Berita\\app\\Views\\Dashboard\\Admin\\edit_users.php', 7)
 2 SYSTEMPATH\View\View.php(228): include('D:\\2023\\web-project-berita\\Project-Web-Berita\\app\\Views\\Dashboard\\Admin\\edit_users.php')
 3 SYSTEMPATH\View\View.php(231): CodeIgniter\View\View->CodeIgniter\View\{closure}()
 4 SYSTEMPATH\Common.php(1178): CodeIgniter\View\View->render('/Dashboard/Admin/edit_users', [], true)
 5 APPPATH\Controllers\Admin.php(95): view('/Dashboard/Admin/edit_users', [...])
 6 SYSTEMPATH\CodeIgniter.php(941): App\Controllers\Admin->edit_user()
 7 SYSTEMPATH\CodeIgniter.php(502): CodeIgniter\CodeIgniter->runController(Object(App\Controllers\Admin))
 8 SYSTEMPATH\CodeIgniter.php(361): CodeIgniter\CodeIgniter->handleRequest(null, Object(Config\Cache), false)
 9 FCPATH\index.php(79): CodeIgniter\CodeIgniter->run()
10 SYSTEMPATH\Commands\Server\rewrite.php(47): require_once('D:\\2023\\web-project-berita\\Project-Web-Berita\\public\\index.php')
INFO - 2024-03-17 16:23:39 --> Session: Class initialized using 'CodeIgniter\Session\Handlers\FileHandler' driver.
INFO - 2024-03-17 16:24:03 --> Session: Class initialized using 'CodeIgniter\Session\Handlers\FileHandler' driver.
INFO - 2024-03-17 16:24:05 --> Session: Class initialized using 'CodeIgniter\Session\Handlers\FileHandler' driver.
INFO - 2024-03-17 16:24:06 --> Session: Class initialized using 'CodeIgniter\Session\Handlers\FileHandler' driver.
INFO - 2024-03-17 16:24:55 --> Session: Class initialized using 'CodeIgniter\Session\Handlers\FileHandler' driver.
INFO - 2024-03-17 16:24:55 --> Session: Class initialized using 'CodeIgniter\Session\Handlers\FileHandler' driver.
INFO - 2024-03-17 16:25:16 --> Session: Class initialized using 'CodeIgniter\Session\Handlers\FileHandler' driver.
INFO - 2024-03-17 16:25:20 --> Session: Class initialized using 'CodeIgniter\Session\Handlers\FileHandler' driver.
INFO - 2024-03-17 16:25:20 --> Session: Class initialized using 'CodeIgniter\Session\Handlers\FileHandler' driver.
INFO - 2024-03-17 16:25:33 --> Session: Class initialized using 'CodeIgniter\Session\Handlers\FileHandler' driver.
INFO - 2024-03-17 16:25:47 --> Session: Class initialized using 'CodeIgniter\Session\Handlers\FileHandler' driver.
INFO - 2024-03-17 16:25:47 --> Session: Class initialized using 'CodeIgniter\Session\Handlers\FileHandler' driver.
INFO - 2024-03-17 16:26:12 --> Session: Class initialized using 'CodeIgniter\Session\Handlers\FileHandler' driver.
INFO - 2024-03-17 16:26:17 --> Session: Class initialized using 'CodeIgniter\Session\Handlers\FileHandler' driver.
ERROR - 2024-03-17 16:26:17 --> mysqli_sql_exception: You have an error in your SQL syntax; check the manual that corresponds to your MariaDB server version for the right syntax to use near '31 = :31:
WHERE `user_id` = :user_id:' at line 1 in D:\2023\web-project-berita\Project-Web-Berita\vendor\codeigniter4\framework\system\Database\MySQLi\Connection.php:306
Stack trace:
#0 D:\2023\web-project-berita\Project-Web-Berita\vendor\codeigniter4\framework\system\Database\MySQLi\Connection.php(306): mysqli->query('UPDATE `tbl_use...', 0)
#1 D:\2023\web-project-berita\Project-Web-Berita\vendor\codeigniter4\framework\system\Database\BaseConnection.php(693): CodeIgniter\Database\MySQLi\Connection->execute('UPDATE `tbl_use...')
#2 D:\2023\web-project-berita\Project-Web-Berita\vendor\codeigniter4\framework\system\Database\BaseConnection.php(607): CodeIgniter\Database\BaseConnection->simpleQuery('UPDATE `tbl_use...')
#3 D:\2023\web-project-berita\Project-Web-Berita\vendor\codeigniter4\framework\system\Database\BaseBuilder.php(2474): CodeIgniter\Database\BaseConnection->query('UPDATE `tbl_use...', Array, false)
#4 D:\2023\web-project-berita\Project-Web-Berita\app\Models\UserModel.php(44): CodeIgniter\Database\BaseBuilder->update('31', Array)
#5 D:\2023\web-project-berita\Project-Web-Berita\app\Controllers\Admin.php(128): App\Models\UserModel->updateData('31', Array)
#6 D:\2023\web-project-berita\Project-Web-Berita\vendor\codeigniter4\framework\system\CodeIgniter.php(941): App\Controllers\Admin->update_user()
#7 D:\2023\web-project-berita\Project-Web-Berita\vendor\codeigniter4\framework\system\CodeIgniter.php(502): CodeIgniter\CodeIgniter->runController(Object(App\Controllers\Admin))
#8 D:\2023\web-project-berita\Project-Web-Berita\vendor\codeigniter4\framework\system\CodeIgniter.php(361): CodeIgniter\CodeIgniter->handleRequest(NULL, Object(Config\Cache), false)
#9 D:\2023\web-project-berita\Project-Web-Berita\public\index.php(79): CodeIgniter\CodeIgniter->run()
#10 D:\2023\web-project-berita\Project-Web-Berita\vendor\codeigniter4\framework\system\Commands\Server\rewrite.php(47): require_once('D:\\2023\\web-pro...')
#11 {main}
CRITICAL - 2024-03-17 16:26:17 --> CodeIgniter\Database\Exceptions\DatabaseException: You have an error in your SQL syntax; check the manual that corresponds to your MariaDB server version for the right syntax to use near '31 = :31:
WHERE `user_id` = :user_id:' at line 1
in SYSTEMPATH\Database\BaseConnection.php on line 647.
 1 SYSTEMPATH\Database\BaseBuilder.php(2474): CodeIgniter\Database\BaseConnection->query('UPDATE `tbl_users` SET 31 = :31:
WHERE `user_id` = :user_id:', [...], false)
 2 APPPATH\Models\UserModel.php(44): CodeIgniter\Database\BaseBuilder->update('31', [...])
 3 APPPATH\Controllers\Admin.php(128): App\Models\UserModel->updateData('31', [...])
 4 SYSTEMPATH\CodeIgniter.php(941): App\Controllers\Admin->update_user()
 5 SYSTEMPATH\CodeIgniter.php(502): CodeIgniter\CodeIgniter->runController(Object(App\Controllers\Admin))
 6 SYSTEMPATH\CodeIgniter.php(361): CodeIgniter\CodeIgniter->handleRequest(null, Object(Config\Cache), false)
 7 FCPATH\index.php(79): CodeIgniter\CodeIgniter->run()
 8 SYSTEMPATH\Commands\Server\rewrite.php(47): require_once('D:\\2023\\web-project-berita\\Project-Web-Berita\\public\\index.php')
CRITICAL - 2024-03-17 16:26:17 --> [Caused by] CodeIgniter\Database\Exceptions\DatabaseException: You have an error in your SQL syntax; check the manual that corresponds to your MariaDB server version for the right syntax to use near '31 = :31:
WHERE `user_id` = :user_id:' at line 1
in SYSTEMPATH\Database\MySQLi\Connection.php on line 311.
 1 SYSTEMPATH\Database\BaseConnection.php(693): CodeIgniter\Database\MySQLi\Connection->execute('UPDATE `tbl_users` SET 31 = :31:
WHERE `user_id` = :user_id:')
 2 SYSTEMPATH\Database\BaseConnection.php(607): CodeIgniter\Database\BaseConnection->simpleQuery('UPDATE `tbl_users` SET 31 = :31:
WHERE `user_id` = :user_id:')
 3 SYSTEMPATH\Database\BaseBuilder.php(2474): CodeIgniter\Database\BaseConnection->query('UPDATE `tbl_users` SET 31 = :31:
WHERE `user_id` = :user_id:', [...], false)
 4 APPPATH\Models\UserModel.php(44): CodeIgniter\Database\BaseBuilder->update('31', [...])
 5 APPPATH\Controllers\Admin.php(128): App\Models\UserModel->updateData('31', [...])
 6 SYSTEMPATH\CodeIgniter.php(941): App\Controllers\Admin->update_user()
 7 SYSTEMPATH\CodeIgniter.php(502): CodeIgniter\CodeIgniter->runController(Object(App\Controllers\Admin))
 8 SYSTEMPATH\CodeIgniter.php(361): CodeIgniter\CodeIgniter->handleRequest(null, Object(Config\Cache), false)
 9 FCPATH\index.php(79): CodeIgniter\CodeIgniter->run()
10 SYSTEMPATH\Commands\Server\rewrite.php(47): require_once('D:\\2023\\web-project-berita\\Project-Web-Berita\\public\\index.php')
CRITICAL - 2024-03-17 16:26:17 --> [Caused by] mysqli_sql_exception: You have an error in your SQL syntax; check the manual that corresponds to your MariaDB server version for the right syntax to use near '31 = :31:
WHERE `user_id` = :user_id:' at line 1
in SYSTEMPATH\Database\MySQLi\Connection.php on line 306.
 1 SYSTEMPATH\Database\MySQLi\Connection.php(306): mysqli->query('UPDATE `tbl_users` SET 31 = :31:
WHERE `user_id` = :user_id:', 0)
 2 SYSTEMPATH\Database\BaseConnection.php(693): CodeIgniter\Database\MySQLi\Connection->execute('UPDATE `tbl_users` SET 31 = :31:
WHERE `user_id` = :user_id:')
 3 SYSTEMPATH\Database\BaseConnection.php(607): CodeIgniter\Database\BaseConnection->simpleQuery('UPDATE `tbl_users` SET 31 = :31:
WHERE `user_id` = :user_id:')
 4 SYSTEMPATH\Database\BaseBuilder.php(2474): CodeIgniter\Database\BaseConnection->query('UPDATE `tbl_users` SET 31 = :31:
WHERE `user_id` = :user_id:', [...], false)
 5 APPPATH\Models\UserModel.php(44): CodeIgniter\Database\BaseBuilder->update('31', [...])
 6 APPPATH\Controllers\Admin.php(128): App\Models\UserModel->updateData('31', [...])
 7 SYSTEMPATH\CodeIgniter.php(941): App\Controllers\Admin->update_user()
 8 SYSTEMPATH\CodeIgniter.php(502): CodeIgniter\CodeIgniter->runController(Object(App\Controllers\Admin))
 9 SYSTEMPATH\CodeIgniter.php(361): CodeIgniter\CodeIgniter->handleRequest(null, Object(Config\Cache), false)
10 FCPATH\index.php(79): CodeIgniter\CodeIgniter->run()
11 SYSTEMPATH\Commands\Server\rewrite.php(47): require_once('D:\\2023\\web-project-berita\\Project-Web-Berita\\public\\index.php')
INFO - 2024-03-17 16:27:13 --> Session: Class initialized using 'CodeIgniter\Session\Handlers\FileHandler' driver.
ERROR - 2024-03-17 16:27:13 --> mysqli_sql_exception: Operand should contain 1 column(s) in D:\2023\web-project-berita\Project-Web-Berita\vendor\codeigniter4\framework\system\Database\MySQLi\Connection.php:306
Stack trace:
#0 D:\2023\web-project-berita\Project-Web-Berita\vendor\codeigniter4\framework\system\Database\MySQLi\Connection.php(306): mysqli->query('UPDATE `tbl_use...', 0)
#1 D:\2023\web-project-berita\Project-Web-Berita\vendor\codeigniter4\framework\system\Database\BaseConnection.php(693): CodeIgniter\Database\MySQLi\Connection->execute('UPDATE `tbl_use...')
#2 D:\2023\web-project-berita\Project-Web-Berita\vendor\codeigniter4\framework\system\Database\BaseConnection.php(607): CodeIgniter\Database\BaseConnection->simpleQuery('UPDATE `tbl_use...')
#3 D:\2023\web-project-berita\Project-Web-Berita\vendor\codeigniter4\framework\system\Database\BaseBuilder.php(2474): CodeIgniter\Database\BaseConnection->query('UPDATE `tbl_use...', Array, false)
#4 D:\2023\web-project-berita\Project-Web-Berita\app\Models\UserModel.php(44): CodeIgniter\Database\BaseBuilder->update(Array, '31')
#5 D:\2023\web-project-berita\Project-Web-Berita\app\Controllers\Admin.php(128): App\Models\UserModel->updateData('31', Array)
#6 D:\2023\web-project-berita\Project-Web-Berita\vendor\codeigniter4\framework\system\CodeIgniter.php(941): App\Controllers\Admin->update_user()
#7 D:\2023\web-project-berita\Project-Web-Berita\vendor\codeigniter4\framework\system\CodeIgniter.php(502): CodeIgniter\CodeIgniter->runController(Object(App\Controllers\Admin))
#8 D:\2023\web-project-berita\Project-Web-Berita\vendor\codeigniter4\framework\system\CodeIgniter.php(361): CodeIgniter\CodeIgniter->handleRequest(NULL, Object(Config\Cache), false)
#9 D:\2023\web-project-berita\Project-Web-Berita\public\index.php(79): CodeIgniter\CodeIgniter->run()
#10 D:\2023\web-project-berita\Project-Web-Berita\vendor\codeigniter4\framework\system\Commands\Server\rewrite.php(47): require_once('D:\\2023\\web-pro...')
#11 {main}
CRITICAL - 2024-03-17 16:27:13 --> CodeIgniter\Database\Exceptions\DatabaseException: Operand should contain 1 column(s)
in SYSTEMPATH\Database\BaseConnection.php on line 647.
 1 SYSTEMPATH\Database\BaseBuilder.php(2474): CodeIgniter\Database\BaseConnection->query('UPDATE `tbl_users` SET `user_id` = :user_id:
WHERE 31 IS NULL', [...], false)
 2 APPPATH\Models\UserModel.php(44): CodeIgniter\Database\BaseBuilder->update([...], '31')
 3 APPPATH\Controllers\Admin.php(128): App\Models\UserModel->updateData('31', [...])
 4 SYSTEMPATH\CodeIgniter.php(941): App\Controllers\Admin->update_user()
 5 SYSTEMPATH\CodeIgniter.php(502): CodeIgniter\CodeIgniter->runController(Object(App\Controllers\Admin))
 6 SYSTEMPATH\CodeIgniter.php(361): CodeIgniter\CodeIgniter->handleRequest(null, Object(Config\Cache), false)
 7 FCPATH\index.php(79): CodeIgniter\CodeIgniter->run()
 8 SYSTEMPATH\Commands\Server\rewrite.php(47): require_once('D:\\2023\\web-project-berita\\Project-Web-Berita\\public\\index.php')
CRITICAL - 2024-03-17 16:27:13 --> [Caused by] CodeIgniter\Database\Exceptions\DatabaseException: Operand should contain 1 column(s)
in SYSTEMPATH\Database\MySQLi\Connection.php on line 311.
 1 SYSTEMPATH\Database\BaseConnection.php(693): CodeIgniter\Database\MySQLi\Connection->execute('UPDATE `tbl_users` SET `user_id` = (\'a\',\'a\',\'089889898989\',\'author\')
WHERE 31 IS NULL')
 2 SYSTEMPATH\Database\BaseConnection.php(607): CodeIgniter\Database\BaseConnection->simpleQuery('UPDATE `tbl_users` SET `user_id` = (\'a\',\'a\',\'089889898989\',\'author\')
WHERE 31 IS NULL')
 3 SYSTEMPATH\Database\BaseBuilder.php(2474): CodeIgniter\Database\BaseConnection->query('UPDATE `tbl_users` SET `user_id` = :user_id:
WHERE 31 IS NULL', [...], false)
 4 APPPATH\Models\UserModel.php(44): CodeIgniter\Database\BaseBuilder->update([...], '31')
 5 APPPATH\Controllers\Admin.php(128): App\Models\UserModel->updateData('31', [...])
 6 SYSTEMPATH\CodeIgniter.php(941): App\Controllers\Admin->update_user()
 7 SYSTEMPATH\CodeIgniter.php(502): CodeIgniter\CodeIgniter->runController(Object(App\Controllers\Admin))
 8 SYSTEMPATH\CodeIgniter.php(361): CodeIgniter\CodeIgniter->handleRequest(null, Object(Config\Cache), false)
 9 FCPATH\index.php(79): CodeIgniter\CodeIgniter->run()
10 SYSTEMPATH\Commands\Server\rewrite.php(47): require_once('D:\\2023\\web-project-berita\\Project-Web-Berita\\public\\index.php')
CRITICAL - 2024-03-17 16:27:13 --> [Caused by] mysqli_sql_exception: Operand should contain 1 column(s)
in SYSTEMPATH\Database\MySQLi\Connection.php on line 306.
 1 SYSTEMPATH\Database\MySQLi\Connection.php(306): mysqli->query('UPDATE `tbl_users` SET `user_id` = (\'a\',\'a\',\'089889898989\',\'author\')
WHERE 31 IS NULL', 0)
 2 SYSTEMPATH\Database\BaseConnection.php(693): CodeIgniter\Database\MySQLi\Connection->execute('UPDATE `tbl_users` SET `user_id` = (\'a\',\'a\',\'089889898989\',\'author\')
WHERE 31 IS NULL')
 3 SYSTEMPATH\Database\BaseConnection.php(607): CodeIgniter\Database\BaseConnection->simpleQuery('UPDATE `tbl_users` SET `user_id` = (\'a\',\'a\',\'089889898989\',\'author\')
WHERE 31 IS NULL')
 4 SYSTEMPATH\Database\BaseBuilder.php(2474): CodeIgniter\Database\BaseConnection->query('UPDATE `tbl_users` SET `user_id` = :user_id:
WHERE 31 IS NULL', [...], false)
 5 APPPATH\Models\UserModel.php(44): CodeIgniter\Database\BaseBuilder->update([...], '31')
 6 APPPATH\Controllers\Admin.php(128): App\Models\UserModel->updateData('31', [...])
 7 SYSTEMPATH\CodeIgniter.php(941): App\Controllers\Admin->update_user()
 8 SYSTEMPATH\CodeIgniter.php(502): CodeIgniter\CodeIgniter->runController(Object(App\Controllers\Admin))
 9 SYSTEMPATH\CodeIgniter.php(361): CodeIgniter\CodeIgniter->handleRequest(null, Object(Config\Cache), false)
10 FCPATH\index.php(79): CodeIgniter\CodeIgniter->run()
11 SYSTEMPATH\Commands\Server\rewrite.php(47): require_once('D:\\2023\\web-project-berita\\Project-Web-Berita\\public\\index.php')
INFO - 2024-03-17 16:27:22 --> Session: Class initialized using 'CodeIgniter\Session\Handlers\FileHandler' driver.
INFO - 2024-03-17 16:27:26 --> Session: Class initialized using 'CodeIgniter\Session\Handlers\FileHandler' driver.
ERROR - 2024-03-17 16:27:26 --> mysqli_sql_exception: Operand should contain 1 column(s) in D:\2023\web-project-berita\Project-Web-Berita\vendor\codeigniter4\framework\system\Database\MySQLi\Connection.php:306
Stack trace:
#0 D:\2023\web-project-berita\Project-Web-Berita\vendor\codeigniter4\framework\system\Database\MySQLi\Connection.php(306): mysqli->query('UPDATE `tbl_use...', 0)
#1 D:\2023\web-project-berita\Project-Web-Berita\vendor\codeigniter4\framework\system\Database\BaseConnection.php(693): CodeIgniter\Database\MySQLi\Connection->execute('UPDATE `tbl_use...')
#2 D:\2023\web-project-berita\Project-Web-Berita\vendor\codeigniter4\framework\system\Database\BaseConnection.php(607): CodeIgniter\Database\BaseConnection->simpleQuery('UPDATE `tbl_use...')
#3 D:\2023\web-project-berita\Project-Web-Berita\vendor\codeigniter4\framework\system\Database\BaseBuilder.php(2474): CodeIgniter\Database\BaseConnection->query('UPDATE `tbl_use...', Array, false)
#4 D:\2023\web-project-berita\Project-Web-Berita\app\Models\UserModel.php(44): CodeIgniter\Database\BaseBuilder->update(Array, '31')
#5 D:\2023\web-project-berita\Project-Web-Berita\app\Controllers\Admin.php(128): App\Models\UserModel->updateData('31', Array)
#6 D:\2023\web-project-berita\Project-Web-Berita\vendor\codeigniter4\framework\system\CodeIgniter.php(941): App\Controllers\Admin->update_user()
#7 D:\2023\web-project-berita\Project-Web-Berita\vendor\codeigniter4\framework\system\CodeIgniter.php(502): CodeIgniter\CodeIgniter->runController(Object(App\Controllers\Admin))
#8 D:\2023\web-project-berita\Project-Web-Berita\vendor\codeigniter4\framework\system\CodeIgniter.php(361): CodeIgniter\CodeIgniter->handleRequest(NULL, Object(Config\Cache), false)
#9 D:\2023\web-project-berita\Project-Web-Berita\public\index.php(79): CodeIgniter\CodeIgniter->run()
#10 D:\2023\web-project-berita\Project-Web-Berita\vendor\codeigniter4\framework\system\Commands\Server\rewrite.php(47): require_once('D:\\2023\\web-pro...')
#11 {main}
CRITICAL - 2024-03-17 16:27:26 --> CodeIgniter\Database\Exceptions\DatabaseException: Operand should contain 1 column(s)
in SYSTEMPATH\Database\BaseConnection.php on line 647.
 1 SYSTEMPATH\Database\BaseBuilder.php(2474): CodeIgniter\Database\BaseConnection->query('UPDATE `tbl_users` SET `user_id` = :user_id:
WHERE 31 IS NULL', [...], false)
 2 APPPATH\Models\UserModel.php(44): CodeIgniter\Database\BaseBuilder->update([...], '31')
 3 APPPATH\Controllers\Admin.php(128): App\Models\UserModel->updateData('31', [...])
 4 SYSTEMPATH\CodeIgniter.php(941): App\Controllers\Admin->update_user()
 5 SYSTEMPATH\CodeIgniter.php(502): CodeIgniter\CodeIgniter->runController(Object(App\Controllers\Admin))
 6 SYSTEMPATH\CodeIgniter.php(361): CodeIgniter\CodeIgniter->handleRequest(null, Object(Config\Cache), false)
 7 FCPATH\index.php(79): CodeIgniter\CodeIgniter->run()
 8 SYSTEMPATH\Commands\Server\rewrite.php(47): require_once('D:\\2023\\web-project-berita\\Project-Web-Berita\\public\\index.php')
CRITICAL - 2024-03-17 16:27:26 --> [Caused by] CodeIgniter\Database\Exceptions\DatabaseException: Operand should contain 1 column(s)
in SYSTEMPATH\Database\MySQLi\Connection.php on line 311.
 1 SYSTEMPATH\Database\BaseConnection.php(693): CodeIgniter\Database\MySQLi\Connection->execute('UPDATE `tbl_users` SET `user_id` = (\'a\',\'aaa\',\'089889898989\',\'author\')
WHERE 31 IS NULL')
 2 SYSTEMPATH\Database\BaseConnection.php(607): CodeIgniter\Database\BaseConnection->simpleQuery('UPDATE `tbl_users` SET `user_id` = (\'a\',\'aaa\',\'089889898989\',\'author\')
WHERE 31 IS NULL')
 3 SYSTEMPATH\Database\BaseBuilder.php(2474): CodeIgniter\Database\BaseConnection->query('UPDATE `tbl_users` SET `user_id` = :user_id:
WHERE 31 IS NULL', [...], false)
 4 APPPATH\Models\UserModel.php(44): CodeIgniter\Database\BaseBuilder->update([...], '31')
 5 APPPATH\Controllers\Admin.php(128): App\Models\UserModel->updateData('31', [...])
 6 SYSTEMPATH\CodeIgniter.php(941): App\Controllers\Admin->update_user()
 7 SYSTEMPATH\CodeIgniter.php(502): CodeIgniter\CodeIgniter->runController(Object(App\Controllers\Admin))
 8 SYSTEMPATH\CodeIgniter.php(361): CodeIgniter\CodeIgniter->handleRequest(null, Object(Config\Cache), false)
 9 FCPATH\index.php(79): CodeIgniter\CodeIgniter->run()
10 SYSTEMPATH\Commands\Server\rewrite.php(47): require_once('D:\\2023\\web-project-berita\\Project-Web-Berita\\public\\index.php')
CRITICAL - 2024-03-17 16:27:26 --> [Caused by] mysqli_sql_exception: Operand should contain 1 column(s)
in SYSTEMPATH\Database\MySQLi\Connection.php on line 306.
 1 SYSTEMPATH\Database\MySQLi\Connection.php(306): mysqli->query('UPDATE `tbl_users` SET `user_id` = (\'a\',\'aaa\',\'089889898989\',\'author\')
WHERE 31 IS NULL', 0)
 2 SYSTEMPATH\Database\BaseConnection.php(693): CodeIgniter\Database\MySQLi\Connection->execute('UPDATE `tbl_users` SET `user_id` = (\'a\',\'aaa\',\'089889898989\',\'author\')
WHERE 31 IS NULL')
 3 SYSTEMPATH\Database\BaseConnection.php(607): CodeIgniter\Database\BaseConnection->simpleQuery('UPDATE `tbl_users` SET `user_id` = (\'a\',\'aaa\',\'089889898989\',\'author\')
WHERE 31 IS NULL')
 4 SYSTEMPATH\Database\BaseBuilder.php(2474): CodeIgniter\Database\BaseConnection->query('UPDATE `tbl_users` SET `user_id` = :user_id:
WHERE 31 IS NULL', [...], false)
 5 APPPATH\Models\UserModel.php(44): CodeIgniter\Database\BaseBuilder->update([...], '31')
 6 APPPATH\Controllers\Admin.php(128): App\Models\UserModel->updateData('31', [...])
 7 SYSTEMPATH\CodeIgniter.php(941): App\Controllers\Admin->update_user()
 8 SYSTEMPATH\CodeIgniter.php(502): CodeIgniter\CodeIgniter->runController(Object(App\Controllers\Admin))
 9 SYSTEMPATH\CodeIgniter.php(361): CodeIgniter\CodeIgniter->handleRequest(null, Object(Config\Cache), false)
10 FCPATH\index.php(79): CodeIgniter\CodeIgniter->run()
11 SYSTEMPATH\Commands\Server\rewrite.php(47): require_once('D:\\2023\\web-project-berita\\Project-Web-Berita\\public\\index.php')
INFO - 2024-03-17 16:27:49 --> Session: Class initialized using 'CodeIgniter\Session\Handlers\FileHandler' driver.
ERROR - 2024-03-17 16:27:49 --> mysqli_sql_exception: You have an error in your SQL syntax; check the manual that corresponds to your MariaDB server version for the right syntax to use near '31 = :31:
WHERE `user_id` = ('a','aaa','089889898989','author')' at line 1 in D:\2023\web-project-berita\Project-Web-Berita\vendor\codeigniter4\framework\system\Database\MySQLi\Connection.php:306
Stack trace:
#0 D:\2023\web-project-berita\Project-Web-Berita\vendor\codeigniter4\framework\system\Database\MySQLi\Connection.php(306): mysqli->query('UPDATE `tbl_use...', 0)
#1 D:\2023\web-project-berita\Project-Web-Berita\vendor\codeigniter4\framework\system\Database\BaseConnection.php(693): CodeIgniter\Database\MySQLi\Connection->execute('UPDATE `tbl_use...')
#2 D:\2023\web-project-berita\Project-Web-Berita\vendor\codeigniter4\framework\system\Database\BaseConnection.php(607): CodeIgniter\Database\BaseConnection->simpleQuery('UPDATE `tbl_use...')
#3 D:\2023\web-project-berita\Project-Web-Berita\vendor\codeigniter4\framework\system\Database\BaseBuilder.php(2474): CodeIgniter\Database\BaseConnection->query('UPDATE `tbl_use...', Array, false)
#4 D:\2023\web-project-berita\Project-Web-Berita\app\Models\UserModel.php(44): CodeIgniter\Database\BaseBuilder->update('31')
#5 D:\2023\web-project-berita\Project-Web-Berita\app\Controllers\Admin.php(128): App\Models\UserModel->updateData('31', Array)
#6 D:\2023\web-project-berita\Project-Web-Berita\vendor\codeigniter4\framework\system\CodeIgniter.php(941): App\Controllers\Admin->update_user()
#7 D:\2023\web-project-berita\Project-Web-Berita\vendor\codeigniter4\framework\system\CodeIgniter.php(502): CodeIgniter\CodeIgniter->runController(Object(App\Controllers\Admin))
#8 D:\2023\web-project-berita\Project-Web-Berita\vendor\codeigniter4\framework\system\CodeIgniter.php(361): CodeIgniter\CodeIgniter->handleRequest(NULL, Object(Config\Cache), false)
#9 D:\2023\web-project-berita\Project-Web-Berita\public\index.php(79): CodeIgniter\CodeIgniter->run()
#10 D:\2023\web-project-berita\Project-Web-Berita\vendor\codeigniter4\framework\system\Commands\Server\rewrite.php(47): require_once('D:\\2023\\web-pro...')
#11 {main}
CRITICAL - 2024-03-17 16:27:49 --> CodeIgniter\Database\Exceptions\DatabaseException: You have an error in your SQL syntax; check the manual that corresponds to your MariaDB server version for the right syntax to use near '31 = :31:
WHERE `user_id` = ('a','aaa','089889898989','author')' at line 1
in SYSTEMPATH\Database\BaseConnection.php on line 647.
 1 SYSTEMPATH\Database\BaseBuilder.php(2474): CodeIgniter\Database\BaseConnection->query('UPDATE `tbl_users` SET 31 = :31:
WHERE `user_id` = :user_id:', [...], false)
 2 APPPATH\Models\UserModel.php(44): CodeIgniter\Database\BaseBuilder->update('31')
 3 APPPATH\Controllers\Admin.php(128): App\Models\UserModel->updateData('31', [...])
 4 SYSTEMPATH\CodeIgniter.php(941): App\Controllers\Admin->update_user()
 5 SYSTEMPATH\CodeIgniter.php(502): CodeIgniter\CodeIgniter->runController(Object(App\Controllers\Admin))
 6 SYSTEMPATH\CodeIgniter.php(361): CodeIgniter\CodeIgniter->handleRequest(null, Object(Config\Cache), false)
 7 FCPATH\index.php(79): CodeIgniter\CodeIgniter->run()
 8 SYSTEMPATH\Commands\Server\rewrite.php(47): require_once('D:\\2023\\web-project-berita\\Project-Web-Berita\\public\\index.php')
CRITICAL - 2024-03-17 16:27:49 --> [Caused by] CodeIgniter\Database\Exceptions\DatabaseException: You have an error in your SQL syntax; check the manual that corresponds to your MariaDB server version for the right syntax to use near '31 = :31:
WHERE `user_id` = ('a','aaa','089889898989','author')' at line 1
in SYSTEMPATH\Database\MySQLi\Connection.php on line 311.
 1 SYSTEMPATH\Database\BaseConnection.php(693): CodeIgniter\Database\MySQLi\Connection->execute('UPDATE `tbl_users` SET 31 = :31:
WHERE `user_id` = (\'a\',\'aaa\',\'089889898989\',\'author\')')
 2 SYSTEMPATH\Database\BaseConnection.php(607): CodeIgniter\Database\BaseConnection->simpleQuery('UPDATE `tbl_users` SET 31 = :31:
WHERE `user_id` = (\'a\',\'aaa\',\'089889898989\',\'author\')')
 3 SYSTEMPATH\Database\BaseBuilder.php(2474): CodeIgniter\Database\BaseConnection->query('UPDATE `tbl_users` SET 31 = :31:
WHERE `user_id` = :user_id:', [...], false)
 4 APPPATH\Models\UserModel.php(44): CodeIgniter\Database\BaseBuilder->update('31')
 5 APPPATH\Controllers\Admin.php(128): App\Models\UserModel->updateData('31', [...])
 6 SYSTEMPATH\CodeIgniter.php(941): App\Controllers\Admin->update_user()
 7 SYSTEMPATH\CodeIgniter.php(502): CodeIgniter\CodeIgniter->runController(Object(App\Controllers\Admin))
 8 SYSTEMPATH\CodeIgniter.php(361): CodeIgniter\CodeIgniter->handleRequest(null, Object(Config\Cache), false)
 9 FCPATH\index.php(79): CodeIgniter\CodeIgniter->run()
10 SYSTEMPATH\Commands\Server\rewrite.php(47): require_once('D:\\2023\\web-project-berita\\Project-Web-Berita\\public\\index.php')
CRITICAL - 2024-03-17 16:27:49 --> [Caused by] mysqli_sql_exception: You have an error in your SQL syntax; check the manual that corresponds to your MariaDB server version for the right syntax to use near '31 = :31:
WHERE `user_id` = ('a','aaa','089889898989','author')' at line 1
in SYSTEMPATH\Database\MySQLi\Connection.php on line 306.
 1 SYSTEMPATH\Database\MySQLi\Connection.php(306): mysqli->query('UPDATE `tbl_users` SET 31 = :31:
WHERE `user_id` = (\'a\',\'aaa\',\'089889898989\',\'author\')', 0)
 2 SYSTEMPATH\Database\BaseConnection.php(693): CodeIgniter\Database\MySQLi\Connection->execute('UPDATE `tbl_users` SET 31 = :31:
WHERE `user_id` = (\'a\',\'aaa\',\'089889898989\',\'author\')')
 3 SYSTEMPATH\Database\BaseConnection.php(607): CodeIgniter\Database\BaseConnection->simpleQuery('UPDATE `tbl_users` SET 31 = :31:
WHERE `user_id` = (\'a\',\'aaa\',\'089889898989\',\'author\')')
 4 SYSTEMPATH\Database\BaseBuilder.php(2474): CodeIgniter\Database\BaseConnection->query('UPDATE `tbl_users` SET 31 = :31:
WHERE `user_id` = :user_id:', [...], false)
 5 APPPATH\Models\UserModel.php(44): CodeIgniter\Database\BaseBuilder->update('31')
 6 APPPATH\Controllers\Admin.php(128): App\Models\UserModel->updateData('31', [...])
 7 SYSTEMPATH\CodeIgniter.php(941): App\Controllers\Admin->update_user()
 8 SYSTEMPATH\CodeIgniter.php(502): CodeIgniter\CodeIgniter->runController(Object(App\Controllers\Admin))
 9 SYSTEMPATH\CodeIgniter.php(361): CodeIgniter\CodeIgniter->handleRequest(null, Object(Config\Cache), false)
10 FCPATH\index.php(79): CodeIgniter\CodeIgniter->run()
11 SYSTEMPATH\Commands\Server\rewrite.php(47): require_once('D:\\2023\\web-project-berita\\Project-Web-Berita\\public\\index.php')
INFO - 2024-03-17 16:29:16 --> Session: Class initialized using 'CodeIgniter\Session\Handlers\FileHandler' driver.
INFO - 2024-03-17 16:29:16 --> Session: Class initialized using 'CodeIgniter\Session\Handlers\FileHandler' driver.
INFO - 2024-03-17 16:39:44 --> Session: Class initialized using 'CodeIgniter\Session\Handlers\FileHandler' driver.
INFO - 2024-03-17 16:39:44 --> Session: Class initialized using 'CodeIgniter\Session\Handlers\FileHandler' driver.
INFO - 2024-03-17 16:39:49 --> Session: Class initialized using 'CodeIgniter\Session\Handlers\FileHandler' driver.
INFO - 2024-03-17 16:39:50 --> Session: Class initialized using 'CodeIgniter\Session\Handlers\FileHandler' driver.
INFO - 2024-03-17 16:39:54 --> Session: Class initialized using 'CodeIgniter\Session\Handlers\FileHandler' driver.
INFO - 2024-03-17 16:40:13 --> Session: Class initialized using 'CodeIgniter\Session\Handlers\FileHandler' driver.
INFO - 2024-03-17 16:40:13 --> Session: Class initialized using 'CodeIgniter\Session\Handlers\FileHandler' driver.
INFO - 2024-03-17 16:40:17 --> Session: Class initialized using 'CodeIgniter\Session\Handlers\FileHandler' driver.
INFO - 2024-03-17 16:40:21 --> Session: Class initialized using 'CodeIgniter\Session\Handlers\FileHandler' driver.
INFO - 2024-03-17 16:40:21 --> Session: Class initialized using 'CodeIgniter\Session\Handlers\FileHandler' driver.
INFO - 2024-03-17 16:40:28 --> Session: Class initialized using 'CodeIgniter\Session\Handlers\FileHandler' driver.
INFO - 2024-03-17 16:40:28 --> Session: Class initialized using 'CodeIgniter\Session\Handlers\FileHandler' driver.
INFO - 2024-03-17 16:40:34 --> Session: Class initialized using 'CodeIgniter\Session\Handlers\FileHandler' driver.
INFO - 2024-03-17 16:40:34 --> Session: Class initialized using 'CodeIgniter\Session\Handlers\FileHandler' driver.
INFO - 2024-03-17 16:40:38 --> Session: Class initialized using 'CodeIgniter\Session\Handlers\FileHandler' driver.
INFO - 2024-03-17 16:40:59 --> Session: Class initialized using 'CodeIgniter\Session\Handlers\FileHandler' driver.
INFO - 2024-03-17 16:40:59 --> Session: Class initialized using 'CodeIgniter\Session\Handlers\FileHandler' driver.
INFO - 2024-03-17 16:41:07 --> Session: Class initialized using 'CodeIgniter\Session\Handlers\FileHandler' driver.
INFO - 2024-03-17 16:41:07 --> Session: Class initialized using 'CodeIgniter\Session\Handlers\FileHandler' driver.
INFO - 2024-03-17 16:41:18 --> Session: Class initialized using 'CodeIgniter\Session\Handlers\FileHandler' driver.
INFO - 2024-03-17 16:41:19 --> Session: Class initialized using 'CodeIgniter\Session\Handlers\FileHandler' driver.
INFO - 2024-03-17 16:41:32 --> Session: Class initialized using 'CodeIgniter\Session\Handlers\FileHandler' driver.
INFO - 2024-03-17 16:41:32 --> Session: Class initialized using 'CodeIgniter\Session\Handlers\FileHandler' driver.
