<<<<<<< HEAD
INFO - 2024-06-05 03:27:55 --> Session: Class initialized using 'CodeIgniter\Session\Handlers\FileHandler' driver.
=======
INFO - 2024-06-05 00:04:40 --> Session: Class initialized using 'CodeIgniter\Session\Handlers\FileHandler' driver.
INFO - 2024-06-05 00:29:31 --> Session: Class initialized using 'CodeIgniter\Session\Handlers\FileHandler' driver.
WARNING - 2024-06-05 00:52:12 --> [DEPRECATED] Function strftime() is deprecated in APPPATH\Helpers\my_function_helper.php on line 12.
 1 APPPATH\Views\Home\singlePost.php(52): formatTanggal('2024-05-15 00:00:00')
 2 SYSTEMPATH\View\View.php(228): include('D:\\2023\\web-project-berita\\Project-Web-Berita\\app\\Views\\Home\\singlePost.php')
 3 SYSTEMPATH\View\View.php(231): CodeIgniter\View\View->CodeIgniter\View\{closure}()
 4 SYSTEMPATH\Common.php(1178): CodeIgniter\View\View->render('/Home/singlePost', [], true)
 5 APPPATH\Controllers\Home.php(61): view('/Home/singlePost', [...])
 6 SYSTEMPATH\CodeIgniter.php(941): App\Controllers\Home->singlePost('37')
 7 SYSTEMPATH\CodeIgniter.php(502): CodeIgniter\CodeIgniter->runController(Object(App\Controllers\Home))
 8 SYSTEMPATH\CodeIgniter.php(361): CodeIgniter\CodeIgniter->handleRequest(null, Object(Config\Cache), false)
 9 FCPATH\index.php(79): CodeIgniter\CodeIgniter->run()
10 SYSTEMPATH\Commands\Server\rewrite.php(47): require_once('D:\\2023\\web-project-berita\\Project-Web-Berita\\public\\index.php')
WARNING - 2024-06-05 00:52:19 --> [DEPRECATED] Function strftime() is deprecated in APPPATH\Helpers\my_function_helper.php on line 12.
 1 APPPATH\Views\Home\singlePost.php(52): formatTanggal('2024-05-15 00:00:00')
 2 SYSTEMPATH\View\View.php(228): include('D:\\2023\\web-project-berita\\Project-Web-Berita\\app\\Views\\Home\\singlePost.php')
 3 SYSTEMPATH\View\View.php(231): CodeIgniter\View\View->CodeIgniter\View\{closure}()
 4 SYSTEMPATH\Common.php(1178): CodeIgniter\View\View->render('/Home/singlePost', [], true)
 5 APPPATH\Controllers\Home.php(61): view('/Home/singlePost', [...])
 6 SYSTEMPATH\CodeIgniter.php(941): App\Controllers\Home->singlePost('37')
 7 SYSTEMPATH\CodeIgniter.php(502): CodeIgniter\CodeIgniter->runController(Object(App\Controllers\Home))
 8 SYSTEMPATH\CodeIgniter.php(361): CodeIgniter\CodeIgniter->handleRequest(null, Object(Config\Cache), false)
 9 FCPATH\index.php(79): CodeIgniter\CodeIgniter->run()
10 SYSTEMPATH\Commands\Server\rewrite.php(47): require_once('D:\\2023\\web-project-berita\\Project-Web-Berita\\public\\index.php')
WARNING - 2024-06-05 00:52:23 --> [DEPRECATED] Function strftime() is deprecated in APPPATH\Helpers\my_function_helper.php on line 12.
 1 APPPATH\Views\Home\singlePost.php(52): formatTanggal('2024-05-15 00:00:00')
 2 SYSTEMPATH\View\View.php(228): include('D:\\2023\\web-project-berita\\Project-Web-Berita\\app\\Views\\Home\\singlePost.php')
 3 SYSTEMPATH\View\View.php(231): CodeIgniter\View\View->CodeIgniter\View\{closure}()
 4 SYSTEMPATH\Common.php(1178): CodeIgniter\View\View->render('/Home/singlePost', [], true)
 5 APPPATH\Controllers\Home.php(61): view('/Home/singlePost', [...])
 6 SYSTEMPATH\CodeIgniter.php(941): App\Controllers\Home->singlePost('37')
 7 SYSTEMPATH\CodeIgniter.php(502): CodeIgniter\CodeIgniter->runController(Object(App\Controllers\Home))
 8 SYSTEMPATH\CodeIgniter.php(361): CodeIgniter\CodeIgniter->handleRequest(null, Object(Config\Cache), false)
 9 FCPATH\index.php(79): CodeIgniter\CodeIgniter->run()
10 SYSTEMPATH\Commands\Server\rewrite.php(47): require_once('D:\\2023\\web-project-berita\\Project-Web-Berita\\public\\index.php')
WARNING - 2024-06-05 00:53:38 --> [DEPRECATED] Function strftime() is deprecated in APPPATH\Helpers\my_function_helper.php on line 12.
 1 APPPATH\Views\Home\singlePost.php(47): formatTanggal('2024-05-15 00:00:00')
 2 SYSTEMPATH\View\View.php(228): include('D:\\2023\\web-project-berita\\Project-Web-Berita\\app\\Views\\Home\\singlePost.php')
 3 SYSTEMPATH\View\View.php(231): CodeIgniter\View\View->CodeIgniter\View\{closure}()
 4 SYSTEMPATH\Common.php(1178): CodeIgniter\View\View->render('/Home/singlePost', [], true)
 5 APPPATH\Controllers\Home.php(61): view('/Home/singlePost', [...])
 6 SYSTEMPATH\CodeIgniter.php(941): App\Controllers\Home->singlePost('37')
 7 SYSTEMPATH\CodeIgniter.php(502): CodeIgniter\CodeIgniter->runController(Object(App\Controllers\Home))
 8 SYSTEMPATH\CodeIgniter.php(361): CodeIgniter\CodeIgniter->handleRequest(null, Object(Config\Cache), false)
 9 FCPATH\index.php(79): CodeIgniter\CodeIgniter->run()
10 SYSTEMPATH\Commands\Server\rewrite.php(47): require_once('D:\\2023\\web-project-berita\\Project-Web-Berita\\public\\index.php')
WARNING - 2024-06-05 00:54:30 --> [DEPRECATED] Function strftime() is deprecated in APPPATH\Helpers\my_function_helper.php on line 12.
 1 APPPATH\Views\Home\singlePost.php(47): formatTanggal('2024-05-15 00:00:00')
 2 SYSTEMPATH\View\View.php(228): include('D:\\2023\\web-project-berita\\Project-Web-Berita\\app\\Views\\Home\\singlePost.php')
 3 SYSTEMPATH\View\View.php(231): CodeIgniter\View\View->CodeIgniter\View\{closure}()
 4 SYSTEMPATH\Common.php(1178): CodeIgniter\View\View->render('/Home/singlePost', [], true)
 5 APPPATH\Controllers\Home.php(61): view('/Home/singlePost', [...])
 6 SYSTEMPATH\CodeIgniter.php(941): App\Controllers\Home->singlePost('37')
 7 SYSTEMPATH\CodeIgniter.php(502): CodeIgniter\CodeIgniter->runController(Object(App\Controllers\Home))
 8 SYSTEMPATH\CodeIgniter.php(361): CodeIgniter\CodeIgniter->handleRequest(null, Object(Config\Cache), false)
 9 FCPATH\index.php(79): CodeIgniter\CodeIgniter->run()
10 SYSTEMPATH\Commands\Server\rewrite.php(47): require_once('D:\\2023\\web-project-berita\\Project-Web-Berita\\public\\index.php')
>>>>>>> 58f1d27518b175d8236ff525bfe867b21ef2b28a
<<<<<<< HEAD
INFO - 2024-06-05 06:08:44 --> Session: Class initialized using 'CodeIgniter\Session\Handlers\FileHandler' driver.
WARNING - 2024-06-05 06:08:51 --> [DEPRECATED] Function strftime() is deprecated in APPPATH\Helpers\my_function_helper.php on line 12.
 1 APPPATH\Views\Home\singlePost.php(47): formatTanggal('2024-05-15 00:00:00')
 2 SYSTEMPATH\View\View.php(228): include('D:\\2023\\web-project-berita\\Project-Web-Berita\\app\\Views\\Home\\singlePost.php')
=======
INFO - 2024-06-05 05:53:35 --> Session: Class initialized using 'CodeIgniter\Session\Handlers\FileHandler' driver.
ERROR - 2024-06-05 05:53:40 --> Error connecting to the database: mysqli_sql_exception: No connection could be made because the target machine actively refused it in C:\vscode\ProjectSMT4WP\Project-Web-Berita\vendor\codeigniter4\framework\system\Database\MySQLi\Connection.php:184
Stack trace:
#0 C:\vscode\ProjectSMT4WP\Project-Web-Berita\vendor\codeigniter4\framework\system\Database\MySQLi\Connection.php(184): mysqli->real_connect('localhost', 'root', Object(SensitiveParameterValue), 'db_news', 3306, '', 0)
#1 C:\vscode\ProjectSMT4WP\Project-Web-Berita\vendor\codeigniter4\framework\system\Database\BaseConnection.php(392): CodeIgniter\Database\MySQLi\Connection->connect(false)
#2 C:\vscode\ProjectSMT4WP\Project-Web-Berita\vendor\codeigniter4\framework\system\Database\BaseConnection.php(575): CodeIgniter\Database\BaseConnection->initialize()
#3 C:\vscode\ProjectSMT4WP\Project-Web-Berita\vendor\codeigniter4\framework\system\Database\BaseBuilder.php(1616): CodeIgniter\Database\BaseConnection->query('SELECT *\nFROM `...', Array, false)
#4 C:\vscode\ProjectSMT4WP\Project-Web-Berita\app\Models\ArticleModel.php(46): CodeIgniter\Database\BaseBuilder->get()
#5 C:\vscode\ProjectSMT4WP\Project-Web-Berita\app\Controllers\Home.php(44): App\Models\ArticleModel->getDataSomeArticles()
#6 C:\vscode\ProjectSMT4WP\Project-Web-Berita\vendor\codeigniter4\framework\system\CodeIgniter.php(941): App\Controllers\Home->homePage()
#7 C:\vscode\ProjectSMT4WP\Project-Web-Berita\vendor\codeigniter4\framework\system\CodeIgniter.php(502): CodeIgniter\CodeIgniter->runController(Object(App\Controllers\Home))
#8 C:\vscode\ProjectSMT4WP\Project-Web-Berita\vendor\codeigniter4\framework\system\CodeIgniter.php(361): CodeIgniter\CodeIgniter->handleRequest(NULL, Object(Config\Cache), false)
#9 C:\vscode\ProjectSMT4WP\Project-Web-Berita\public\index.php(79): CodeIgniter\CodeIgniter->run()
#10 C:\vscode\ProjectSMT4WP\Project-Web-Berita\vendor\codeigniter4\framework\system\Commands\Server\rewrite.php(47): require_once('C:\\vscode\\Proje...')
#11 {main}

Next CodeIgniter\Database\Exceptions\DatabaseException: No connection could be made because the target machine actively refused it in C:\vscode\ProjectSMT4WP\Project-Web-Berita\vendor\codeigniter4\framework\system\Database\MySQLi\Connection.php:229
Stack trace:
#0 C:\vscode\ProjectSMT4WP\Project-Web-Berita\vendor\codeigniter4\framework\system\Database\BaseConnection.php(392): CodeIgniter\Database\MySQLi\Connection->connect(false)
#1 C:\vscode\ProjectSMT4WP\Project-Web-Berita\vendor\codeigniter4\framework\system\Database\BaseConnection.php(575): CodeIgniter\Database\BaseConnection->initialize()
#2 C:\vscode\ProjectSMT4WP\Project-Web-Berita\vendor\codeigniter4\framework\system\Database\BaseBuilder.php(1616): CodeIgniter\Database\BaseConnection->query('SELECT *\nFROM `...', Array, false)
#3 C:\vscode\ProjectSMT4WP\Project-Web-Berita\app\Models\ArticleModel.php(46): CodeIgniter\Database\BaseBuilder->get()
#4 C:\vscode\ProjectSMT4WP\Project-Web-Berita\app\Controllers\Home.php(44): App\Models\ArticleModel->getDataSomeArticles()
#5 C:\vscode\ProjectSMT4WP\Project-Web-Berita\vendor\codeigniter4\framework\system\CodeIgniter.php(941): App\Controllers\Home->homePage()
#6 C:\vscode\ProjectSMT4WP\Project-Web-Berita\vendor\codeigniter4\framework\system\CodeIgniter.php(502): CodeIgniter\CodeIgniter->runController(Object(App\Controllers\Home))
#7 C:\vscode\ProjectSMT4WP\Project-Web-Berita\vendor\codeigniter4\framework\system\CodeIgniter.php(361): CodeIgniter\CodeIgniter->handleRequest(NULL, Object(Config\Cache), false)
#8 C:\vscode\ProjectSMT4WP\Project-Web-Berita\public\index.php(79): CodeIgniter\CodeIgniter->run()
#9 C:\vscode\ProjectSMT4WP\Project-Web-Berita\vendor\codeigniter4\framework\system\Commands\Server\rewrite.php(47): require_once('C:\\vscode\\Proje...')
#10 {main}
CRITICAL - 2024-06-05 05:53:40 --> CodeIgniter\Database\Exceptions\DatabaseException: Unable to connect to the database.
Main connection [MySQLi]: No connection could be made because the target machine actively refused it
in SYSTEMPATH\Database\BaseConnection.php on line 428.
 1 SYSTEMPATH\Database\BaseConnection.php(575): CodeIgniter\Database\BaseConnection->initialize()
 2 SYSTEMPATH\Database\BaseBuilder.php(1616): CodeIgniter\Database\BaseConnection->query('SELECT *
FROM `article`
WHERE `approved` = :approved:
ORDER BY `id_article` DESC
 LIMIT 8', [...], false)
 3 APPPATH\Models\ArticleModel.php(46): CodeIgniter\Database\BaseBuilder->get()
 4 APPPATH\Controllers\Home.php(44): App\Models\ArticleModel->getDataSomeArticles()
 5 SYSTEMPATH\CodeIgniter.php(941): App\Controllers\Home->homePage()
 6 SYSTEMPATH\CodeIgniter.php(502): CodeIgniter\CodeIgniter->runController(Object(App\Controllers\Home))
 7 SYSTEMPATH\CodeIgniter.php(361): CodeIgniter\CodeIgniter->handleRequest(null, Object(Config\Cache), false)
 8 FCPATH\index.php(79): CodeIgniter\CodeIgniter->run()
 9 SYSTEMPATH\Commands\Server\rewrite.php(47): require_once('C:\\vscode\\ProjectSMT4WP\\Project-Web-Berita\\public\\index.php')
CRITICAL - 2024-06-05 05:53:52 --> ErrorException: Undefined variable $article
in APPPATH\Views\Home\homePage.php on line 93.
 1 APPPATH\Views\Home\homePage.php(93): CodeIgniter\Debug\Exceptions->errorHandler(2, 'Undefined variable $article', 'C:\\vscode\\ProjectSMT4WP\\Project-Web-Berita\\app\\Views\\Home\\homePage.php', 93)
 2 SYSTEMPATH\View\View.php(228): include('C:\\vscode\\ProjectSMT4WP\\Project-Web-Berita\\app\\Views\\Home\\homePage.php')
 3 SYSTEMPATH\View\View.php(231): CodeIgniter\View\View->CodeIgniter\View\{closure}()
 4 SYSTEMPATH\Common.php(1178): CodeIgniter\View\View->render('/Home/homePage', [], true)
 5 APPPATH\Controllers\Home.php(50): view('/Home/homePage', [...])
 6 SYSTEMPATH\CodeIgniter.php(941): App\Controllers\Home->homePage()
 7 SYSTEMPATH\CodeIgniter.php(502): CodeIgniter\CodeIgniter->runController(Object(App\Controllers\Home))
 8 SYSTEMPATH\CodeIgniter.php(361): CodeIgniter\CodeIgniter->handleRequest(null, Object(Config\Cache), false)
 9 FCPATH\index.php(79): CodeIgniter\CodeIgniter->run()
10 SYSTEMPATH\Commands\Server\rewrite.php(47): require_once('C:\\vscode\\ProjectSMT4WP\\Project-Web-Berita\\public\\index.php')
CRITICAL - 2024-06-05 05:54:00 --> ErrorException: Undefined variable $article
in APPPATH\Views\Home\homePage.php on line 93.
 1 APPPATH\Views\Home\homePage.php(93): CodeIgniter\Debug\Exceptions->errorHandler(2, 'Undefined variable $article', 'C:\\vscode\\ProjectSMT4WP\\Project-Web-Berita\\app\\Views\\Home\\homePage.php', 93)
 2 SYSTEMPATH\View\View.php(228): include('C:\\vscode\\ProjectSMT4WP\\Project-Web-Berita\\app\\Views\\Home\\homePage.php')
 3 SYSTEMPATH\View\View.php(231): CodeIgniter\View\View->CodeIgniter\View\{closure}()
 4 SYSTEMPATH\Common.php(1178): CodeIgniter\View\View->render('/Home/homePage', [], true)
 5 APPPATH\Controllers\Home.php(50): view('/Home/homePage', [...])
 6 SYSTEMPATH\CodeIgniter.php(941): App\Controllers\Home->homePage()
 7 SYSTEMPATH\CodeIgniter.php(502): CodeIgniter\CodeIgniter->runController(Object(App\Controllers\Home))
 8 SYSTEMPATH\CodeIgniter.php(361): CodeIgniter\CodeIgniter->handleRequest(null, Object(Config\Cache), false)
 9 FCPATH\index.php(79): CodeIgniter\CodeIgniter->run()
10 SYSTEMPATH\Commands\Server\rewrite.php(47): require_once('C:\\vscode\\ProjectSMT4WP\\Project-Web-Berita\\public\\index.php')
INFO - 2024-06-05 05:54:11 --> Session: Class initialized using 'CodeIgniter\Session\Handlers\FileHandler' driver.
CRITICAL - 2024-06-05 05:54:11 --> ErrorException: Undefined variable $article
in APPPATH\Views\Home\homePage.php on line 93.
 1 APPPATH\Views\Home\homePage.php(93): CodeIgniter\Debug\Exceptions->errorHandler(2, 'Undefined variable $article', 'C:\\vscode\\ProjectSMT4WP\\Project-Web-Berita\\app\\Views\\Home\\homePage.php', 93)
 2 SYSTEMPATH\View\View.php(228): include('C:\\vscode\\ProjectSMT4WP\\Project-Web-Berita\\app\\Views\\Home\\homePage.php')
 3 SYSTEMPATH\View\View.php(231): CodeIgniter\View\View->CodeIgniter\View\{closure}()
 4 SYSTEMPATH\Common.php(1178): CodeIgniter\View\View->render('/Home/homePage', [], true)
 5 APPPATH\Controllers\Home.php(50): view('/Home/homePage', [...])
 6 SYSTEMPATH\CodeIgniter.php(941): App\Controllers\Home->homePage()
 7 SYSTEMPATH\CodeIgniter.php(502): CodeIgniter\CodeIgniter->runController(Object(App\Controllers\Home))
 8 SYSTEMPATH\CodeIgniter.php(361): CodeIgniter\CodeIgniter->handleRequest(null, Object(Config\Cache), false)
 9 FCPATH\index.php(79): CodeIgniter\CodeIgniter->run()
10 SYSTEMPATH\Commands\Server\rewrite.php(47): require_once('C:\\vscode\\ProjectSMT4WP\\Project-Web-Berita\\public\\index.php')
CRITICAL - 2024-06-05 05:55:38 --> ErrorException: Undefined variable $article
in APPPATH\Views\Home\homePage.php on line 93.
 1 APPPATH\Views\Home\homePage.php(93): CodeIgniter\Debug\Exceptions->errorHandler(2, 'Undefined variable $article', 'C:\\vscode\\ProjectSMT4WP\\Project-Web-Berita\\app\\Views\\Home\\homePage.php', 93)
 2 SYSTEMPATH\View\View.php(228): include('C:\\vscode\\ProjectSMT4WP\\Project-Web-Berita\\app\\Views\\Home\\homePage.php')
 3 SYSTEMPATH\View\View.php(231): CodeIgniter\View\View->CodeIgniter\View\{closure}()
 4 SYSTEMPATH\Common.php(1178): CodeIgniter\View\View->render('/Home/homePage', [], true)
 5 APPPATH\Controllers\Home.php(50): view('/Home/homePage', [...])
 6 SYSTEMPATH\CodeIgniter.php(941): App\Controllers\Home->homePage()
 7 SYSTEMPATH\CodeIgniter.php(502): CodeIgniter\CodeIgniter->runController(Object(App\Controllers\Home))
 8 SYSTEMPATH\CodeIgniter.php(361): CodeIgniter\CodeIgniter->handleRequest(null, Object(Config\Cache), false)
 9 FCPATH\index.php(79): CodeIgniter\CodeIgniter->run()
10 SYSTEMPATH\Commands\Server\rewrite.php(47): require_once('C:\\vscode\\ProjectSMT4WP\\Project-Web-Berita\\public\\index.php')
CRITICAL - 2024-06-05 05:56:22 --> ErrorException: Undefined variable $article
in APPPATH\Views\Home\homePage.php on line 93.
 1 APPPATH\Views\Home\homePage.php(93): CodeIgniter\Debug\Exceptions->errorHandler(2, 'Undefined variable $article', 'C:\\vscode\\ProjectSMT4WP\\Project-Web-Berita\\app\\Views\\Home\\homePage.php', 93)
 2 SYSTEMPATH\View\View.php(228): include('C:\\vscode\\ProjectSMT4WP\\Project-Web-Berita\\app\\Views\\Home\\homePage.php')
 3 SYSTEMPATH\View\View.php(231): CodeIgniter\View\View->CodeIgniter\View\{closure}()
 4 SYSTEMPATH\Common.php(1178): CodeIgniter\View\View->render('/Home/homePage', [], true)
 5 APPPATH\Controllers\Home.php(50): view('/Home/homePage', [...])
 6 SYSTEMPATH\CodeIgniter.php(941): App\Controllers\Home->homePage()
 7 SYSTEMPATH\CodeIgniter.php(502): CodeIgniter\CodeIgniter->runController(Object(App\Controllers\Home))
 8 SYSTEMPATH\CodeIgniter.php(361): CodeIgniter\CodeIgniter->handleRequest(null, Object(Config\Cache), false)
 9 FCPATH\index.php(79): CodeIgniter\CodeIgniter->run()
10 SYSTEMPATH\Commands\Server\rewrite.php(47): require_once('C:\\vscode\\ProjectSMT4WP\\Project-Web-Berita\\public\\index.php')
CRITICAL - 2024-06-05 05:56:26 --> ErrorException: Undefined variable $article
in APPPATH\Views\Home\homePage.php on line 93.
 1 APPPATH\Views\Home\homePage.php(93): CodeIgniter\Debug\Exceptions->errorHandler(2, 'Undefined variable $article', 'C:\\vscode\\ProjectSMT4WP\\Project-Web-Berita\\app\\Views\\Home\\homePage.php', 93)
 2 SYSTEMPATH\View\View.php(228): include('C:\\vscode\\ProjectSMT4WP\\Project-Web-Berita\\app\\Views\\Home\\homePage.php')
 3 SYSTEMPATH\View\View.php(231): CodeIgniter\View\View->CodeIgniter\View\{closure}()
 4 SYSTEMPATH\Common.php(1178): CodeIgniter\View\View->render('/Home/homePage', [], true)
 5 APPPATH\Controllers\Home.php(50): view('/Home/homePage', [...])
 6 SYSTEMPATH\CodeIgniter.php(941): App\Controllers\Home->homePage()
 7 SYSTEMPATH\CodeIgniter.php(502): CodeIgniter\CodeIgniter->runController(Object(App\Controllers\Home))
 8 SYSTEMPATH\CodeIgniter.php(361): CodeIgniter\CodeIgniter->handleRequest(null, Object(Config\Cache), false)
 9 FCPATH\index.php(79): CodeIgniter\CodeIgniter->run()
10 SYSTEMPATH\Commands\Server\rewrite.php(47): require_once('C:\\vscode\\ProjectSMT4WP\\Project-Web-Berita\\public\\index.php')
CRITICAL - 2024-06-05 05:57:28 --> ErrorException: Undefined variable $article
in APPPATH\Views\Home\homePage.php on line 93.
 1 APPPATH\Views\Home\homePage.php(93): CodeIgniter\Debug\Exceptions->errorHandler(2, 'Undefined variable $article', 'C:\\vscode\\ProjectSMT4WP\\Project-Web-Berita\\app\\Views\\Home\\homePage.php', 93)
 2 SYSTEMPATH\View\View.php(228): include('C:\\vscode\\ProjectSMT4WP\\Project-Web-Berita\\app\\Views\\Home\\homePage.php')
 3 SYSTEMPATH\View\View.php(231): CodeIgniter\View\View->CodeIgniter\View\{closure}()
 4 SYSTEMPATH\Common.php(1178): CodeIgniter\View\View->render('/Home/homePage', [], true)
 5 APPPATH\Controllers\Home.php(50): view('/Home/homePage', [...])
 6 SYSTEMPATH\CodeIgniter.php(941): App\Controllers\Home->homePage()
 7 SYSTEMPATH\CodeIgniter.php(502): CodeIgniter\CodeIgniter->runController(Object(App\Controllers\Home))
 8 SYSTEMPATH\CodeIgniter.php(361): CodeIgniter\CodeIgniter->handleRequest(null, Object(Config\Cache), false)
 9 FCPATH\index.php(79): CodeIgniter\CodeIgniter->run()
10 SYSTEMPATH\Commands\Server\rewrite.php(47): require_once('C:\\vscode\\ProjectSMT4WP\\Project-Web-Berita\\public\\index.php')
CRITICAL - 2024-06-05 06:01:16 --> ErrorException: Undefined variable $article
in APPPATH\Views\Home\homePage.php on line 93.
 1 APPPATH\Views\Home\homePage.php(93): CodeIgniter\Debug\Exceptions->errorHandler(2, 'Undefined variable $article', 'C:\\vscode\\ProjectSMT4WP\\Project-Web-Berita\\app\\Views\\Home\\homePage.php', 93)
 2 SYSTEMPATH\View\View.php(228): include('C:\\vscode\\ProjectSMT4WP\\Project-Web-Berita\\app\\Views\\Home\\homePage.php')
 3 SYSTEMPATH\View\View.php(231): CodeIgniter\View\View->CodeIgniter\View\{closure}()
 4 SYSTEMPATH\Common.php(1178): CodeIgniter\View\View->render('/Home/homePage', [], true)
 5 APPPATH\Controllers\Home.php(50): view('/Home/homePage', [...])
 6 SYSTEMPATH\CodeIgniter.php(941): App\Controllers\Home->homePage()
 7 SYSTEMPATH\CodeIgniter.php(502): CodeIgniter\CodeIgniter->runController(Object(App\Controllers\Home))
 8 SYSTEMPATH\CodeIgniter.php(361): CodeIgniter\CodeIgniter->handleRequest(null, Object(Config\Cache), false)
 9 FCPATH\index.php(79): CodeIgniter\CodeIgniter->run()
10 SYSTEMPATH\Commands\Server\rewrite.php(47): require_once('C:\\vscode\\ProjectSMT4WP\\Project-Web-Berita\\public\\index.php')
CRITICAL - 2024-06-05 06:01:59 --> ErrorException: Undefined variable $article
in APPPATH\Views\Home\homePage.php on line 93.
 1 APPPATH\Views\Home\homePage.php(93): CodeIgniter\Debug\Exceptions->errorHandler(2, 'Undefined variable $article', 'C:\\vscode\\ProjectSMT4WP\\Project-Web-Berita\\app\\Views\\Home\\homePage.php', 93)
 2 SYSTEMPATH\View\View.php(228): include('C:\\vscode\\ProjectSMT4WP\\Project-Web-Berita\\app\\Views\\Home\\homePage.php')
 3 SYSTEMPATH\View\View.php(231): CodeIgniter\View\View->CodeIgniter\View\{closure}()
 4 SYSTEMPATH\Common.php(1178): CodeIgniter\View\View->render('/Home/homePage', [], true)
 5 APPPATH\Controllers\Home.php(50): view('/Home/homePage', [...])
 6 SYSTEMPATH\CodeIgniter.php(941): App\Controllers\Home->homePage()
 7 SYSTEMPATH\CodeIgniter.php(502): CodeIgniter\CodeIgniter->runController(Object(App\Controllers\Home))
 8 SYSTEMPATH\CodeIgniter.php(361): CodeIgniter\CodeIgniter->handleRequest(null, Object(Config\Cache), false)
 9 FCPATH\index.php(79): CodeIgniter\CodeIgniter->run()
10 SYSTEMPATH\Commands\Server\rewrite.php(47): require_once('C:\\vscode\\ProjectSMT4WP\\Project-Web-Berita\\public\\index.php')
WARNING - 2024-06-05 06:05:48 --> [DEPRECATED] Function strftime() is deprecated in APPPATH\Helpers\my_function_helper.php on line 12.
 1 APPPATH\Views\Home\singlePost.php(47): formatTanggal('2024-05-15 00:00:00')
 2 SYSTEMPATH\View\View.php(228): include('C:\\vscode\\ProjectSMT4WP\\Project-Web-Berita\\app\\Views\\Home\\singlePost.php')
>>>>>>> 60200edb49f0e94c8d25d54cf2fbb55b5485ef4f
 3 SYSTEMPATH\View\View.php(231): CodeIgniter\View\View->CodeIgniter\View\{closure}()
 4 SYSTEMPATH\Common.php(1178): CodeIgniter\View\View->render('/Home/singlePost', [], true)
 5 APPPATH\Controllers\Home.php(61): view('/Home/singlePost', [...])
 6 SYSTEMPATH\CodeIgniter.php(941): App\Controllers\Home->singlePost('37')
 7 SYSTEMPATH\CodeIgniter.php(502): CodeIgniter\CodeIgniter->runController(Object(App\Controllers\Home))
 8 SYSTEMPATH\CodeIgniter.php(361): CodeIgniter\CodeIgniter->handleRequest(null, Object(Config\Cache), false)
 9 FCPATH\index.php(79): CodeIgniter\CodeIgniter->run()
<<<<<<< HEAD
10 SYSTEMPATH\Commands\Server\rewrite.php(47): require_once('D:\\2023\\web-project-berita\\Project-Web-Berita\\public\\index.php')
WARNING - 2024-06-05 06:10:46 --> [DEPRECATED] Function strftime() is deprecated in APPPATH\Helpers\my_function_helper.php on line 12.
 1 APPPATH\Views\Home\singlePost.php(47): formatTanggal('2024-06-03 00:00:00')
 2 SYSTEMPATH\View\View.php(228): include('D:\\2023\\web-project-berita\\Project-Web-Berita\\app\\Views\\Home\\singlePost.php')
=======
10 SYSTEMPATH\Commands\Server\rewrite.php(47): require_once('C:\\vscode\\ProjectSMT4WP\\Project-Web-Berita\\public\\index.php')
WARNING - 2024-06-05 06:06:45 --> [DEPRECATED] Function strftime() is deprecated in APPPATH\Helpers\my_function_helper.php on line 12.
 1 APPPATH\Views\Home\singlePost.php(47): formatTanggal('2024-05-15 00:00:00')
 2 SYSTEMPATH\View\View.php(228): include('C:\\vscode\\ProjectSMT4WP\\Project-Web-Berita\\app\\Views\\Home\\singlePost.php')
 3 SYSTEMPATH\View\View.php(231): CodeIgniter\View\View->CodeIgniter\View\{closure}()
 4 SYSTEMPATH\Common.php(1178): CodeIgniter\View\View->render('/Home/singlePost', [], true)
 5 APPPATH\Controllers\Home.php(61): view('/Home/singlePost', [...])
 6 SYSTEMPATH\CodeIgniter.php(941): App\Controllers\Home->singlePost('37')
 7 SYSTEMPATH\CodeIgniter.php(502): CodeIgniter\CodeIgniter->runController(Object(App\Controllers\Home))
 8 SYSTEMPATH\CodeIgniter.php(361): CodeIgniter\CodeIgniter->handleRequest(null, Object(Config\Cache), false)
 9 FCPATH\index.php(79): CodeIgniter\CodeIgniter->run()
10 SYSTEMPATH\Commands\Server\rewrite.php(47): require_once('C:\\vscode\\ProjectSMT4WP\\Project-Web-Berita\\public\\index.php')
WARNING - 2024-06-05 06:07:02 --> [DEPRECATED] Function strftime() is deprecated in APPPATH\Helpers\my_function_helper.php on line 12.
 1 APPPATH\Views\Home\singlePost.php(47): formatTanggal('2024-06-03 00:00:00')
 2 SYSTEMPATH\View\View.php(228): include('C:\\vscode\\ProjectSMT4WP\\Project-Web-Berita\\app\\Views\\Home\\singlePost.php')
>>>>>>> 60200edb49f0e94c8d25d54cf2fbb55b5485ef4f
 3 SYSTEMPATH\View\View.php(231): CodeIgniter\View\View->CodeIgniter\View\{closure}()
 4 SYSTEMPATH\Common.php(1178): CodeIgniter\View\View->render('/Home/singlePost', [], true)
 5 APPPATH\Controllers\Home.php(61): view('/Home/singlePost', [...])
 6 SYSTEMPATH\CodeIgniter.php(941): App\Controllers\Home->singlePost('48')
 7 SYSTEMPATH\CodeIgniter.php(502): CodeIgniter\CodeIgniter->runController(Object(App\Controllers\Home))
 8 SYSTEMPATH\CodeIgniter.php(361): CodeIgniter\CodeIgniter->handleRequest(null, Object(Config\Cache), false)
 9 FCPATH\index.php(79): CodeIgniter\CodeIgniter->run()
<<<<<<< HEAD
10 SYSTEMPATH\Commands\Server\rewrite.php(47): require_once('D:\\2023\\web-project-berita\\Project-Web-Berita\\public\\index.php')
=======
10 SYSTEMPATH\Commands\Server\rewrite.php(47): require_once('C:\\vscode\\ProjectSMT4WP\\Project-Web-Berita\\public\\index.php')
WARNING - 2024-06-05 06:08:23 --> [DEPRECATED] Function strftime() is deprecated in APPPATH\Helpers\my_function_helper.php on line 12.
 1 APPPATH\Views\Home\singlePost.php(47): formatTanggal('2024-04-27 00:00:00')
 2 SYSTEMPATH\View\View.php(228): include('C:\\vscode\\ProjectSMT4WP\\Project-Web-Berita\\app\\Views\\Home\\singlePost.php')
 3 SYSTEMPATH\View\View.php(231): CodeIgniter\View\View->CodeIgniter\View\{closure}()
 4 SYSTEMPATH\Common.php(1178): CodeIgniter\View\View->render('/Home/singlePost', [], true)
 5 APPPATH\Controllers\Home.php(61): view('/Home/singlePost', [...])
 6 SYSTEMPATH\CodeIgniter.php(941): App\Controllers\Home->singlePost('36')
 7 SYSTEMPATH\CodeIgniter.php(502): CodeIgniter\CodeIgniter->runController(Object(App\Controllers\Home))
 8 SYSTEMPATH\CodeIgniter.php(361): CodeIgniter\CodeIgniter->handleRequest(null, Object(Config\Cache), false)
 9 FCPATH\index.php(79): CodeIgniter\CodeIgniter->run()
10 SYSTEMPATH\Commands\Server\rewrite.php(47): require_once('C:\\vscode\\ProjectSMT4WP\\Project-Web-Berita\\public\\index.php')
WARNING - 2024-06-05 06:11:48 --> [DEPRECATED] Function strftime() is deprecated in APPPATH\Helpers\my_function_helper.php on line 12.
 1 APPPATH\Views\Home\singlePost.php(47): formatTanggal('2024-06-03 00:00:00')
 2 SYSTEMPATH\View\View.php(228): include('C:\\vscode\\ProjectSMT4WP\\Project-Web-Berita\\app\\Views\\Home\\singlePost.php')
 3 SYSTEMPATH\View\View.php(231): CodeIgniter\View\View->CodeIgniter\View\{closure}()
 4 SYSTEMPATH\Common.php(1178): CodeIgniter\View\View->render('/Home/singlePost', [], true)
 5 APPPATH\Controllers\Home.php(61): view('/Home/singlePost', [...])
 6 SYSTEMPATH\CodeIgniter.php(941): App\Controllers\Home->singlePost('48')
 7 SYSTEMPATH\CodeIgniter.php(502): CodeIgniter\CodeIgniter->runController(Object(App\Controllers\Home))
 8 SYSTEMPATH\CodeIgniter.php(361): CodeIgniter\CodeIgniter->handleRequest(null, Object(Config\Cache), false)
 9 FCPATH\index.php(79): CodeIgniter\CodeIgniter->run()
10 SYSTEMPATH\Commands\Server\rewrite.php(47): require_once('C:\\vscode\\ProjectSMT4WP\\Project-Web-Berita\\public\\index.php')
WARNING - 2024-06-05 06:11:50 --> [DEPRECATED] Function strftime() is deprecated in APPPATH\Helpers\my_function_helper.php on line 12.
 1 APPPATH\Views\Home\singlePost.php(47): formatTanggal('2024-06-03 00:00:00')
 2 SYSTEMPATH\View\View.php(228): include('C:\\vscode\\ProjectSMT4WP\\Project-Web-Berita\\app\\Views\\Home\\singlePost.php')
 3 SYSTEMPATH\View\View.php(231): CodeIgniter\View\View->CodeIgniter\View\{closure}()
 4 SYSTEMPATH\Common.php(1178): CodeIgniter\View\View->render('/Home/singlePost', [], true)
 5 APPPATH\Controllers\Home.php(61): view('/Home/singlePost', [...])
 6 SYSTEMPATH\CodeIgniter.php(941): App\Controllers\Home->singlePost('48')
 7 SYSTEMPATH\CodeIgniter.php(502): CodeIgniter\CodeIgniter->runController(Object(App\Controllers\Home))
 8 SYSTEMPATH\CodeIgniter.php(361): CodeIgniter\CodeIgniter->handleRequest(null, Object(Config\Cache), false)
 9 FCPATH\index.php(79): CodeIgniter\CodeIgniter->run()
10 SYSTEMPATH\Commands\Server\rewrite.php(47): require_once('C:\\vscode\\ProjectSMT4WP\\Project-Web-Berita\\public\\index.php')
WARNING - 2024-06-05 06:12:42 --> [DEPRECATED] Function strftime() is deprecated in APPPATH\Helpers\my_function_helper.php on line 12.
 1 APPPATH\Views\Home\singlePost.php(47): formatTanggal('2024-06-03 00:00:00')
 2 SYSTEMPATH\View\View.php(228): include('C:\\vscode\\ProjectSMT4WP\\Project-Web-Berita\\app\\Views\\Home\\singlePost.php')
 3 SYSTEMPATH\View\View.php(231): CodeIgniter\View\View->CodeIgniter\View\{closure}()
 4 SYSTEMPATH\Common.php(1178): CodeIgniter\View\View->render('/Home/singlePost', [], true)
 5 APPPATH\Controllers\Home.php(61): view('/Home/singlePost', [...])
 6 SYSTEMPATH\CodeIgniter.php(941): App\Controllers\Home->singlePost('48')
 7 SYSTEMPATH\CodeIgniter.php(502): CodeIgniter\CodeIgniter->runController(Object(App\Controllers\Home))
 8 SYSTEMPATH\CodeIgniter.php(361): CodeIgniter\CodeIgniter->handleRequest(null, Object(Config\Cache), false)
 9 FCPATH\index.php(79): CodeIgniter\CodeIgniter->run()
10 SYSTEMPATH\Commands\Server\rewrite.php(47): require_once('C:\\vscode\\ProjectSMT4WP\\Project-Web-Berita\\public\\index.php')
WARNING - 2024-06-05 06:12:58 --> [DEPRECATED] Function strftime() is deprecated in APPPATH\Helpers\my_function_helper.php on line 12.
 1 APPPATH\Views\Home\singlePost.php(47): formatTanggal('2024-06-03 00:00:00')
 2 SYSTEMPATH\View\View.php(228): include('C:\\vscode\\ProjectSMT4WP\\Project-Web-Berita\\app\\Views\\Home\\singlePost.php')
 3 SYSTEMPATH\View\View.php(231): CodeIgniter\View\View->CodeIgniter\View\{closure}()
 4 SYSTEMPATH\Common.php(1178): CodeIgniter\View\View->render('/Home/singlePost', [], true)
 5 APPPATH\Controllers\Home.php(61): view('/Home/singlePost', [...])
 6 SYSTEMPATH\CodeIgniter.php(941): App\Controllers\Home->singlePost('48')
 7 SYSTEMPATH\CodeIgniter.php(502): CodeIgniter\CodeIgniter->runController(Object(App\Controllers\Home))
 8 SYSTEMPATH\CodeIgniter.php(361): CodeIgniter\CodeIgniter->handleRequest(null, Object(Config\Cache), false)
 9 FCPATH\index.php(79): CodeIgniter\CodeIgniter->run()
10 SYSTEMPATH\Commands\Server\rewrite.php(47): require_once('C:\\vscode\\ProjectSMT4WP\\Project-Web-Berita\\public\\index.php')
WARNING - 2024-06-05 06:13:17 --> [DEPRECATED] Function strftime() is deprecated in APPPATH\Helpers\my_function_helper.php on line 12.
 1 APPPATH\Views\Home\singlePost.php(47): formatTanggal('2024-06-03 00:00:00')
 2 SYSTEMPATH\View\View.php(228): include('C:\\vscode\\ProjectSMT4WP\\Project-Web-Berita\\app\\Views\\Home\\singlePost.php')
 3 SYSTEMPATH\View\View.php(231): CodeIgniter\View\View->CodeIgniter\View\{closure}()
 4 SYSTEMPATH\Common.php(1178): CodeIgniter\View\View->render('/Home/singlePost', [], true)
 5 APPPATH\Controllers\Home.php(61): view('/Home/singlePost', [...])
 6 SYSTEMPATH\CodeIgniter.php(941): App\Controllers\Home->singlePost('48')
 7 SYSTEMPATH\CodeIgniter.php(502): CodeIgniter\CodeIgniter->runController(Object(App\Controllers\Home))
 8 SYSTEMPATH\CodeIgniter.php(361): CodeIgniter\CodeIgniter->handleRequest(null, Object(Config\Cache), false)
 9 FCPATH\index.php(79): CodeIgniter\CodeIgniter->run()
10 SYSTEMPATH\Commands\Server\rewrite.php(47): require_once('C:\\vscode\\ProjectSMT4WP\\Project-Web-Berita\\public\\index.php')
WARNING - 2024-06-05 06:13:21 --> [DEPRECATED] Function strftime() is deprecated in APPPATH\Helpers\my_function_helper.php on line 12.
 1 APPPATH\Views\Home\singlePost.php(47): formatTanggal('2024-05-15 00:00:00')
 2 SYSTEMPATH\View\View.php(228): include('C:\\vscode\\ProjectSMT4WP\\Project-Web-Berita\\app\\Views\\Home\\singlePost.php')
 3 SYSTEMPATH\View\View.php(231): CodeIgniter\View\View->CodeIgniter\View\{closure}()
 4 SYSTEMPATH\Common.php(1178): CodeIgniter\View\View->render('/Home/singlePost', [], true)
 5 APPPATH\Controllers\Home.php(61): view('/Home/singlePost', [...])
 6 SYSTEMPATH\CodeIgniter.php(941): App\Controllers\Home->singlePost('37')
 7 SYSTEMPATH\CodeIgniter.php(502): CodeIgniter\CodeIgniter->runController(Object(App\Controllers\Home))
 8 SYSTEMPATH\CodeIgniter.php(361): CodeIgniter\CodeIgniter->handleRequest(null, Object(Config\Cache), false)
 9 FCPATH\index.php(79): CodeIgniter\CodeIgniter->run()
10 SYSTEMPATH\Commands\Server\rewrite.php(47): require_once('C:\\vscode\\ProjectSMT4WP\\Project-Web-Berita\\public\\index.php')
WARNING - 2024-06-05 06:14:54 --> [DEPRECATED] Function strftime() is deprecated in APPPATH\Helpers\my_function_helper.php on line 12.
 1 APPPATH\Views\Home\singlePost.php(47): formatTanggal('2024-05-15 00:00:00')
 2 SYSTEMPATH\View\View.php(228): include('C:\\vscode\\ProjectSMT4WP\\Project-Web-Berita\\app\\Views\\Home\\singlePost.php')
 3 SYSTEMPATH\View\View.php(231): CodeIgniter\View\View->CodeIgniter\View\{closure}()
 4 SYSTEMPATH\Common.php(1178): CodeIgniter\View\View->render('/Home/singlePost', [], true)
 5 APPPATH\Controllers\Home.php(61): view('/Home/singlePost', [...])
 6 SYSTEMPATH\CodeIgniter.php(941): App\Controllers\Home->singlePost('37')
 7 SYSTEMPATH\CodeIgniter.php(502): CodeIgniter\CodeIgniter->runController(Object(App\Controllers\Home))
 8 SYSTEMPATH\CodeIgniter.php(361): CodeIgniter\CodeIgniter->handleRequest(null, Object(Config\Cache), false)
 9 FCPATH\index.php(79): CodeIgniter\CodeIgniter->run()
10 SYSTEMPATH\Commands\Server\rewrite.php(47): require_once('C:\\vscode\\ProjectSMT4WP\\Project-Web-Berita\\public\\index.php')
WARNING - 2024-06-05 06:15:00 --> [DEPRECATED] Function strftime() is deprecated in APPPATH\Helpers\my_function_helper.php on line 12.
 1 APPPATH\Views\Home\singlePost.php(47): formatTanggal('2024-05-15 00:00:00')
 2 SYSTEMPATH\View\View.php(228): include('C:\\vscode\\ProjectSMT4WP\\Project-Web-Berita\\app\\Views\\Home\\singlePost.php')
 3 SYSTEMPATH\View\View.php(231): CodeIgniter\View\View->CodeIgniter\View\{closure}()
 4 SYSTEMPATH\Common.php(1178): CodeIgniter\View\View->render('/Home/singlePost', [], true)
 5 APPPATH\Controllers\Home.php(61): view('/Home/singlePost', [...])
 6 SYSTEMPATH\CodeIgniter.php(941): App\Controllers\Home->singlePost('37')
 7 SYSTEMPATH\CodeIgniter.php(502): CodeIgniter\CodeIgniter->runController(Object(App\Controllers\Home))
 8 SYSTEMPATH\CodeIgniter.php(361): CodeIgniter\CodeIgniter->handleRequest(null, Object(Config\Cache), false)
 9 FCPATH\index.php(79): CodeIgniter\CodeIgniter->run()
10 SYSTEMPATH\Commands\Server\rewrite.php(47): require_once('C:\\vscode\\ProjectSMT4WP\\Project-Web-Berita\\public\\index.php')
WARNING - 2024-06-05 06:16:22 --> [DEPRECATED] Function strftime() is deprecated in APPPATH\Helpers\my_function_helper.php on line 12.
 1 APPPATH\Views\Home\singlePost.php(47): formatTanggal('2024-05-15 00:00:00')
 2 SYSTEMPATH\View\View.php(228): include('C:\\vscode\\ProjectSMT4WP\\Project-Web-Berita\\app\\Views\\Home\\singlePost.php')
 3 SYSTEMPATH\View\View.php(231): CodeIgniter\View\View->CodeIgniter\View\{closure}()
 4 SYSTEMPATH\Common.php(1178): CodeIgniter\View\View->render('/Home/singlePost', [], true)
 5 APPPATH\Controllers\Home.php(61): view('/Home/singlePost', [...])
 6 SYSTEMPATH\CodeIgniter.php(941): App\Controllers\Home->singlePost('37')
 7 SYSTEMPATH\CodeIgniter.php(502): CodeIgniter\CodeIgniter->runController(Object(App\Controllers\Home))
 8 SYSTEMPATH\CodeIgniter.php(361): CodeIgniter\CodeIgniter->handleRequest(null, Object(Config\Cache), false)
 9 FCPATH\index.php(79): CodeIgniter\CodeIgniter->run()
10 SYSTEMPATH\Commands\Server\rewrite.php(47): require_once('C:\\vscode\\ProjectSMT4WP\\Project-Web-Berita\\public\\index.php')
WARNING - 2024-06-05 06:16:31 --> [DEPRECATED] Function strftime() is deprecated in APPPATH\Helpers\my_function_helper.php on line 12.
 1 APPPATH\Views\Home\singlePost.php(47): formatTanggal('2024-05-15 00:00:00')
 2 SYSTEMPATH\View\View.php(228): include('C:\\vscode\\ProjectSMT4WP\\Project-Web-Berita\\app\\Views\\Home\\singlePost.php')
 3 SYSTEMPATH\View\View.php(231): CodeIgniter\View\View->CodeIgniter\View\{closure}()
 4 SYSTEMPATH\Common.php(1178): CodeIgniter\View\View->render('/Home/singlePost', [], true)
 5 APPPATH\Controllers\Home.php(61): view('/Home/singlePost', [...])
 6 SYSTEMPATH\CodeIgniter.php(941): App\Controllers\Home->singlePost('37')
 7 SYSTEMPATH\CodeIgniter.php(502): CodeIgniter\CodeIgniter->runController(Object(App\Controllers\Home))
 8 SYSTEMPATH\CodeIgniter.php(361): CodeIgniter\CodeIgniter->handleRequest(null, Object(Config\Cache), false)
 9 FCPATH\index.php(79): CodeIgniter\CodeIgniter->run()
10 SYSTEMPATH\Commands\Server\rewrite.php(47): require_once('C:\\vscode\\ProjectSMT4WP\\Project-Web-Berita\\public\\index.php')
WARNING - 2024-06-05 06:16:35 --> [DEPRECATED] Function strftime() is deprecated in APPPATH\Helpers\my_function_helper.php on line 12.
 1 APPPATH\Views\Home\singlePost.php(47): formatTanggal('2024-05-15 00:00:00')
 2 SYSTEMPATH\View\View.php(228): include('C:\\vscode\\ProjectSMT4WP\\Project-Web-Berita\\app\\Views\\Home\\singlePost.php')
 3 SYSTEMPATH\View\View.php(231): CodeIgniter\View\View->CodeIgniter\View\{closure}()
 4 SYSTEMPATH\Common.php(1178): CodeIgniter\View\View->render('/Home/singlePost', [], true)
 5 APPPATH\Controllers\Home.php(61): view('/Home/singlePost', [...])
 6 SYSTEMPATH\CodeIgniter.php(941): App\Controllers\Home->singlePost('37')
 7 SYSTEMPATH\CodeIgniter.php(502): CodeIgniter\CodeIgniter->runController(Object(App\Controllers\Home))
 8 SYSTEMPATH\CodeIgniter.php(361): CodeIgniter\CodeIgniter->handleRequest(null, Object(Config\Cache), false)
 9 FCPATH\index.php(79): CodeIgniter\CodeIgniter->run()
10 SYSTEMPATH\Commands\Server\rewrite.php(47): require_once('C:\\vscode\\ProjectSMT4WP\\Project-Web-Berita\\public\\index.php')
WARNING - 2024-06-05 06:17:34 --> [DEPRECATED] Function strftime() is deprecated in APPPATH\Helpers\my_function_helper.php on line 12.
 1 APPPATH\Views\Home\singlePost.php(47): formatTanggal('2024-05-15 00:00:00')
 2 SYSTEMPATH\View\View.php(228): include('C:\\vscode\\ProjectSMT4WP\\Project-Web-Berita\\app\\Views\\Home\\singlePost.php')
 3 SYSTEMPATH\View\View.php(231): CodeIgniter\View\View->CodeIgniter\View\{closure}()
 4 SYSTEMPATH\Common.php(1178): CodeIgniter\View\View->render('/Home/singlePost', [], true)
 5 APPPATH\Controllers\Home.php(61): view('/Home/singlePost', [...])
 6 SYSTEMPATH\CodeIgniter.php(941): App\Controllers\Home->singlePost('37')
 7 SYSTEMPATH\CodeIgniter.php(502): CodeIgniter\CodeIgniter->runController(Object(App\Controllers\Home))
 8 SYSTEMPATH\CodeIgniter.php(361): CodeIgniter\CodeIgniter->handleRequest(null, Object(Config\Cache), false)
 9 FCPATH\index.php(79): CodeIgniter\CodeIgniter->run()
10 SYSTEMPATH\Commands\Server\rewrite.php(47): require_once('C:\\vscode\\ProjectSMT4WP\\Project-Web-Berita\\public\\index.php')
WARNING - 2024-06-05 06:17:45 --> [DEPRECATED] Function strftime() is deprecated in APPPATH\Helpers\my_function_helper.php on line 12.
 1 APPPATH\Views\Home\singlePost.php(47): formatTanggal('2024-05-15 00:00:00')
 2 SYSTEMPATH\View\View.php(228): include('C:\\vscode\\ProjectSMT4WP\\Project-Web-Berita\\app\\Views\\Home\\singlePost.php')
 3 SYSTEMPATH\View\View.php(231): CodeIgniter\View\View->CodeIgniter\View\{closure}()
 4 SYSTEMPATH\Common.php(1178): CodeIgniter\View\View->render('/Home/singlePost', [], true)
 5 APPPATH\Controllers\Home.php(61): view('/Home/singlePost', [...])
 6 SYSTEMPATH\CodeIgniter.php(941): App\Controllers\Home->singlePost('37')
 7 SYSTEMPATH\CodeIgniter.php(502): CodeIgniter\CodeIgniter->runController(Object(App\Controllers\Home))
 8 SYSTEMPATH\CodeIgniter.php(361): CodeIgniter\CodeIgniter->handleRequest(null, Object(Config\Cache), false)
 9 FCPATH\index.php(79): CodeIgniter\CodeIgniter->run()
10 SYSTEMPATH\Commands\Server\rewrite.php(47): require_once('C:\\vscode\\ProjectSMT4WP\\Project-Web-Berita\\public\\index.php')
WARNING - 2024-06-05 06:20:22 --> [DEPRECATED] Function strftime() is deprecated in APPPATH\Helpers\my_function_helper.php on line 12.
 1 APPPATH\Views\Home\singlePost.php(47): formatTanggal('2024-05-15 00:00:00')
 2 SYSTEMPATH\View\View.php(228): include('C:\\vscode\\ProjectSMT4WP\\Project-Web-Berita\\app\\Views\\Home\\singlePost.php')
 3 SYSTEMPATH\View\View.php(231): CodeIgniter\View\View->CodeIgniter\View\{closure}()
 4 SYSTEMPATH\Common.php(1178): CodeIgniter\View\View->render('/Home/singlePost', [], true)
 5 APPPATH\Controllers\Home.php(61): view('/Home/singlePost', [...])
 6 SYSTEMPATH\CodeIgniter.php(941): App\Controllers\Home->singlePost('37')
 7 SYSTEMPATH\CodeIgniter.php(502): CodeIgniter\CodeIgniter->runController(Object(App\Controllers\Home))
 8 SYSTEMPATH\CodeIgniter.php(361): CodeIgniter\CodeIgniter->handleRequest(null, Object(Config\Cache), false)
 9 FCPATH\index.php(79): CodeIgniter\CodeIgniter->run()
10 SYSTEMPATH\Commands\Server\rewrite.php(47): require_once('C:\\vscode\\ProjectSMT4WP\\Project-Web-Berita\\public\\index.php')
WARNING - 2024-06-05 06:20:32 --> [DEPRECATED] Function strftime() is deprecated in APPPATH\Helpers\my_function_helper.php on line 12.
 1 APPPATH\Views\Home\singlePost.php(47): formatTanggal('2024-05-15 00:00:00')
 2 SYSTEMPATH\View\View.php(228): include('C:\\vscode\\ProjectSMT4WP\\Project-Web-Berita\\app\\Views\\Home\\singlePost.php')
 3 SYSTEMPATH\View\View.php(231): CodeIgniter\View\View->CodeIgniter\View\{closure}()
 4 SYSTEMPATH\Common.php(1178): CodeIgniter\View\View->render('/Home/singlePost', [], true)
 5 APPPATH\Controllers\Home.php(61): view('/Home/singlePost', [...])
 6 SYSTEMPATH\CodeIgniter.php(941): App\Controllers\Home->singlePost('37')
 7 SYSTEMPATH\CodeIgniter.php(502): CodeIgniter\CodeIgniter->runController(Object(App\Controllers\Home))
 8 SYSTEMPATH\CodeIgniter.php(361): CodeIgniter\CodeIgniter->handleRequest(null, Object(Config\Cache), false)
 9 FCPATH\index.php(79): CodeIgniter\CodeIgniter->run()
10 SYSTEMPATH\Commands\Server\rewrite.php(47): require_once('C:\\vscode\\ProjectSMT4WP\\Project-Web-Berita\\public\\index.php')
WARNING - 2024-06-05 06:20:35 --> [DEPRECATED] Function strftime() is deprecated in APPPATH\Helpers\my_function_helper.php on line 12.
 1 APPPATH\Views\Home\singlePost.php(47): formatTanggal('2024-05-15 00:00:00')
 2 SYSTEMPATH\View\View.php(228): include('C:\\vscode\\ProjectSMT4WP\\Project-Web-Berita\\app\\Views\\Home\\singlePost.php')
 3 SYSTEMPATH\View\View.php(231): CodeIgniter\View\View->CodeIgniter\View\{closure}()
 4 SYSTEMPATH\Common.php(1178): CodeIgniter\View\View->render('/Home/singlePost', [], true)
 5 APPPATH\Controllers\Home.php(61): view('/Home/singlePost', [...])
 6 SYSTEMPATH\CodeIgniter.php(941): App\Controllers\Home->singlePost('37')
 7 SYSTEMPATH\CodeIgniter.php(502): CodeIgniter\CodeIgniter->runController(Object(App\Controllers\Home))
 8 SYSTEMPATH\CodeIgniter.php(361): CodeIgniter\CodeIgniter->handleRequest(null, Object(Config\Cache), false)
 9 FCPATH\index.php(79): CodeIgniter\CodeIgniter->run()
10 SYSTEMPATH\Commands\Server\rewrite.php(47): require_once('C:\\vscode\\ProjectSMT4WP\\Project-Web-Berita\\public\\index.php')
WARNING - 2024-06-05 06:20:45 --> [DEPRECATED] Function strftime() is deprecated in APPPATH\Helpers\my_function_helper.php on line 12.
 1 APPPATH\Views\Home\singlePost.php(47): formatTanggal('2024-05-15 00:00:00')
 2 SYSTEMPATH\View\View.php(228): include('C:\\vscode\\ProjectSMT4WP\\Project-Web-Berita\\app\\Views\\Home\\singlePost.php')
 3 SYSTEMPATH\View\View.php(231): CodeIgniter\View\View->CodeIgniter\View\{closure}()
 4 SYSTEMPATH\Common.php(1178): CodeIgniter\View\View->render('/Home/singlePost', [], true)
 5 APPPATH\Controllers\Home.php(61): view('/Home/singlePost', [...])
 6 SYSTEMPATH\CodeIgniter.php(941): App\Controllers\Home->singlePost('37')
 7 SYSTEMPATH\CodeIgniter.php(502): CodeIgniter\CodeIgniter->runController(Object(App\Controllers\Home))
 8 SYSTEMPATH\CodeIgniter.php(361): CodeIgniter\CodeIgniter->handleRequest(null, Object(Config\Cache), false)
 9 FCPATH\index.php(79): CodeIgniter\CodeIgniter->run()
10 SYSTEMPATH\Commands\Server\rewrite.php(47): require_once('C:\\vscode\\ProjectSMT4WP\\Project-Web-Berita\\public\\index.php')
WARNING - 2024-06-05 06:21:35 --> [DEPRECATED] Function strftime() is deprecated in APPPATH\Helpers\my_function_helper.php on line 12.
 1 APPPATH\Views\Home\singlePost.php(47): formatTanggal('2024-05-15 00:00:00')
 2 SYSTEMPATH\View\View.php(228): include('C:\\vscode\\ProjectSMT4WP\\Project-Web-Berita\\app\\Views\\Home\\singlePost.php')
 3 SYSTEMPATH\View\View.php(231): CodeIgniter\View\View->CodeIgniter\View\{closure}()
 4 SYSTEMPATH\Common.php(1178): CodeIgniter\View\View->render('/Home/singlePost', [], true)
 5 APPPATH\Controllers\Home.php(61): view('/Home/singlePost', [...])
 6 SYSTEMPATH\CodeIgniter.php(941): App\Controllers\Home->singlePost('37')
 7 SYSTEMPATH\CodeIgniter.php(502): CodeIgniter\CodeIgniter->runController(Object(App\Controllers\Home))
 8 SYSTEMPATH\CodeIgniter.php(361): CodeIgniter\CodeIgniter->handleRequest(null, Object(Config\Cache), false)
 9 FCPATH\index.php(79): CodeIgniter\CodeIgniter->run()
10 SYSTEMPATH\Commands\Server\rewrite.php(47): require_once('C:\\vscode\\ProjectSMT4WP\\Project-Web-Berita\\public\\index.php')
WARNING - 2024-06-05 06:21:46 --> [DEPRECATED] Function strftime() is deprecated in APPPATH\Helpers\my_function_helper.php on line 12.
 1 APPPATH\Views\Home\singlePost.php(47): formatTanggal('2024-05-15 00:00:00')
 2 SYSTEMPATH\View\View.php(228): include('C:\\vscode\\ProjectSMT4WP\\Project-Web-Berita\\app\\Views\\Home\\singlePost.php')
 3 SYSTEMPATH\View\View.php(231): CodeIgniter\View\View->CodeIgniter\View\{closure}()
 4 SYSTEMPATH\Common.php(1178): CodeIgniter\View\View->render('/Home/singlePost', [], true)
 5 APPPATH\Controllers\Home.php(61): view('/Home/singlePost', [...])
 6 SYSTEMPATH\CodeIgniter.php(941): App\Controllers\Home->singlePost('37')
 7 SYSTEMPATH\CodeIgniter.php(502): CodeIgniter\CodeIgniter->runController(Object(App\Controllers\Home))
 8 SYSTEMPATH\CodeIgniter.php(361): CodeIgniter\CodeIgniter->handleRequest(null, Object(Config\Cache), false)
 9 FCPATH\index.php(79): CodeIgniter\CodeIgniter->run()
10 SYSTEMPATH\Commands\Server\rewrite.php(47): require_once('C:\\vscode\\ProjectSMT4WP\\Project-Web-Berita\\public\\index.php')
WARNING - 2024-06-05 06:21:54 --> [DEPRECATED] Function strftime() is deprecated in APPPATH\Helpers\my_function_helper.php on line 12.
 1 APPPATH\Views\Home\singlePost.php(47): formatTanggal('2024-05-15 00:00:00')
 2 SYSTEMPATH\View\View.php(228): include('C:\\vscode\\ProjectSMT4WP\\Project-Web-Berita\\app\\Views\\Home\\singlePost.php')
 3 SYSTEMPATH\View\View.php(231): CodeIgniter\View\View->CodeIgniter\View\{closure}()
 4 SYSTEMPATH\Common.php(1178): CodeIgniter\View\View->render('/Home/singlePost', [], true)
 5 APPPATH\Controllers\Home.php(61): view('/Home/singlePost', [...])
 6 SYSTEMPATH\CodeIgniter.php(941): App\Controllers\Home->singlePost('37')
 7 SYSTEMPATH\CodeIgniter.php(502): CodeIgniter\CodeIgniter->runController(Object(App\Controllers\Home))
 8 SYSTEMPATH\CodeIgniter.php(361): CodeIgniter\CodeIgniter->handleRequest(null, Object(Config\Cache), false)
 9 FCPATH\index.php(79): CodeIgniter\CodeIgniter->run()
10 SYSTEMPATH\Commands\Server\rewrite.php(47): require_once('C:\\vscode\\ProjectSMT4WP\\Project-Web-Berita\\public\\index.php')
WARNING - 2024-06-05 06:32:03 --> [DEPRECATED] Function strftime() is deprecated in APPPATH\Helpers\my_function_helper.php on line 12.
 1 APPPATH\Views\Home\singlePost.php(47): formatTanggal('2024-05-15 00:00:00')
 2 SYSTEMPATH\View\View.php(228): include('C:\\vscode\\ProjectSMT4WP\\Project-Web-Berita\\app\\Views\\Home\\singlePost.php')
 3 SYSTEMPATH\View\View.php(231): CodeIgniter\View\View->CodeIgniter\View\{closure}()
 4 SYSTEMPATH\Common.php(1178): CodeIgniter\View\View->render('/Home/singlePost', [], true)
 5 APPPATH\Controllers\Home.php(61): view('/Home/singlePost', [...])
 6 SYSTEMPATH\CodeIgniter.php(941): App\Controllers\Home->singlePost('37')
 7 SYSTEMPATH\CodeIgniter.php(502): CodeIgniter\CodeIgniter->runController(Object(App\Controllers\Home))
 8 SYSTEMPATH\CodeIgniter.php(361): CodeIgniter\CodeIgniter->handleRequest(null, Object(Config\Cache), false)
 9 FCPATH\index.php(79): CodeIgniter\CodeIgniter->run()
10 SYSTEMPATH\Commands\Server\rewrite.php(47): require_once('C:\\vscode\\ProjectSMT4WP\\Project-Web-Berita\\public\\index.php')
WARNING - 2024-06-05 06:33:25 --> [DEPRECATED] Function strftime() is deprecated in APPPATH\Helpers\my_function_helper.php on line 12.
 1 APPPATH\Views\Home\singlePost.php(47): formatTanggal('2024-05-15 00:00:00')
 2 SYSTEMPATH\View\View.php(228): include('C:\\vscode\\ProjectSMT4WP\\Project-Web-Berita\\app\\Views\\Home\\singlePost.php')
 3 SYSTEMPATH\View\View.php(231): CodeIgniter\View\View->CodeIgniter\View\{closure}()
 4 SYSTEMPATH\Common.php(1178): CodeIgniter\View\View->render('/Home/singlePost', [], true)
 5 APPPATH\Controllers\Home.php(61): view('/Home/singlePost', [...])
 6 SYSTEMPATH\CodeIgniter.php(941): App\Controllers\Home->singlePost('37')
 7 SYSTEMPATH\CodeIgniter.php(502): CodeIgniter\CodeIgniter->runController(Object(App\Controllers\Home))
 8 SYSTEMPATH\CodeIgniter.php(361): CodeIgniter\CodeIgniter->handleRequest(null, Object(Config\Cache), false)
 9 FCPATH\index.php(79): CodeIgniter\CodeIgniter->run()
10 SYSTEMPATH\Commands\Server\rewrite.php(47): require_once('C:\\vscode\\ProjectSMT4WP\\Project-Web-Berita\\public\\index.php')
WARNING - 2024-06-05 06:33:41 --> [DEPRECATED] Function strftime() is deprecated in APPPATH\Helpers\my_function_helper.php on line 12.
 1 APPPATH\Views\Home\singlePost.php(47): formatTanggal('2024-04-27 00:00:00')
 2 SYSTEMPATH\View\View.php(228): include('C:\\vscode\\ProjectSMT4WP\\Project-Web-Berita\\app\\Views\\Home\\singlePost.php')
 3 SYSTEMPATH\View\View.php(231): CodeIgniter\View\View->CodeIgniter\View\{closure}()
 4 SYSTEMPATH\Common.php(1178): CodeIgniter\View\View->render('/Home/singlePost', [], true)
 5 APPPATH\Controllers\Home.php(61): view('/Home/singlePost', [...])
 6 SYSTEMPATH\CodeIgniter.php(941): App\Controllers\Home->singlePost('36')
 7 SYSTEMPATH\CodeIgniter.php(502): CodeIgniter\CodeIgniter->runController(Object(App\Controllers\Home))
 8 SYSTEMPATH\CodeIgniter.php(361): CodeIgniter\CodeIgniter->handleRequest(null, Object(Config\Cache), false)
 9 FCPATH\index.php(79): CodeIgniter\CodeIgniter->run()
10 SYSTEMPATH\Commands\Server\rewrite.php(47): require_once('C:\\vscode\\ProjectSMT4WP\\Project-Web-Berita\\public\\index.php')
INFO - 2024-06-05 06:34:14 --> Session: Class initialized using 'CodeIgniter\Session\Handlers\FileHandler' driver.
INFO - 2024-06-05 06:34:21 --> Session: Class initialized using 'CodeIgniter\Session\Handlers\FileHandler' driver.
INFO - 2024-06-05 06:34:22 --> Session: Class initialized using 'CodeIgniter\Session\Handlers\FileHandler' driver.
INFO - 2024-06-05 06:34:30 --> Session: Class initialized using 'CodeIgniter\Session\Handlers\FileHandler' driver.
INFO - 2024-06-05 06:35:42 --> Session: Class initialized using 'CodeIgniter\Session\Handlers\FileHandler' driver.
INFO - 2024-06-05 06:36:53 --> Session: Class initialized using 'CodeIgniter\Session\Handlers\FileHandler' driver.
INFO - 2024-06-05 06:36:53 --> Session: Class initialized using 'CodeIgniter\Session\Handlers\FileHandler' driver.
INFO - 2024-06-05 06:36:59 --> Session: Class initialized using 'CodeIgniter\Session\Handlers\FileHandler' driver.
INFO - 2024-06-05 06:37:00 --> Session: Class initialized using 'CodeIgniter\Session\Handlers\FileHandler' driver.
INFO - 2024-06-05 06:37:02 --> Session: Class initialized using 'CodeIgniter\Session\Handlers\FileHandler' driver.
INFO - 2024-06-05 06:37:20 --> Session: Class initialized using 'CodeIgniter\Session\Handlers\FileHandler' driver.
INFO - 2024-06-05 06:37:26 --> Session: Class initialized using 'CodeIgniter\Session\Handlers\FileHandler' driver.
INFO - 2024-06-05 06:37:26 --> Session: Class initialized using 'CodeIgniter\Session\Handlers\FileHandler' driver.
INFO - 2024-06-05 06:37:29 --> Session: Class initialized using 'CodeIgniter\Session\Handlers\FileHandler' driver.
INFO - 2024-06-05 06:37:39 --> Session: Class initialized using 'CodeIgniter\Session\Handlers\FileHandler' driver.
WARNING - 2024-06-05 06:37:39 --> [DEPRECATED] Function strftime() is deprecated in APPPATH\Helpers\my_function_helper.php on line 12.
 1 APPPATH\Views\Dashboard\Editor\preview_article.php(7): formatTanggal('2024-06-05 00:00:00')
 2 SYSTEMPATH\View\View.php(228): include('C:\\vscode\\ProjectSMT4WP\\Project-Web-Berita\\app\\Views\\Dashboard\\Editor\\preview_article.php')
 3 SYSTEMPATH\View\View.php(231): CodeIgniter\View\View->CodeIgniter\View\{closure}()
 4 SYSTEMPATH\Common.php(1178): CodeIgniter\View\View->render('Dashboard/Editor/preview_article', [], true)
 5 APPPATH\Controllers\Editor.php(44): view('Dashboard/Editor/preview_article', [...])
 6 SYSTEMPATH\CodeIgniter.php(941): App\Controllers\Editor->preview_article('49')
 7 SYSTEMPATH\CodeIgniter.php(502): CodeIgniter\CodeIgniter->runController(Object(App\Controllers\Editor))
 8 SYSTEMPATH\CodeIgniter.php(361): CodeIgniter\CodeIgniter->handleRequest(null, Object(Config\Cache), false)
 9 FCPATH\index.php(79): CodeIgniter\CodeIgniter->run()
10 SYSTEMPATH\Commands\Server\rewrite.php(47): require_once('C:\\vscode\\ProjectSMT4WP\\Project-Web-Berita\\public\\index.php')
INFO - 2024-06-05 06:37:45 --> Session: Class initialized using 'CodeIgniter\Session\Handlers\FileHandler' driver.
INFO - 2024-06-05 06:37:46 --> Session: Class initialized using 'CodeIgniter\Session\Handlers\FileHandler' driver.
INFO - 2024-06-05 06:37:52 --> Session: Class initialized using 'CodeIgniter\Session\Handlers\FileHandler' driver.
INFO - 2024-06-05 06:37:52 --> Session: Class initialized using 'CodeIgniter\Session\Handlers\FileHandler' driver.
INFO - 2024-06-05 06:37:54 --> Session: Class initialized using 'CodeIgniter\Session\Handlers\FileHandler' driver.
WARNING - 2024-06-05 06:38:08 --> [DEPRECATED] Function strftime() is deprecated in APPPATH\Helpers\my_function_helper.php on line 12.
 1 APPPATH\Views\Home\singlePost.php(47): formatTanggal('2024-06-05 00:00:00')
 2 SYSTEMPATH\View\View.php(228): include('C:\\vscode\\ProjectSMT4WP\\Project-Web-Berita\\app\\Views\\Home\\singlePost.php')
 3 SYSTEMPATH\View\View.php(231): CodeIgniter\View\View->CodeIgniter\View\{closure}()
 4 SYSTEMPATH\Common.php(1178): CodeIgniter\View\View->render('/Home/singlePost', [], true)
 5 APPPATH\Controllers\Home.php(61): view('/Home/singlePost', [...])
 6 SYSTEMPATH\CodeIgniter.php(941): App\Controllers\Home->singlePost('49')
 7 SYSTEMPATH\CodeIgniter.php(502): CodeIgniter\CodeIgniter->runController(Object(App\Controllers\Home))
 8 SYSTEMPATH\CodeIgniter.php(361): CodeIgniter\CodeIgniter->handleRequest(null, Object(Config\Cache), false)
 9 FCPATH\index.php(79): CodeIgniter\CodeIgniter->run()
10 SYSTEMPATH\Commands\Server\rewrite.php(47): require_once('C:\\vscode\\ProjectSMT4WP\\Project-Web-Berita\\public\\index.php')
WARNING - 2024-06-05 06:38:28 --> [DEPRECATED] Function strftime() is deprecated in APPPATH\Helpers\my_function_helper.php on line 12.
 1 APPPATH\Views\Home\singlePost.php(47): formatTanggal('2024-06-05 00:00:00')
 2 SYSTEMPATH\View\View.php(228): include('C:\\vscode\\ProjectSMT4WP\\Project-Web-Berita\\app\\Views\\Home\\singlePost.php')
 3 SYSTEMPATH\View\View.php(231): CodeIgniter\View\View->CodeIgniter\View\{closure}()
 4 SYSTEMPATH\Common.php(1178): CodeIgniter\View\View->render('/Home/singlePost', [], true)
 5 APPPATH\Controllers\Home.php(61): view('/Home/singlePost', [...])
 6 SYSTEMPATH\CodeIgniter.php(941): App\Controllers\Home->singlePost('49')
 7 SYSTEMPATH\CodeIgniter.php(502): CodeIgniter\CodeIgniter->runController(Object(App\Controllers\Home))
 8 SYSTEMPATH\CodeIgniter.php(361): CodeIgniter\CodeIgniter->handleRequest(null, Object(Config\Cache), false)
 9 FCPATH\index.php(79): CodeIgniter\CodeIgniter->run()
10 SYSTEMPATH\Commands\Server\rewrite.php(47): require_once('C:\\vscode\\ProjectSMT4WP\\Project-Web-Berita\\public\\index.php')
WARNING - 2024-06-05 06:39:33 --> [DEPRECATED] Function strftime() is deprecated in APPPATH\Helpers\my_function_helper.php on line 12.
 1 APPPATH\Views\Home\singlePost.php(47): formatTanggal('2024-05-15 00:00:00')
 2 SYSTEMPATH\View\View.php(228): include('C:\\vscode\\ProjectSMT4WP\\Project-Web-Berita\\app\\Views\\Home\\singlePost.php')
 3 SYSTEMPATH\View\View.php(231): CodeIgniter\View\View->CodeIgniter\View\{closure}()
 4 SYSTEMPATH\Common.php(1178): CodeIgniter\View\View->render('/Home/singlePost', [], true)
 5 APPPATH\Controllers\Home.php(61): view('/Home/singlePost', [...])
 6 SYSTEMPATH\CodeIgniter.php(941): App\Controllers\Home->singlePost('37')
 7 SYSTEMPATH\CodeIgniter.php(502): CodeIgniter\CodeIgniter->runController(Object(App\Controllers\Home))
 8 SYSTEMPATH\CodeIgniter.php(361): CodeIgniter\CodeIgniter->handleRequest(null, Object(Config\Cache), false)
 9 FCPATH\index.php(79): CodeIgniter\CodeIgniter->run()
10 SYSTEMPATH\Commands\Server\rewrite.php(47): require_once('C:\\vscode\\ProjectSMT4WP\\Project-Web-Berita\\public\\index.php')
WARNING - 2024-06-05 06:40:19 --> [DEPRECATED] Function strftime() is deprecated in APPPATH\Helpers\my_function_helper.php on line 12.
 1 APPPATH\Views\Home\singlePost.php(47): formatTanggal('2024-06-05 00:00:00')
 2 SYSTEMPATH\View\View.php(228): include('C:\\vscode\\ProjectSMT4WP\\Project-Web-Berita\\app\\Views\\Home\\singlePost.php')
 3 SYSTEMPATH\View\View.php(231): CodeIgniter\View\View->CodeIgniter\View\{closure}()
 4 SYSTEMPATH\Common.php(1178): CodeIgniter\View\View->render('/Home/singlePost', [], true)
 5 APPPATH\Controllers\Home.php(61): view('/Home/singlePost', [...])
 6 SYSTEMPATH\CodeIgniter.php(941): App\Controllers\Home->singlePost('49')
 7 SYSTEMPATH\CodeIgniter.php(502): CodeIgniter\CodeIgniter->runController(Object(App\Controllers\Home))
 8 SYSTEMPATH\CodeIgniter.php(361): CodeIgniter\CodeIgniter->handleRequest(null, Object(Config\Cache), false)
 9 FCPATH\index.php(79): CodeIgniter\CodeIgniter->run()
10 SYSTEMPATH\Commands\Server\rewrite.php(47): require_once('C:\\vscode\\ProjectSMT4WP\\Project-Web-Berita\\public\\index.php')
>>>>>>> 60200edb49f0e94c8d25d54cf2fbb55b5485ef4f
