INFO - 2024-03-23 08:46:51 --> Session: Class initialized using 'CodeIgniter\Session\Handlers\FileHandler' driver.
INFO - 2024-03-23 08:47:02 --> Session: Class initialized using 'CodeIgniter\Session\Handlers\FileHandler' driver.
INFO - 2024-03-23 08:47:12 --> Session: Class initialized using 'CodeIgniter\Session\Handlers\FileHandler' driver.
ERROR - 2024-03-23 08:47:16 --> Error connecting to the database: mysqli_sql_exception: No connection could be made because the target machine actively refused it in D:\2023\web-project-berita\Project-Web-Berita\vendor\codeigniter4\framework\system\Database\MySQLi\Connection.php:185
Stack trace:
#0 D:\2023\web-project-berita\Project-Web-Berita\vendor\codeigniter4\framework\system\Database\MySQLi\Connection.php(185): mysqli->real_connect('localhost', 'root', '', 'db_news', 3306, '', 0)
#1 D:\2023\web-project-berita\Project-Web-Berita\vendor\codeigniter4\framework\system\Database\BaseConnection.php(392): CodeIgniter\Database\MySQLi\Connection->connect(false)
#2 D:\2023\web-project-berita\Project-Web-Berita\vendor\codeigniter4\framework\system\Database\BaseConnection.php(575): CodeIgniter\Database\BaseConnection->initialize()
#3 D:\2023\web-project-berita\Project-Web-Berita\vendor\codeigniter4\framework\system\Database\BaseBuilder.php(1616): CodeIgniter\Database\BaseConnection->query('SELECT *\nFROM `...', Array, false)
#4 D:\2023\web-project-berita\Project-Web-Berita\app\Models\UserModel.php(29): CodeIgniter\Database\BaseBuilder->get()
#5 D:\2023\web-project-berita\Project-Web-Berita\app\Controllers\Accounts.php(34): App\Models\UserModel->getDataUsers('admin')
#6 D:\2023\web-project-berita\Project-Web-Berita\vendor\codeigniter4\framework\system\CodeIgniter.php(941): App\Controllers\Accounts->loginPost()
#7 D:\2023\web-project-berita\Project-Web-Berita\vendor\codeigniter4\framework\system\CodeIgniter.php(502): CodeIgniter\CodeIgniter->runController(Object(App\Controllers\Accounts))
#8 D:\2023\web-project-berita\Project-Web-Berita\vendor\codeigniter4\framework\system\CodeIgniter.php(361): CodeIgniter\CodeIgniter->handleRequest(NULL, Object(Config\Cache), false)
#9 D:\2023\web-project-berita\Project-Web-Berita\public\index.php(79): CodeIgniter\CodeIgniter->run()
#10 D:\2023\web-project-berita\Project-Web-Berita\vendor\codeigniter4\framework\system\Commands\Server\rewrite.php(47): require_once('D:\\2023\\web-pro...')
#11 {main}

Next CodeIgniter\Database\Exceptions\DatabaseException: No connection could be made because the target machine actively refused it in D:\2023\web-project-berita\Project-Web-Berita\vendor\codeigniter4\framework\system\Database\MySQLi\Connection.php:229
Stack trace:
#0 D:\2023\web-project-berita\Project-Web-Berita\vendor\codeigniter4\framework\system\Database\BaseConnection.php(392): CodeIgniter\Database\MySQLi\Connection->connect(false)
#1 D:\2023\web-project-berita\Project-Web-Berita\vendor\codeigniter4\framework\system\Database\BaseConnection.php(575): CodeIgniter\Database\BaseConnection->initialize()
#2 D:\2023\web-project-berita\Project-Web-Berita\vendor\codeigniter4\framework\system\Database\BaseBuilder.php(1616): CodeIgniter\Database\BaseConnection->query('SELECT *\nFROM `...', Array, false)
#3 D:\2023\web-project-berita\Project-Web-Berita\app\Models\UserModel.php(29): CodeIgniter\Database\BaseBuilder->get()
#4 D:\2023\web-project-berita\Project-Web-Berita\app\Controllers\Accounts.php(34): App\Models\UserModel->getDataUsers('admin')
#5 D:\2023\web-project-berita\Project-Web-Berita\vendor\codeigniter4\framework\system\CodeIgniter.php(941): App\Controllers\Accounts->loginPost()
#6 D:\2023\web-project-berita\Project-Web-Berita\vendor\codeigniter4\framework\system\CodeIgniter.php(502): CodeIgniter\CodeIgniter->runController(Object(App\Controllers\Accounts))
#7 D:\2023\web-project-berita\Project-Web-Berita\vendor\codeigniter4\framework\system\CodeIgniter.php(361): CodeIgniter\CodeIgniter->handleRequest(NULL, Object(Config\Cache), false)
#8 D:\2023\web-project-berita\Project-Web-Berita\public\index.php(79): CodeIgniter\CodeIgniter->run()
#9 D:\2023\web-project-berita\Project-Web-Berita\vendor\codeigniter4\framework\system\Commands\Server\rewrite.php(47): require_once('D:\\2023\\web-pro...')
#10 {main}
CRITICAL - 2024-03-23 08:47:16 --> CodeIgniter\Database\Exceptions\DatabaseException: Unable to connect to the database.
Main connection [MySQLi]: No connection could be made because the target machine actively refused it
in SYSTEMPATH\Database\BaseConnection.php on line 428.
 1 SYSTEMPATH\Database\BaseConnection.php(575): CodeIgniter\Database\BaseConnection->initialize()
 2 SYSTEMPATH\Database\BaseBuilder.php(1616): CodeIgniter\Database\BaseConnection->query('SELECT *
FROM `tbl_users`
WHERE `username` = :username:', [...], false)
 3 APPPATH\Models\UserModel.php(29): CodeIgniter\Database\BaseBuilder->get()
 4 APPPATH\Controllers\Accounts.php(34): App\Models\UserModel->getDataUsers('admin')
 5 SYSTEMPATH\CodeIgniter.php(941): App\Controllers\Accounts->loginPost()
 6 SYSTEMPATH\CodeIgniter.php(502): CodeIgniter\CodeIgniter->runController(Object(App\Controllers\Accounts))
 7 SYSTEMPATH\CodeIgniter.php(361): CodeIgniter\CodeIgniter->handleRequest(null, Object(Config\Cache), false)
 8 FCPATH\index.php(79): CodeIgniter\CodeIgniter->run()
 9 SYSTEMPATH\Commands\Server\rewrite.php(47): require_once('D:\\2023\\web-project-berita\\Project-Web-Berita\\public\\index.php')
INFO - 2024-03-23 08:47:31 --> Session: Class initialized using 'CodeIgniter\Session\Handlers\FileHandler' driver.
INFO - 2024-03-23 08:47:32 --> Session: Class initialized using 'CodeIgniter\Session\Handlers\FileHandler' driver.
INFO - 2024-03-23 08:47:37 --> Session: Class initialized using 'CodeIgniter\Session\Handlers\FileHandler' driver.
INFO - 2024-03-23 08:47:38 --> Session: Class initialized using 'CodeIgniter\Session\Handlers\FileHandler' driver.
INFO - 2024-03-23 08:47:41 --> Session: Class initialized using 'CodeIgniter\Session\Handlers\FileHandler' driver.
INFO - 2024-03-23 08:47:45 --> Session: Class initialized using 'CodeIgniter\Session\Handlers\FileHandler' driver.
INFO - 2024-03-23 08:47:53 --> Session: Class initialized using 'CodeIgniter\Session\Handlers\FileHandler' driver.
INFO - 2024-03-23 08:50:00 --> Session: Class initialized using 'CodeIgniter\Session\Handlers\FileHandler' driver.
INFO - 2024-03-23 08:50:01 --> Session: Class initialized using 'CodeIgniter\Session\Handlers\FileHandler' driver.
INFO - 2024-03-23 09:01:22 --> Session: Class initialized using 'CodeIgniter\Session\Handlers\FileHandler' driver.
INFO - 2024-03-23 09:01:26 --> Session: Class initialized using 'CodeIgniter\Session\Handlers\FileHandler' driver.
INFO - 2024-03-23 09:01:29 --> Session: Class initialized using 'CodeIgniter\Session\Handlers\FileHandler' driver.
INFO - 2024-03-23 09:01:32 --> Session: Class initialized using 'CodeIgniter\Session\Handlers\FileHandler' driver.
