INFO - 2024-03-31 00:27:27 --> Session: Class initialized using 'CodeIgniter\Session\Handlers\FileHandler' driver.
INFO - 2024-03-31 00:27:35 --> Session: Class initialized using 'CodeIgniter\Session\Handlers\FileHandler' driver.
INFO - 2024-03-31 00:27:40 --> Session: Class initialized using 'CodeIgniter\Session\Handlers\FileHandler' driver.
ERROR - 2024-03-31 00:27:44 --> Error connecting to the database: mysqli_sql_exception: No connection could be made because the target machine actively refused it in D:\2023\web-project-berita\Project-Web-Berita\vendor\codeigniter4\framework\system\Database\MySQLi\Connection.php:185
Stack trace:
#0 D:\2023\web-project-berita\Project-Web-Berita\vendor\codeigniter4\framework\system\Database\MySQLi\Connection.php(185): mysqli->real_connect('localhost', 'root', '', 'db_news', 3306, '', 0)
#1 D:\2023\web-project-berita\Project-Web-Berita\vendor\codeigniter4\framework\system\Database\BaseConnection.php(392): CodeIgniter\Database\MySQLi\Connection->connect(false)
#2 D:\2023\web-project-berita\Project-Web-Berita\vendor\codeigniter4\framework\system\Database\BaseConnection.php(575): CodeIgniter\Database\BaseConnection->initialize()
#3 D:\2023\web-project-berita\Project-Web-Berita\vendor\codeigniter4\framework\system\Database\BaseBuilder.php(1616): CodeIgniter\Database\BaseConnection->query('SELECT *\nFROM `...', Array, false)
#4 D:\2023\web-project-berita\Project-Web-Berita\app\Models\UserModel.php(29): CodeIgniter\Database\BaseBuilder->get()
#5 D:\2023\web-project-berita\Project-Web-Berita\app\Controllers\Accounts.php(34): App\Models\UserModel->getDataUsers('admin')
#6 D:\2023\web-project-berita\Project-Web-Berita\vendor\codeigniter4\framework\system\CodeIgniter.php(941): App\Controllers\Accounts->loginPost()
#7 D:\2023\web-project-berita\Project-Web-Berita\vendor\codeigniter4\framework\system\CodeIgniter.php(502): CodeIgniter\CodeIgniter->runController(Object(App\Controllers\Accounts))
#8 D:\2023\web-project-berita\Project-Web-Berita\vendor\codeigniter4\framework\system\CodeIgniter.php(361): CodeIgniter\CodeIgniter->handleRequest(NULL, Object(Config\Cache), false)
#9 D:\2023\web-project-berita\Project-Web-Berita\public\index.php(79): CodeIgniter\CodeIgniter->run()
#10 D:\2023\web-project-berita\Project-Web-Berita\vendor\codeigniter4\framework\system\Commands\Server\rewrite.php(47): require_once('D:\\2023\\web-pro...')
#11 {main}

Next CodeIgniter\Database\Exceptions\DatabaseException: No connection could be made because the target machine actively refused it in D:\2023\web-project-berita\Project-Web-Berita\vendor\codeigniter4\framework\system\Database\MySQLi\Connection.php:229
Stack trace:
#0 D:\2023\web-project-berita\Project-Web-Berita\vendor\codeigniter4\framework\system\Database\BaseConnection.php(392): CodeIgniter\Database\MySQLi\Connection->connect(false)
#1 D:\2023\web-project-berita\Project-Web-Berita\vendor\codeigniter4\framework\system\Database\BaseConnection.php(575): CodeIgniter\Database\BaseConnection->initialize()
#2 D:\2023\web-project-berita\Project-Web-Berita\vendor\codeigniter4\framework\system\Database\BaseBuilder.php(1616): CodeIgniter\Database\BaseConnection->query('SELECT *\nFROM `...', Array, false)
#3 D:\2023\web-project-berita\Project-Web-Berita\app\Models\UserModel.php(29): CodeIgniter\Database\BaseBuilder->get()
#4 D:\2023\web-project-berita\Project-Web-Berita\app\Controllers\Accounts.php(34): App\Models\UserModel->getDataUsers('admin')
#5 D:\2023\web-project-berita\Project-Web-Berita\vendor\codeigniter4\framework\system\CodeIgniter.php(941): App\Controllers\Accounts->loginPost()
#6 D:\2023\web-project-berita\Project-Web-Berita\vendor\codeigniter4\framework\system\CodeIgniter.php(502): CodeIgniter\CodeIgniter->runController(Object(App\Controllers\Accounts))
#7 D:\2023\web-project-berita\Project-Web-Berita\vendor\codeigniter4\framework\system\CodeIgniter.php(361): CodeIgniter\CodeIgniter->handleRequest(NULL, Object(Config\Cache), false)
#8 D:\2023\web-project-berita\Project-Web-Berita\public\index.php(79): CodeIgniter\CodeIgniter->run()
#9 D:\2023\web-project-berita\Project-Web-Berita\vendor\codeigniter4\framework\system\Commands\Server\rewrite.php(47): require_once('D:\\2023\\web-pro...')
#10 {main}
CRITICAL - 2024-03-31 00:27:44 --> CodeIgniter\Database\Exceptions\DatabaseException: Unable to connect to the database.
Main connection [MySQLi]: No connection could be made because the target machine actively refused it
in SYSTEMPATH\Database\BaseConnection.php on line 428.
 1 SYSTEMPATH\Database\BaseConnection.php(575): CodeIgniter\Database\BaseConnection->initialize()
 2 SYSTEMPATH\Database\BaseBuilder.php(1616): CodeIgniter\Database\BaseConnection->query('SELECT *
FROM `tbl_users`
WHERE `username` = :username:', [...], false)
 3 APPPATH\Models\UserModel.php(29): CodeIgniter\Database\BaseBuilder->get()
 4 APPPATH\Controllers\Accounts.php(34): App\Models\UserModel->getDataUsers('admin')
 5 SYSTEMPATH\CodeIgniter.php(941): App\Controllers\Accounts->loginPost()
 6 SYSTEMPATH\CodeIgniter.php(502): CodeIgniter\CodeIgniter->runController(Object(App\Controllers\Accounts))
 7 SYSTEMPATH\CodeIgniter.php(361): CodeIgniter\CodeIgniter->handleRequest(null, Object(Config\Cache), false)
 8 FCPATH\index.php(79): CodeIgniter\CodeIgniter->run()
 9 SYSTEMPATH\Commands\Server\rewrite.php(47): require_once('D:\\2023\\web-project-berita\\Project-Web-Berita\\public\\index.php')
INFO - 2024-03-31 00:27:59 --> Session: Class initialized using 'CodeIgniter\Session\Handlers\FileHandler' driver.
INFO - 2024-03-31 00:27:59 --> Session: Class initialized using 'CodeIgniter\Session\Handlers\FileHandler' driver.
INFO - 2024-03-31 00:28:05 --> Session: Class initialized using 'CodeIgniter\Session\Handlers\FileHandler' driver.
INFO - 2024-03-31 00:28:05 --> Session: Class initialized using 'CodeIgniter\Session\Handlers\FileHandler' driver.
INFO - 2024-03-31 00:28:13 --> Session: Class initialized using 'CodeIgniter\Session\Handlers\FileHandler' driver.
INFO - 2024-03-31 00:28:14 --> Session: Class initialized using 'CodeIgniter\Session\Handlers\FileHandler' driver.
INFO - 2024-03-31 00:28:17 --> Session: Class initialized using 'CodeIgniter\Session\Handlers\FileHandler' driver.
INFO - 2024-03-31 00:28:27 --> Session: Class initialized using 'CodeIgniter\Session\Handlers\FileHandler' driver.
INFO - 2024-03-31 00:28:27 --> Session: Class initialized using 'CodeIgniter\Session\Handlers\FileHandler' driver.
INFO - 2024-03-31 00:30:02 --> Session: Class initialized using 'CodeIgniter\Session\Handlers\FileHandler' driver.
INFO - 2024-03-31 00:30:02 --> Session: Class initialized using 'CodeIgniter\Session\Handlers\FileHandler' driver.
INFO - 2024-03-31 00:30:10 --> Session: Class initialized using 'CodeIgniter\Session\Handlers\FileHandler' driver.
INFO - 2024-03-31 00:30:10 --> Session: Class initialized using 'CodeIgniter\Session\Handlers\FileHandler' driver.
INFO - 2024-03-31 00:30:13 --> Session: Class initialized using 'CodeIgniter\Session\Handlers\FileHandler' driver.
INFO - 2024-03-31 00:30:15 --> Session: Class initialized using 'CodeIgniter\Session\Handlers\FileHandler' driver.
INFO - 2024-03-31 00:30:21 --> Session: Class initialized using 'CodeIgniter\Session\Handlers\FileHandler' driver.
INFO - 2024-03-31 00:30:41 --> Session: Class initialized using 'CodeIgniter\Session\Handlers\FileHandler' driver.
INFO - 2024-03-31 03:10:48 --> Session: Class initialized using 'CodeIgniter\Session\Handlers\FileHandler' driver.
INFO - 2024-03-31 03:11:10 --> Session: Class initialized using 'CodeIgniter\Session\Handlers\FileHandler' driver.
INFO - 2024-03-31 03:11:17 --> Session: Class initialized using 'CodeIgniter\Session\Handlers\FileHandler' driver.
INFO - 2024-03-31 03:11:17 --> Session: Class initialized using 'CodeIgniter\Session\Handlers\FileHandler' driver.
INFO - 2024-03-31 03:11:23 --> Session: Class initialized using 'CodeIgniter\Session\Handlers\FileHandler' driver.
INFO - 2024-03-31 03:11:25 --> Session: Class initialized using 'CodeIgniter\Session\Handlers\FileHandler' driver.
CRITICAL - 2024-03-31 03:11:25 --> TypeError: method_exists(): Argument #1 ($object_or_class) must be of type object|string, null given
in SYSTEMPATH\Model.php on line 867.
 1 SYSTEMPATH\Model.php(867): method_exists(null, 'getDataArticles')
 2 APPPATH\Controllers\Author.php(55): CodeIgniter\Model->__call('getDataArticles', [])
 3 SYSTEMPATH\CodeIgniter.php(941): App\Controllers\Author->article()
 4 SYSTEMPATH\CodeIgniter.php(502): CodeIgniter\CodeIgniter->runController(Object(App\Controllers\Author))
 5 SYSTEMPATH\CodeIgniter.php(361): CodeIgniter\CodeIgniter->handleRequest(null, Object(Config\Cache), false)
 6 FCPATH\index.php(79): CodeIgniter\CodeIgniter->run()
 7 SYSTEMPATH\Commands\Server\rewrite.php(47): require_once('D:\\2023\\web-project-berita\\Project-Web-Berita\\public\\index.php')
INFO - 2024-03-31 03:11:29 --> Session: Class initialized using 'CodeIgniter\Session\Handlers\FileHandler' driver.
INFO - 2024-03-31 03:11:31 --> Session: Class initialized using 'CodeIgniter\Session\Handlers\FileHandler' driver.
CRITICAL - 2024-03-31 03:11:31 --> TypeError: method_exists(): Argument #1 ($object_or_class) must be of type object|string, null given
in SYSTEMPATH\Model.php on line 867.
 1 SYSTEMPATH\Model.php(867): method_exists(null, 'getDataArticles')
 2 APPPATH\Controllers\Author.php(55): CodeIgniter\Model->__call('getDataArticles', [])
 3 SYSTEMPATH\CodeIgniter.php(941): App\Controllers\Author->article()
 4 SYSTEMPATH\CodeIgniter.php(502): CodeIgniter\CodeIgniter->runController(Object(App\Controllers\Author))
 5 SYSTEMPATH\CodeIgniter.php(361): CodeIgniter\CodeIgniter->handleRequest(null, Object(Config\Cache), false)
 6 FCPATH\index.php(79): CodeIgniter\CodeIgniter->run()
 7 SYSTEMPATH\Commands\Server\rewrite.php(47): require_once('D:\\2023\\web-project-berita\\Project-Web-Berita\\public\\index.php')
INFO - 2024-03-31 03:11:54 --> Session: Class initialized using 'CodeIgniter\Session\Handlers\FileHandler' driver.
CRITICAL - 2024-03-31 03:11:54 --> TypeError: method_exists(): Argument #1 ($object_or_class) must be of type object|string, null given
in SYSTEMPATH\Model.php on line 867.
 1 SYSTEMPATH\Model.php(867): method_exists(null, 'getDataArticles')
 2 APPPATH\Controllers\Author.php(55): CodeIgniter\Model->__call('getDataArticles', [])
 3 SYSTEMPATH\CodeIgniter.php(941): App\Controllers\Author->article()
 4 SYSTEMPATH\CodeIgniter.php(502): CodeIgniter\CodeIgniter->runController(Object(App\Controllers\Author))
 5 SYSTEMPATH\CodeIgniter.php(361): CodeIgniter\CodeIgniter->handleRequest(null, Object(Config\Cache), false)
 6 FCPATH\index.php(79): CodeIgniter\CodeIgniter->run()
 7 SYSTEMPATH\Commands\Server\rewrite.php(47): require_once('D:\\2023\\web-project-berita\\Project-Web-Berita\\public\\index.php')
INFO - 2024-03-31 03:12:36 --> Session: Class initialized using 'CodeIgniter\Session\Handlers\FileHandler' driver.
CRITICAL - 2024-03-31 03:12:36 --> TypeError: method_exists(): Argument #1 ($object_or_class) must be of type object|string, null given
in SYSTEMPATH\Model.php on line 867.
 1 SYSTEMPATH\Model.php(867): method_exists(null, 'getDataArticles')
 2 APPPATH\Controllers\Author.php(55): CodeIgniter\Model->__call('getDataArticles', [])
 3 SYSTEMPATH\CodeIgniter.php(941): App\Controllers\Author->article()
 4 SYSTEMPATH\CodeIgniter.php(502): CodeIgniter\CodeIgniter->runController(Object(App\Controllers\Author))
 5 SYSTEMPATH\CodeIgniter.php(361): CodeIgniter\CodeIgniter->handleRequest(null, Object(Config\Cache), false)
 6 FCPATH\index.php(79): CodeIgniter\CodeIgniter->run()
 7 SYSTEMPATH\Commands\Server\rewrite.php(47): require_once('D:\\2023\\web-project-berita\\Project-Web-Berita\\public\\index.php')
INFO - 2024-03-31 03:13:47 --> Session: Class initialized using 'CodeIgniter\Session\Handlers\FileHandler' driver.
CRITICAL - 2024-03-31 03:13:47 --> TypeError: method_exists(): Argument #1 ($object_or_class) must be of type object|string, null given
in SYSTEMPATH\Model.php on line 867.
 1 SYSTEMPATH\Model.php(867): method_exists(null, 'getDataArticles')
 2 APPPATH\Controllers\Author.php(55): CodeIgniter\Model->__call('getDataArticles', [])
 3 SYSTEMPATH\CodeIgniter.php(941): App\Controllers\Author->article()
 4 SYSTEMPATH\CodeIgniter.php(502): CodeIgniter\CodeIgniter->runController(Object(App\Controllers\Author))
 5 SYSTEMPATH\CodeIgniter.php(361): CodeIgniter\CodeIgniter->handleRequest(null, Object(Config\Cache), false)
 6 FCPATH\index.php(79): CodeIgniter\CodeIgniter->run()
 7 SYSTEMPATH\Commands\Server\rewrite.php(47): require_once('D:\\2023\\web-project-berita\\Project-Web-Berita\\public\\index.php')
INFO - 2024-03-31 03:14:38 --> Session: Class initialized using 'CodeIgniter\Session\Handlers\FileHandler' driver.
CRITICAL - 2024-03-31 03:14:38 --> ErrorException: Undefined array key "name"
in APPPATH\Views\Dashboard\Author\articles\article.php on line 27.
 1 APPPATH\Views\Dashboard\Author\articles\article.php(27): CodeIgniter\Debug\Exceptions->errorHandler(2, 'Undefined array key "name"', 'D:\\2023\\web-project-berita\\Project-Web-Berita\\app\\Views\\Dashboard\\Author\\articles\\article.php', 27)
 2 SYSTEMPATH\View\View.php(228): include('D:\\2023\\web-project-berita\\Project-Web-Berita\\app\\Views\\Dashboard\\Author\\articles\\article.php')
 3 SYSTEMPATH\View\View.php(231): CodeIgniter\View\View->CodeIgniter\View\{closure}()
 4 SYSTEMPATH\Common.php(1178): CodeIgniter\View\View->render('/Dashboard/Author/articles/article', [], true)
 5 APPPATH\Controllers\Author.php(58): view('/Dashboard/Author/articles/article', [...])
 6 SYSTEMPATH\CodeIgniter.php(941): App\Controllers\Author->article()
 7 SYSTEMPATH\CodeIgniter.php(502): CodeIgniter\CodeIgniter->runController(Object(App\Controllers\Author))
 8 SYSTEMPATH\CodeIgniter.php(361): CodeIgniter\CodeIgniter->handleRequest(null, Object(Config\Cache), false)
 9 FCPATH\index.php(79): CodeIgniter\CodeIgniter->run()
10 SYSTEMPATH\Commands\Server\rewrite.php(47): require_once('D:\\2023\\web-project-berita\\Project-Web-Berita\\public\\index.php')
INFO - 2024-03-31 03:14:53 --> Session: Class initialized using 'CodeIgniter\Session\Handlers\FileHandler' driver.
INFO - 2024-03-31 03:15:19 --> Session: Class initialized using 'CodeIgniter\Session\Handlers\FileHandler' driver.
INFO - 2024-03-31 03:15:34 --> Session: Class initialized using 'CodeIgniter\Session\Handlers\FileHandler' driver.
INFO - 2024-03-31 03:16:08 --> Session: Class initialized using 'CodeIgniter\Session\Handlers\FileHandler' driver.
INFO - 2024-03-31 03:17:20 --> Session: Class initialized using 'CodeIgniter\Session\Handlers\FileHandler' driver.
INFO - 2024-03-31 03:17:53 --> Session: Class initialized using 'CodeIgniter\Session\Handlers\FileHandler' driver.
INFO - 2024-03-31 03:18:38 --> Session: Class initialized using 'CodeIgniter\Session\Handlers\FileHandler' driver.
INFO - 2024-03-31 03:19:30 --> Session: Class initialized using 'CodeIgniter\Session\Handlers\FileHandler' driver.
